{"total": {"lines":{"total":5684,"covered":146,"skipped":0,"pct":2.56},"statements":{"total":6044,"covered":152,"skipped":0,"pct":2.51},"functions":{"total":356,"covered":13,"skipped":0,"pct":3.65},"branches":{"total":3211,"covered":63,"skipped":0,"pct":1.96},"branchesTrue":{"total":0,"covered":0,"skipped":0,"pct":100}}
,"/home/virtualvasu/c4gt/week11/socialcalc-modernized-v2/src/js/core/constants.js": {"lines":{"total":14,"covered":0,"skipped":0,"pct":0},"functions":{"total":1,"covered":0,"skipped":0,"pct":0},"statements":{"total":15,"covered":0,"skipped":0,"pct":0},"branches":{"total":13,"covered":0,"skipped":0,"pct":0}}
,"/home/virtualvasu/c4gt/week11/socialcalc-modernized-v2/src/js/core/number-formatter.js": {"lines":{"total":535,"covered":0,"skipped":0,"pct":0},"functions":{"total":6,"covered":0,"skipped":0,"pct":0},"statements":{"total":552,"covered":0,"skipped":0,"pct":0},"branches":{"total":383,"covered":0,"skipped":0,"pct":0}}
,"/home/virtualvasu/c4gt/week11/socialcalc-modernized-v2/src/js/network/updater.js": {"lines":{"total":90,"covered":0,"skipped":0,"pct":0},"functions":{"total":19,"covered":0,"skipped":0,"pct":0},"statements":{"total":100,"covered":0,"skipped":0,"pct":0},"branches":{"total":49,"covered":0,"skipped":0,"pct":0}}
,"/home/virtualvasu/c4gt/week11/socialcalc-modernized-v2/src/js/ui/popup-manager.js": {"lines":{"total":737,"covered":0,"skipped":0,"pct":0},"functions":{"total":60,"covered":0,"skipped":0,"pct":0},"statements":{"total":767,"covered":0,"skipped":0,"pct":0},"branches":{"total":273,"covered":0,"skipped":0,"pct":0}}
,"/home/virtualvasu/c4gt/week11/socialcalc-modernized-v2/src/js/ui/table-editor.js": {"lines":{"total":3232,"covered":0,"skipped":0,"pct":0},"functions":{"total":189,"covered":0,"skipped":0,"pct":0},"statements":{"total":3490,"covered":0,"skipped":0,"pct":0},"branches":{"total":1974,"covered":0,"skipped":0,"pct":0}}
,"/home/virtualvasu/c4gt/week11/socialcalc-modernized-v2/src/js/ui/touch-interface.js": {"lines":{"total":140,"covered":0,"skipped":0,"pct":0},"functions":{"total":14,"covered":0,"skipped":0,"pct":0},"statements":{"total":142,"covered":0,"skipped":0,"pct":0},"branches":{"total":88,"covered":0,"skipped":0,"pct":0}}
,"/home/virtualvasu/c4gt/week11/socialcalc-modernized-v2/src/js/visualization/graph-manager.js": {"lines":{"total":568,"covered":0,"skipped":0,"pct":0},"functions":{"total":22,"covered":0,"skipped":0,"pct":0},"statements":{"total":604,"covered":0,"skipped":0,"pct":0},"branches":{"total":293,"covered":0,"skipped":0,"pct":0}}
,"/home/virtualvasu/c4gt/week11/socialcalc-modernized-v2/src/js/visualization/image-handler.js": {"lines":{"total":151,"covered":146,"skipped":0,"pct":96.68},"functions":{"total":15,"covered":13,"skipped":0,"pct":86.66},"statements":{"total":157,"covered":152,"skipped":0,"pct":96.81},"branches":{"total":71,"covered":63,"skipped":0,"pct":88.73}}
,"/home/virtualvasu/c4gt/week11/socialcalc-modernized-v2/src/js/workbook/workbook.js": {"lines":{"total":217,"covered":0,"skipped":0,"pct":0},"functions":{"total":30,"covered":0,"skipped":0,"pct":0},"statements":{"total":217,"covered":0,"skipped":0,"pct":0},"branches":{"total":67,"covered":0,"skipped":0,"pct":0}}
}
