{"total": {"lines":{"total":5559,"covered":0,"skipped":0,"pct":0},"statements":{"total":5976,"covered":0,"skipped":0,"pct":0},"functions":{"total":341,"covered":0,"skipped":0,"pct":0},"branches":{"total":3142,"covered":0,"skipped":0,"pct":0},"branchesTrue":{"total":0,"covered":0,"skipped":0,"pct":100}}
,"/home/virtu/c4gt/c4gt-20250728T155154Z-1-001/c4gt/src/js/core/constants.js": {"lines":{"total":14,"covered":0,"skipped":0,"pct":0},"functions":{"total":1,"covered":0,"skipped":0,"pct":0},"statements":{"total":15,"covered":0,"skipped":0,"pct":0},"branches":{"total":13,"covered":0,"skipped":0,"pct":0}}
,"/home/virtu/c4gt/c4gt-20250728T155154Z-1-001/c4gt/src/js/core/number-formatter.js": {"lines":{"total":531,"covered":0,"skipped":0,"pct":0},"functions":{"total":6,"covered":0,"skipped":0,"pct":0},"statements":{"total":552,"covered":0,"skipped":0,"pct":0},"branches":{"total":383,"covered":0,"skipped":0,"pct":0}}
,"/home/virtu/c4gt/c4gt-20250728T155154Z-1-001/c4gt/src/js/network/updater.js": {"lines":{"total":90,"covered":0,"skipped":0,"pct":0},"functions":{"total":19,"covered":0,"skipped":0,"pct":0},"statements":{"total":100,"covered":0,"skipped":0,"pct":0},"branches":{"total":49,"covered":0,"skipped":0,"pct":0}}
,"/home/virtu/c4gt/c4gt-20250728T155154Z-1-001/c4gt/src/js/ui/popup-manager.js": {"lines":{"total":763,"covered":0,"skipped":0,"pct":0},"functions":{"total":59,"covered":0,"skipped":0,"pct":0},"statements":{"total":794,"covered":0,"skipped":0,"pct":0},"branches":{"total":284,"covered":0,"skipped":0,"pct":0}}
,"/home/virtu/c4gt/c4gt-20250728T155154Z-1-001/c4gt/src/js/ui/table-editor.js": {"lines":{"total":3176,"covered":0,"skipped":0,"pct":0},"functions":{"total":189,"covered":0,"skipped":0,"pct":0},"statements":{"total":3489,"covered":0,"skipped":0,"pct":0},"branches":{"total":1974,"covered":0,"skipped":0,"pct":0}}
,"/home/virtu/c4gt/c4gt-20250728T155154Z-1-001/c4gt/src/js/ui/touch-interface.js": {"lines":{"total":123,"covered":0,"skipped":0,"pct":0},"functions":{"total":13,"covered":0,"skipped":0,"pct":0},"statements":{"total":125,"covered":0,"skipped":0,"pct":0},"branches":{"total":71,"covered":0,"skipped":0,"pct":0}}
,"/home/virtu/c4gt/c4gt-20250728T155154Z-1-001/c4gt/src/js/visualization/graph-manager.js": {"lines":{"total":557,"covered":0,"skipped":0,"pct":0},"functions":{"total":13,"covered":0,"skipped":0,"pct":0},"statements":{"total":585,"covered":0,"skipped":0,"pct":0},"branches":{"total":293,"covered":0,"skipped":0,"pct":0}}
,"/home/virtu/c4gt/c4gt-20250728T155154Z-1-001/c4gt/src/js/visualization/image-handler.js": {"lines":{"total":99,"covered":0,"skipped":0,"pct":0},"functions":{"total":11,"covered":0,"skipped":0,"pct":0},"statements":{"total":100,"covered":0,"skipped":0,"pct":0},"branches":{"total":14,"covered":0,"skipped":0,"pct":0}}
,"/home/virtu/c4gt/c4gt-20250728T155154Z-1-001/c4gt/src/js/workbook/workbook.js": {"lines":{"total":206,"covered":0,"skipped":0,"pct":0},"functions":{"total":30,"covered":0,"skipped":0,"pct":0},"statements":{"total":216,"covered":0,"skipped":0,"pct":0},"branches":{"total":61,"covered":0,"skipped":0,"pct":0}}
}
