TN:
SF:src/js/core/constants.js
FN:818,(anonymous_0)
FNF:1
FNH:0
FNDA:0,(anonymous_0)
DA:34,0
DA:75,0
DA:775,0
DA:818,0
DA:819,0
DA:820,0
DA:822,0
DA:823,0
DA:824,0
DA:825,0
DA:826,0
DA:828,0
DA:829,0
DA:830,0
LF:14
LH:0
BRDA:34,0,0,0
BRDA:34,0,1,0
BRDA:818,1,0,0
BRDA:823,2,0,0
BRDA:823,2,1,0
BRDA:824,3,0,0
BRDA:824,3,1,0
BRDA:825,4,0,0
BRDA:825,4,1,0
BRDA:828,5,0,0
BRDA:828,5,1,0
BRDA:829,6,0,0
BRDA:829,6,1,0
BRF:13
BRH:0
end_of_record
TN:
SF:src/js/core/number-formatter.js
FN:147,(anonymous_0)
FN:660,(anonymous_1)
FN:897,(anonymous_2)
FN:966,(anonymous_3)
FN:994,(anonymous_4)
FN:1013,(anonymous_5)
FNF:6
FNH:0
FNDA:0,(anonymous_0)
FNDA:0,(anonymous_1)
FNDA:0,(anonymous_2)
FNDA:0,(anonymous_3)
FNDA:0,(anonymous_4)
FNDA:0,(anonymous_5)
DA:35,0
DA:43,0
DA:49,0
DA:60,0
DA:61,0
DA:66,0
DA:70,0
DA:77,0
DA:81,0
DA:89,0
DA:103,0
DA:116,0
DA:134,0
DA:147,0
DA:148,0
DA:149,0
DA:156,0
DA:164,0
DA:165,0
DA:166,0
DA:169,0
DA:170,0
DA:171,0
DA:173,0
DA:175,0
DA:176,0
DA:178,0
DA:180,0
DA:182,0
DA:183,0
DA:184,0
DA:185,0
DA:186,0
DA:187,0
DA:188,0
DA:189,0
DA:190,0
DA:191,0
DA:192,0
DA:193,0
DA:195,0
DA:197,0
DA:198,0
DA:199,0
DA:201,0
DA:202,0
DA:203,0
DA:205,0
DA:206,0
DA:207,0
DA:208,0
DA:209,0
DA:215,0
DA:217,0
DA:221,0
DA:222,0
DA:223,0
DA:224,0
DA:225,0
DA:228,0
DA:231,0
DA:232,0
DA:233,0
DA:234,0
DA:236,0
DA:237,0
DA:240,0
DA:245,0
DA:247,0
DA:248,0
DA:249,0
DA:252,0
DA:253,0
DA:254,0
DA:258,0
DA:259,0
DA:260,0
DA:262,0
DA:263,0
DA:265,0
DA:266,0
DA:268,0
DA:273,0
DA:274,0
DA:277,0
DA:278,0
DA:281,0
DA:282,0
DA:283,0
DA:284,0
DA:285,0
DA:286,0
DA:288,0
DA:289,0
DA:290,0
DA:292,0
DA:293,0
DA:294,0
DA:295,0
DA:296,0
DA:297,0
DA:298,0
DA:299,0
DA:300,0
DA:301,0
DA:302,0
DA:304,0
DA:305,0
DA:306,0
DA:307,0
DA:308,0
DA:309,0
DA:310,0
DA:311,0
DA:312,0
DA:313,0
DA:314,0
DA:315,0
DA:316,0
DA:320,0
DA:321,0
DA:323,0
DA:325,0
DA:326,0
DA:327,0
DA:328,0
DA:329,0
DA:330,0
DA:331,0
DA:332,0
DA:333,0
DA:334,0
DA:335,0
DA:336,0
DA:339,0
DA:341,0
DA:342,0
DA:344,0
DA:345,0
DA:347,0
DA:348,0
DA:351,0
DA:354,0
DA:355,0
DA:358,0
DA:359,0
DA:360,0
DA:361,0
DA:362,0
DA:363,0
DA:364,0
DA:365,0
DA:366,0
DA:368,0
DA:369,0
DA:372,0
DA:375,0
DA:376,0
DA:381,0
DA:382,0
DA:383,0
DA:384,0
DA:385,0
DA:386,0
DA:387,0
DA:388,0
DA:389,0
DA:391,0
DA:393,0
DA:394,0
DA:396,0
DA:397,0
DA:400,0
DA:401,0
DA:404,0
DA:405,0
DA:408,0
DA:409,0
DA:410,0
DA:411,0
DA:413,0
DA:414,0
DA:415,0
DA:416,0
DA:417,0
DA:418,0
DA:419,0
DA:420,0
DA:421,0
DA:427,0
DA:429,0
DA:430,0
DA:431,0
DA:432,0
DA:433,0
DA:434,0
DA:440,0
DA:441,0
DA:442,0
DA:443,0
DA:444,0
DA:447,0
DA:450,0
DA:451,0
DA:452,0
DA:453,0
DA:457,0
DA:459,0
DA:462,0
DA:463,0
DA:464,0
DA:465,0
DA:467,0
DA:470,0
DA:471,0
DA:472,0
DA:473,0
DA:475,0
DA:478,0
DA:482,0
DA:483,0
DA:484,0
DA:485,0
DA:486,0
DA:488,0
DA:489,0
DA:491,0
DA:492,0
DA:493,0
DA:494,0
DA:496,0
DA:497,0
DA:498,0
DA:499,0
DA:500,0
DA:501,0
DA:502,0
DA:503,0
DA:504,0
DA:505,0
DA:506,0
DA:507,0
DA:508,0
DA:509,0
DA:515,0
DA:517,0
DA:518,0
DA:519,0
DA:520,0
DA:524,0
DA:525,0
DA:526,0
DA:527,0
DA:529,0
DA:530,0
DA:532,0
DA:533,0
DA:535,0
DA:536,0
DA:537,0
DA:539,0
DA:540,0
DA:541,0
DA:543,0
DA:544,0
DA:545,0
DA:547,0
DA:548,0
DA:550,0
DA:551,0
DA:552,0
DA:554,0
DA:555,0
DA:557,0
DA:558,0
DA:560,0
DA:561,0
DA:563,0
DA:564,0
DA:566,0
DA:567,0
DA:569,0
DA:570,0
DA:571,0
DA:573,0
DA:574,0
DA:575,0
DA:576,0
DA:579,0
DA:582,0
DA:583,0
DA:585,0
DA:586,0
DA:588,0
DA:589,0
DA:590,0
DA:592,0
DA:593,0
DA:594,0
DA:596,0
DA:597,0
DA:598,0
DA:600,0
DA:601,0
DA:603,0
DA:604,0
DA:605,0
DA:606,0
DA:609,0
DA:610,0
DA:614,0
DA:615,0
DA:618,0
DA:619,0
DA:623,0
DA:627,0
DA:628,0
DA:630,0
DA:631,0
DA:634,0
DA:660,0
DA:662,0
DA:665,0
DA:678,0
DA:680,0
DA:681,0
DA:683,0
DA:684,0
DA:685,0
DA:686,0
DA:687,0
DA:688,0
DA:689,0
DA:691,0
DA:692,0
DA:693,0
DA:694,0
DA:695,0
DA:696,0
DA:697,0
DA:698,0
DA:700,0
DA:701,0
DA:703,0
DA:704,0
DA:705,0
DA:706,0
DA:707,0
DA:708,0
DA:709,0
DA:711,0
DA:712,0
DA:714,0
DA:715,0
DA:717,0
DA:718,0
DA:719,0
DA:721,0
DA:722,0
DA:724,0
DA:725,0
DA:726,0
DA:727,0
DA:728,0
DA:730,0
DA:731,0
DA:732,0
DA:733,0
DA:734,0
DA:736,0
DA:737,0
DA:738,0
DA:739,0
DA:740,0
DA:742,0
DA:743,0
DA:744,0
DA:745,0
DA:746,0
DA:747,0
DA:748,0
DA:750,0
DA:752,0
DA:754,0
DA:755,0
DA:756,0
DA:757,0
DA:759,0
DA:760,0
DA:761,0
DA:762,0
DA:764,0
DA:765,0
DA:766,0
DA:767,0
DA:768,0
DA:770,0
DA:771,0
DA:772,0
DA:773,0
DA:775,0
DA:777,0
DA:778,0
DA:779,0
DA:780,0
DA:781,0
DA:782,0
DA:784,0
DA:785,0
DA:786,0
DA:789,0
DA:790,0
DA:791,0
DA:794,0
DA:795,0
DA:796,0
DA:797,0
DA:798,0
DA:800,0
DA:801,0
DA:802,0
DA:803,0
DA:805,0
DA:806,0
DA:807,0
DA:810,0
DA:811,0
DA:814,0
DA:815,0
DA:816,0
DA:817,0
DA:818,0
DA:820,0
DA:821,0
DA:822,0
DA:823,0
DA:825,0
DA:826,0
DA:827,0
DA:828,0
DA:830,0
DA:831,0
DA:832,0
DA:834,0
DA:835,0
DA:836,0
DA:838,0
DA:839,0
DA:840,0
DA:842,0
DA:843,0
DA:844,0
DA:845,0
DA:846,0
DA:847,0
DA:848,0
DA:849,0
DA:850,0
DA:851,0
DA:852,0
DA:853,0
DA:854,0
DA:856,0
DA:857,0
DA:858,0
DA:860,0
DA:861,0
DA:862,0
DA:864,0
DA:865,0
DA:868,0
DA:869,0
DA:870,0
DA:874,0
DA:875,0
DA:876,0
DA:877,0
DA:880,0
DA:897,0
DA:899,0
DA:900,0
DA:902,0
DA:905,0
DA:906,0
DA:907,0
DA:908,0
DA:909,0
DA:912,0
DA:915,0
DA:916,0
DA:917,0
DA:919,0
DA:920,0
DA:921,0
DA:923,0
DA:924,0
DA:925,0
DA:927,0
DA:928,0
DA:929,0
DA:931,0
DA:932,0
DA:933,0
DA:935,0
DA:936,0
DA:937,0
DA:938,0
DA:941,0
DA:942,0
DA:945,0
DA:966,0
DA:970,0
DA:971,0
DA:972,0
DA:974,0
DA:994,0
DA:998,0
DA:999,0
DA:1000,0
DA:1001,0
DA:1002,0
DA:1003,0
DA:1004,0
DA:1005,0
DA:1006,0
DA:1007,0
DA:1009,0
DA:1013,0
DA:1014,0
DA:1015,0
DA:1018,0
LF:531
LH:0
BRDA:35,0,0,0
BRDA:35,0,1,0
BRDA:166,1,0,0
BRDA:166,1,1,0
BRDA:170,2,0,0
BRDA:170,2,1,0
BRDA:171,3,0,0
BRDA:171,3,1,0
BRDA:173,4,0,0
BRDA:173,4,1,0
BRDA:178,5,0,0
BRDA:178,5,1,0
BRDA:182,6,0,0
BRDA:182,6,1,0
BRDA:188,7,0,0
BRDA:188,7,1,0
BRDA:189,8,0,0
BRDA:189,8,1,0
BRDA:197,9,0,0
BRDA:197,9,1,0
BRDA:198,10,0,0
BRDA:198,10,1,0
BRDA:205,11,0,0
BRDA:205,11,1,0
BRDA:209,12,0,0
BRDA:209,12,1,0
BRDA:209,13,0,0
BRDA:209,13,1,0
BRDA:209,13,2,0
BRDA:209,13,3,0
BRDA:209,13,4,0
BRDA:209,13,5,0
BRDA:209,13,6,0
BRDA:209,13,7,0
BRDA:209,13,8,0
BRDA:209,13,9,0
BRDA:209,13,10,0
BRDA:209,13,11,0
BRDA:221,14,0,0
BRDA:221,14,1,0
BRDA:222,15,0,0
BRDA:222,15,1,0
BRDA:223,16,0,0
BRDA:223,16,1,0
BRDA:231,17,0,0
BRDA:231,17,1,0
BRDA:232,18,0,0
BRDA:232,18,1,0
BRDA:236,19,0,0
BRDA:236,19,1,0
BRDA:247,20,0,0
BRDA:247,20,1,0
BRDA:252,21,0,0
BRDA:252,21,1,0
BRDA:265,22,0,0
BRDA:265,22,1,0
BRDA:266,23,0,0
BRDA:266,23,1,0
BRDA:273,24,0,0
BRDA:273,24,1,0
BRDA:273,25,0,0
BRDA:273,25,1,0
BRDA:273,25,2,0
BRDA:277,26,0,0
BRDA:277,26,1,0
BRDA:282,27,0,0
BRDA:282,27,1,0
BRDA:284,28,0,0
BRDA:284,28,1,0
BRDA:284,29,0,0
BRDA:284,29,1,0
BRDA:286,30,0,0
BRDA:286,30,1,0
BRDA:288,31,0,0
BRDA:288,31,1,0
BRDA:289,32,0,0
BRDA:289,32,1,0
BRDA:308,33,0,0
BRDA:308,33,1,0
BRDA:311,34,0,0
BRDA:311,34,1,0
BRDA:314,35,0,0
BRDA:314,35,1,0
BRDA:330,36,0,0
BRDA:330,36,1,0
BRDA:331,37,0,0
BRDA:331,37,1,0
BRDA:332,38,0,0
BRDA:332,38,1,0
BRDA:333,39,0,0
BRDA:333,39,1,0
BRDA:333,40,0,0
BRDA:333,40,1,0
BRDA:333,40,2,0
BRDA:334,41,0,0
BRDA:334,41,1,0
BRDA:336,42,0,0
BRDA:336,42,1,0
BRDA:339,43,0,0
BRDA:339,43,1,0
BRDA:341,44,0,0
BRDA:341,44,1,0
BRDA:344,45,0,0
BRDA:344,45,1,0
BRDA:344,46,0,0
BRDA:344,46,1,0
BRDA:344,46,2,0
BRDA:347,47,0,0
BRDA:347,47,1,0
BRDA:354,48,0,0
BRDA:354,48,1,0
BRDA:362,49,0,0
BRDA:362,49,1,0
BRDA:363,50,0,0
BRDA:363,50,1,0
BRDA:364,51,0,0
BRDA:364,51,1,0
BRDA:365,52,0,0
BRDA:365,52,1,0
BRDA:365,53,0,0
BRDA:365,53,1,0
BRDA:365,53,2,0
BRDA:368,54,0,0
BRDA:368,54,1,0
BRDA:375,55,0,0
BRDA:375,55,1,0
BRDA:387,56,0,0
BRDA:387,56,1,0
BRDA:389,57,0,0
BRDA:389,57,1,0
BRDA:396,58,0,0
BRDA:396,58,1,0
BRDA:400,59,0,0
BRDA:400,59,1,0
BRDA:404,60,0,0
BRDA:404,60,1,0
BRDA:408,61,0,0
BRDA:408,61,1,0
BRDA:409,62,0,0
BRDA:409,62,1,0
BRDA:414,63,0,0
BRDA:414,63,1,0
BRDA:415,64,0,0
BRDA:415,64,1,0
BRDA:418,65,0,0
BRDA:418,65,1,0
BRDA:420,66,0,0
BRDA:420,66,1,0
BRDA:420,67,0,0
BRDA:420,67,1,0
BRDA:427,68,0,0
BRDA:427,68,1,0
BRDA:427,69,0,0
BRDA:427,69,1,0
BRDA:429,70,0,0
BRDA:429,70,1,0
BRDA:429,71,0,0
BRDA:429,71,1,0
BRDA:430,72,0,0
BRDA:430,72,1,0
BRDA:431,73,0,0
BRDA:431,73,1,0
BRDA:433,74,0,0
BRDA:433,74,1,0
BRDA:433,75,0,0
BRDA:433,75,1,0
BRDA:441,76,0,0
BRDA:441,76,1,0
BRDA:443,77,0,0
BRDA:443,77,1,0
BRDA:443,78,0,0
BRDA:443,78,1,0
BRDA:450,79,0,0
BRDA:450,79,1,0
BRDA:451,80,0,0
BRDA:451,80,1,0
BRDA:452,81,0,0
BRDA:452,81,1,0
BRDA:452,82,0,0
BRDA:452,82,1,0
BRDA:453,83,0,0
BRDA:453,83,1,0
BRDA:462,84,0,0
BRDA:462,84,1,0
BRDA:463,85,0,0
BRDA:463,85,1,0
BRDA:470,86,0,0
BRDA:470,86,1,0
BRDA:471,87,0,0
BRDA:471,87,1,0
BRDA:478,88,0,0
BRDA:478,88,1,0
BRDA:482,89,0,0
BRDA:482,89,1,0
BRDA:486,90,0,0
BRDA:486,90,1,0
BRDA:488,91,0,0
BRDA:488,91,1,0
BRDA:492,92,0,0
BRDA:492,92,1,0
BRDA:498,93,0,0
BRDA:498,93,1,0
BRDA:498,94,0,0
BRDA:498,94,1,0
BRDA:500,95,0,0
BRDA:500,95,1,0
BRDA:503,96,0,0
BRDA:503,96,1,0
BRDA:506,97,0,0
BRDA:506,97,1,0
BRDA:508,98,0,0
BRDA:508,98,1,0
BRDA:508,99,0,0
BRDA:508,99,1,0
BRDA:517,100,0,0
BRDA:517,100,1,0
BRDA:524,101,0,0
BRDA:524,101,1,0
BRDA:526,102,0,0
BRDA:526,102,1,0
BRDA:526,103,0,0
BRDA:526,103,1,0
BRDA:529,104,0,0
BRDA:529,104,1,0
BRDA:532,105,0,0
BRDA:532,105,1,0
BRDA:535,106,0,0
BRDA:535,106,1,0
BRDA:539,107,0,0
BRDA:539,107,1,0
BRDA:543,108,0,0
BRDA:543,108,1,0
BRDA:547,109,0,0
BRDA:547,109,1,0
BRDA:550,110,0,0
BRDA:550,110,1,0
BRDA:554,111,0,0
BRDA:554,111,1,0
BRDA:557,112,0,0
BRDA:557,112,1,0
BRDA:560,113,0,0
BRDA:560,113,1,0
BRDA:563,114,0,0
BRDA:563,114,1,0
BRDA:566,115,0,0
BRDA:566,115,1,0
BRDA:569,116,0,0
BRDA:569,116,1,0
BRDA:573,117,0,0
BRDA:573,117,1,0
BRDA:574,118,0,0
BRDA:574,118,1,0
BRDA:582,119,0,0
BRDA:582,119,1,0
BRDA:585,120,0,0
BRDA:585,120,1,0
BRDA:588,121,0,0
BRDA:588,121,1,0
BRDA:592,122,0,0
BRDA:592,122,1,0
BRDA:596,123,0,0
BRDA:596,123,1,0
BRDA:600,124,0,0
BRDA:600,124,1,0
BRDA:600,125,0,0
BRDA:600,125,1,0
BRDA:603,126,0,0
BRDA:603,126,1,0
BRDA:604,127,0,0
BRDA:604,127,1,0
BRDA:614,128,0,0
BRDA:614,128,1,0
BRDA:618,129,0,0
BRDA:618,129,1,0
BRDA:627,130,0,0
BRDA:627,130,1,0
BRDA:630,131,0,0
BRDA:630,131,1,0
BRDA:678,132,0,0
BRDA:678,132,1,0
BRDA:693,133,0,0
BRDA:693,133,1,0
BRDA:694,134,0,0
BRDA:694,134,1,0
BRDA:703,135,0,0
BRDA:703,135,1,0
BRDA:704,136,0,0
BRDA:704,136,1,0
BRDA:707,137,0,0
BRDA:707,137,1,0
BRDA:711,138,0,0
BRDA:711,138,1,0
BRDA:714,139,0,0
BRDA:714,139,1,0
BRDA:724,140,0,0
BRDA:724,140,1,0
BRDA:730,141,0,0
BRDA:730,141,1,0
BRDA:736,142,0,0
BRDA:736,142,1,0
BRDA:742,143,0,0
BRDA:742,143,1,0
BRDA:743,144,0,0
BRDA:743,144,1,0
BRDA:745,145,0,0
BRDA:745,145,1,0
BRDA:754,146,0,0
BRDA:754,146,1,0
BRDA:755,147,0,0
BRDA:755,147,1,0
BRDA:764,148,0,0
BRDA:764,148,1,0
BRDA:767,149,0,0
BRDA:767,149,1,0
BRDA:767,150,0,0
BRDA:767,150,1,0
BRDA:770,151,0,0
BRDA:770,151,1,0
BRDA:770,152,0,0
BRDA:770,152,1,0
BRDA:777,153,0,0
BRDA:777,153,1,0
BRDA:777,154,0,0
BRDA:777,154,1,0
BRDA:777,154,2,0
BRDA:778,155,0,0
BRDA:778,155,1,0
BRDA:780,156,0,0
BRDA:780,156,1,0
BRDA:794,157,0,0
BRDA:794,157,1,0
BRDA:800,158,0,0
BRDA:800,158,1,0
BRDA:805,159,0,0
BRDA:805,159,1,0
BRDA:806,160,0,0
BRDA:806,160,1,0
BRDA:814,161,0,0
BRDA:814,161,1,0
BRDA:820,162,0,0
BRDA:820,162,1,0
BRDA:825,163,0,0
BRDA:825,163,1,0
BRDA:830,164,0,0
BRDA:830,164,1,0
BRDA:834,165,0,0
BRDA:834,165,1,0
BRDA:838,166,0,0
BRDA:838,166,1,0
BRDA:842,167,0,0
BRDA:842,167,1,0
BRDA:856,168,0,0
BRDA:856,168,1,0
BRDA:860,169,0,0
BRDA:860,169,1,0
BRDA:864,170,0,0
BRDA:864,170,1,0
BRDA:874,171,0,0
BRDA:874,171,1,0
BRDA:905,172,0,0
BRDA:905,172,1,0
BRDA:908,173,0,0
BRDA:908,173,1,0
BRDA:909,174,0,0
BRDA:909,174,1,0
BRDA:909,174,2,0
BRDA:912,175,0,0
BRDA:912,175,1,0
BRDA:912,175,2,0
BRDA:915,176,0,0
BRDA:915,176,1,0
BRDA:919,177,0,0
BRDA:919,177,1,0
BRDA:923,178,0,0
BRDA:923,178,1,0
BRDA:927,179,0,0
BRDA:927,179,1,0
BRDA:931,180,0,0
BRDA:931,180,1,0
BRDA:935,181,0,0
BRDA:935,181,1,0
BRDA:1014,182,0,0
BRDA:1014,182,1,0
BRF:383
BRH:0
end_of_record
TN:
SF:src/js/network/updater.js
FN:9,(anonymous_0)
FN:12,(anonymous_1)
FN:22,(anonymous_2)
FN:31,(anonymous_3)
FN:42,(anonymous_4)
FN:50,(anonymous_5)
FN:59,(anonymous_6)
FN:70,(anonymous_7)
FN:82,(anonymous_8)
FN:98,(anonymous_9)
FN:116,(anonymous_10)
FN:125,(anonymous_11)
FN:131,(anonymous_12)
FN:134,(anonymous_13)
FN:141,(anonymous_14)
FN:148,(anonymous_15)
FN:157,(anonymous_16)
FN:170,(anonymous_17)
FN:184,(anonymous_18)
FNF:19
FNH:0
FNDA:0,(anonymous_0)
FNDA:0,(anonymous_1)
FNDA:0,(anonymous_2)
FNDA:0,(anonymous_3)
FNDA:0,(anonymous_4)
FNDA:0,(anonymous_5)
FNDA:0,(anonymous_6)
FNDA:0,(anonymous_7)
FNDA:0,(anonymous_8)
FNDA:0,(anonymous_9)
FNDA:0,(anonymous_10)
FNDA:0,(anonymous_11)
FNDA:0,(anonymous_12)
FNDA:0,(anonymous_13)
FNDA:0,(anonymous_14)
FNDA:0,(anonymous_15)
FNDA:0,(anonymous_16)
FNDA:0,(anonymous_17)
FNDA:0,(anonymous_18)
DA:8,0
DA:9,0
DA:12,0
DA:13,0
DA:14,0
DA:22,0
DA:23,0
DA:31,0
DA:32,0
DA:33,0
DA:42,0
DA:43,0
DA:45,0
DA:51,0
DA:52,0
DA:53,0
DA:55,0
DA:60,0
DA:70,0
DA:72,0
DA:73,0
DA:76,0
DA:82,0
DA:83,0
DA:91,0
DA:99,0
DA:100,0
DA:102,0
DA:117,0
DA:118,0
DA:120,0
DA:121,0
DA:122,0
DA:124,0
DA:125,0
DA:132,0
DA:133,0
DA:134,0
DA:142,0
DA:144,0
DA:145,0
DA:148,0
DA:149,0
DA:165,0
DA:171,0
DA:172,0
DA:175,0
DA:176,0
DA:185,0
DA:186,0
DA:187,0
DA:189,0
DA:190,0
DA:192,0
DA:194,0
DA:197,0
DA:198,0
DA:199,0
DA:201,0
DA:202,0
DA:203,0
DA:204,0
DA:207,0
DA:208,0
DA:209,0
DA:210,0
DA:212,0
DA:215,0
DA:216,0
DA:222,0
DA:224,0
DA:228,0
DA:238,0
DA:239,0
DA:241,0
DA:242,0
DA:244,0
DA:245,0
DA:247,0
DA:248,0
DA:249,0
DA:255,0
DA:256,0
DA:257,0
DA:259,0
DA:262,0
DA:263,0
DA:264,0
DA:266,0
DA:272,0
LF:90
LH:0
BRDA:8,0,0,0
BRDA:8,0,1,0
BRDA:9,1,0,0
BRDA:9,1,1,0
BRDA:33,2,0,0
BRDA:33,2,1,0
BRDA:51,3,0,0
BRDA:51,3,1,0
BRDA:72,4,0,0
BRDA:72,4,1,0
BRDA:72,5,0,0
BRDA:72,5,1,0
BRDA:100,6,0,0
BRDA:100,6,1,0
BRDA:142,7,0,0
BRDA:142,7,1,0
BRDA:175,8,0,0
BRDA:175,8,1,0
BRDA:185,9,0,0
BRDA:185,9,1,0
BRDA:186,10,0,0
BRDA:186,10,1,0
BRDA:187,11,0,0
BRDA:187,11,1,0
BRDA:194,12,0,0
BRDA:194,12,1,0
BRDA:194,12,2,0
BRDA:194,12,3,0
BRDA:194,12,4,0
BRDA:201,13,0,0
BRDA:201,13,1,0
BRDA:209,14,0,0
BRDA:209,14,1,0
BRDA:215,15,0,0
BRDA:215,15,1,0
BRDA:218,16,0,0
BRDA:218,16,1,0
BRDA:238,17,0,0
BRDA:238,17,1,0
BRDA:241,18,0,0
BRDA:241,18,1,0
BRDA:247,19,0,0
BRDA:247,19,1,0
BRDA:247,20,0,0
BRDA:247,20,1,0
BRDA:256,21,0,0
BRDA:256,21,1,0
BRDA:262,22,0,0
BRDA:262,22,1,0
BRF:49
BRH:0
end_of_record
TN:
SF:src/js/ui/popup-manager.js
FN:72,(anonymous_0)
FN:87,(anonymous_1)
FN:103,(anonymous_2)
FN:131,(anonymous_3)
FN:159,(anonymous_4)
FN:185,(anonymous_5)
FN:209,(anonymous_6)
FN:226,(anonymous_7)
FN:263,(anonymous_8)
FN:281,(anonymous_9)
FN:306,(anonymous_10)
FN:355,(anonymous_11)
FN:365,GetLayoutValues
FN:444,(anonymous_13)
FN:462,(anonymous_14)
FN:480,(anonymous_15)
FN:487,(anonymous_16)
FN:495,(anonymous_17)
FN:503,(anonymous_18)
FN:507,(anonymous_19)
FN:557,(anonymous_20)
FN:581,(anonymous_21)
FN:617,(anonymous_22)
FN:635,(anonymous_23)
FN:649,(anonymous_24)
FN:671,(anonymous_25)
FN:685,(anonymous_26)
FN:732,(anonymous_27)
FN:777,(anonymous_28)
FN:807,(anonymous_29)
FN:844,(anonymous_30)
FN:867,(anonymous_31)
FN:882,(anonymous_32)
FN:906,(anonymous_33)
FN:922,(anonymous_34)
FN:961,(anonymous_35)
FN:988,(anonymous_36)
FN:1030,(anonymous_37)
FN:1064,(anonymous_38)
FN:1076,(anonymous_39)
FN:1096,(anonymous_40)
FN:1110,(anonymous_41)
FN:1155,(anonymous_42)
FN:1181,(anonymous_43)
FN:1194,(anonymous_44)
FN:1205,(anonymous_45)
FN:1220,(anonymous_46)
FN:1233,(anonymous_47)
FN:1247,(anonymous_48)
FN:1319,(anonymous_49)
FN:1325,(anonymous_50)
FN:1375,(anonymous_51)
FN:1422,(anonymous_52)
FN:1485,(anonymous_53)
FN:1502,(anonymous_54)
FN:1523,(anonymous_55)
FN:1557,(anonymous_56)
FN:1585,(anonymous_57)
FN:1599,(anonymous_58)
FNF:59
FNH:0
FNDA:0,(anonymous_0)
FNDA:0,(anonymous_1)
FNDA:0,(anonymous_2)
FNDA:0,(anonymous_3)
FNDA:0,(anonymous_4)
FNDA:0,(anonymous_5)
FNDA:0,(anonymous_6)
FNDA:0,(anonymous_7)
FNDA:0,(anonymous_8)
FNDA:0,(anonymous_9)
FNDA:0,(anonymous_10)
FNDA:0,(anonymous_11)
FNDA:0,GetLayoutValues
FNDA:0,(anonymous_13)
FNDA:0,(anonymous_14)
FNDA:0,(anonymous_15)
FNDA:0,(anonymous_16)
FNDA:0,(anonymous_17)
FNDA:0,(anonymous_18)
FNDA:0,(anonymous_19)
FNDA:0,(anonymous_20)
FNDA:0,(anonymous_21)
FNDA:0,(anonymous_22)
FNDA:0,(anonymous_23)
FNDA:0,(anonymous_24)
FNDA:0,(anonymous_25)
FNDA:0,(anonymous_26)
FNDA:0,(anonymous_27)
FNDA:0,(anonymous_28)
FNDA:0,(anonymous_29)
FNDA:0,(anonymous_30)
FNDA:0,(anonymous_31)
FNDA:0,(anonymous_32)
FNDA:0,(anonymous_33)
FNDA:0,(anonymous_34)
FNDA:0,(anonymous_35)
FNDA:0,(anonymous_36)
FNDA:0,(anonymous_37)
FNDA:0,(anonymous_38)
FNDA:0,(anonymous_39)
FNDA:0,(anonymous_40)
FNDA:0,(anonymous_41)
FNDA:0,(anonymous_42)
FNDA:0,(anonymous_43)
FNDA:0,(anonymous_44)
FNDA:0,(anonymous_45)
FNDA:0,(anonymous_46)
FNDA:0,(anonymous_47)
FNDA:0,(anonymous_48)
FNDA:0,(anonymous_49)
FNDA:0,(anonymous_50)
FNDA:0,(anonymous_51)
FNDA:0,(anonymous_52)
FNDA:0,(anonymous_53)
FNDA:0,(anonymous_54)
FNDA:0,(anonymous_55)
FNDA:0,(anonymous_56)
FNDA:0,(anonymous_57)
FNDA:0,(anonymous_58)
DA:22,0
DA:23,0
DA:28,0
DA:46,0
DA:56,0
DA:63,0
DA:68,0
DA:72,0
DA:87,0
DA:89,0
DA:90,0
DA:91,0
DA:103,0
DA:105,0
DA:106,0
DA:107,0
DA:109,0
DA:111,0
DA:112,0
DA:113,0
DA:115,0
DA:116,0
DA:117,0
DA:118,0
DA:131,0
DA:133,0
DA:134,0
DA:135,0
DA:137,0
DA:139,0
DA:141,0
DA:142,0
DA:143,0
DA:144,0
DA:145,0
DA:147,0
DA:159,0
DA:161,0
DA:162,0
DA:163,0
DA:165,0
DA:167,0
DA:169,0
DA:170,0
DA:171,0
DA:174,0
DA:185,0
DA:187,0
DA:188,0
DA:189,0
DA:191,0
DA:193,0
DA:195,0
DA:196,0
DA:197,0
DA:209,0
DA:211,0
DA:212,0
DA:213,0
DA:215,0
DA:226,0
DA:228,0
DA:229,0
DA:230,0
DA:232,0
DA:234,0
DA:236,0
DA:238,0
DA:240,0
DA:241,0
DA:242,0
DA:243,0
DA:244,0
DA:248,0
DA:249,0
DA:252,0
DA:263,0
DA:265,0
DA:266,0
DA:267,0
DA:269,0
DA:271,0
DA:281,0
DA:283,0
DA:284,0
DA:285,0
DA:287,0
DA:289,0
DA:291,0
DA:293,0
DA:295,0
DA:306,0
DA:310,0
DA:311,0
DA:312,0
DA:314,0
DA:315,0
DA:317,0
DA:319,0
DA:320,0
DA:321,0
DA:322,0
DA:323,0
DA:325,0
DA:326,0
DA:329,0
DA:331,0
DA:332,0
DA:336,0
DA:337,0
DA:338,0
DA:344,0
DA:355,0
DA:357,0
DA:358,0
DA:359,0
DA:361,0
DA:362,0
DA:363,0
DA:366,0
DA:367,0
DA:368,0
DA:369,0
DA:370,0
DA:371,0
DA:374,0
DA:375,0
DA:376,0
DA:377,0
DA:384,0
DA:385,0
DA:386,0
DA:387,0
DA:390,0
DA:391,0
DA:392,0
DA:393,0
DA:396,0
DA:397,0
DA:398,0
DA:399,0
DA:402,0
DA:403,0
DA:404,0
DA:405,0
DA:408,0
DA:409,0
DA:410,0
DA:411,0
DA:414,0
DA:415,0
DA:416,0
DA:417,0
DA:420,0
DA:421,0
DA:422,0
DA:423,0
DA:426,0
DA:427,0
DA:428,0
DA:429,0
DA:444,0
DA:446,0
DA:448,0
DA:450,0
DA:452,0
DA:453,0
DA:462,0
DA:464,0
DA:466,0
DA:467,0
DA:469,0
DA:470,0
DA:471,0
DA:474,0
DA:478,0
DA:480,0
DA:481,0
DA:482,0
DA:483,0
DA:484,0
DA:487,0
DA:489,0
DA:490,0
DA:491,0
DA:492,0
DA:495,0
DA:497,0
DA:499,0
DA:503,0
DA:504,0
DA:507,0
DA:508,0
DA:509,0
DA:510,0
DA:513,0
DA:555,0
DA:557,0
DA:559,0
DA:560,0
DA:561,0
DA:563,0
DA:564,0
DA:565,0
DA:566,0
DA:568,0
DA:570,0
DA:571,0
DA:573,0
DA:575,0
DA:577,0
DA:581,0
DA:585,0
DA:586,0
DA:587,0
DA:588,0
DA:590,0
DA:591,0
DA:593,0
DA:594,0
DA:595,0
DA:596,0
DA:597,0
DA:600,0
DA:601,0
DA:602,0
DA:605,0
DA:606,0
DA:607,0
DA:610,0
DA:611,0
DA:617,0
DA:621,0
DA:622,0
DA:623,0
DA:624,0
DA:626,0
DA:628,0
DA:629,0
DA:635,0
DA:637,0
DA:638,0
DA:639,0
DA:640,0
DA:642,0
DA:649,0
DA:653,0
DA:654,0
DA:655,0
DA:656,0
DA:658,0
DA:659,0
DA:662,0
DA:664,0
DA:665,0
DA:671,0
DA:673,0
DA:674,0
DA:675,0
DA:677,0
DA:678,0
DA:679,0
DA:685,0
DA:689,0
DA:690,0
DA:691,0
DA:692,0
DA:694,0
DA:696,0
DA:698,0
DA:699,0
DA:701,0
DA:702,0
DA:704,0
DA:705,0
DA:706,0
DA:709,0
DA:711,0
DA:712,0
DA:714,0
DA:715,0
DA:716,0
DA:719,0
DA:720,0
DA:723,0
DA:725,0
DA:726,0
DA:732,0
DA:736,0
DA:737,0
DA:738,0
DA:739,0
DA:741,0
DA:742,0
DA:744,0
DA:746,0
DA:748,0
DA:749,0
DA:750,0
DA:751,0
DA:752,0
DA:753,0
DA:754,0
DA:756,0
DA:757,0
DA:758,0
DA:761,0
DA:762,0
DA:765,0
DA:767,0
DA:770,0
DA:772,0
DA:777,0
DA:779,0
DA:783,0
DA:784,0
DA:785,0
DA:786,0
DA:788,0
DA:790,0
DA:792,0
DA:793,0
DA:795,0
DA:802,0
DA:807,0
DA:810,0
DA:811,0
DA:812,0
DA:813,0
DA:815,0
DA:817,0
DA:818,0
DA:819,0
DA:820,0
DA:821,0
DA:822,0
DA:823,0
DA:824,0
DA:825,0
DA:826,0
DA:827,0
DA:829,0
DA:832,0
DA:833,0
DA:834,0
DA:837,0
DA:839,0
DA:844,0
DA:847,0
DA:848,0
DA:849,0
DA:850,0
DA:852,0
DA:853,0
DA:854,0
DA:855,0
DA:856,0
DA:857,0
DA:858,0
DA:859,0
DA:861,0
DA:862,0
DA:867,0
DA:870,0
DA:871,0
DA:872,0
DA:873,0
DA:875,0
DA:877,0
DA:882,0
DA:885,0
DA:886,0
DA:887,0
DA:888,0
DA:890,0
DA:892,0
DA:894,0
DA:896,0
DA:897,0
DA:898,0
DA:902,0
DA:906,0
DA:908,0
DA:909,0
DA:910,0
DA:911,0
DA:913,0
DA:914,0
DA:916,0
DA:917,0
DA:922,0
DA:924,0
DA:959,0
DA:961,0
DA:963,0
DA:964,0
DA:965,0
DA:967,0
DA:968,0
DA:969,0
DA:970,0
DA:972,0
DA:973,0
DA:975,0
DA:977,0
DA:978,0
DA:980,0
DA:982,0
DA:988,0
DA:992,0
DA:993,0
DA:994,0
DA:995,0
DA:996,0
DA:998,0
DA:999,0
DA:1001,0
DA:1002,0
DA:1003,0
DA:1004,0
DA:1005,0
DA:1008,0
DA:1010,0
DA:1013,0
DA:1014,0
DA:1015,0
DA:1016,0
DA:1019,0
DA:1020,0
DA:1023,0
DA:1024,0
DA:1030,0
DA:1034,0
DA:1035,0
DA:1036,0
DA:1037,0
DA:1038,0
DA:1040,0
DA:1042,0
DA:1043,0
DA:1044,0
DA:1045,0
DA:1046,0
DA:1047,0
DA:1050,0
DA:1051,0
DA:1053,0
DA:1054,0
DA:1057,0
DA:1064,0
DA:1066,0
DA:1067,0
DA:1068,0
DA:1069,0
DA:1071,0
DA:1076,0
DA:1080,0
DA:1081,0
DA:1082,0
DA:1083,0
DA:1085,0
DA:1086,0
DA:1089,0
DA:1090,0
DA:1096,0
DA:1098,0
DA:1099,0
DA:1100,0
DA:1102,0
DA:1103,0
DA:1104,0
DA:1110,0
DA:1114,0
DA:1115,0
DA:1116,0
DA:1117,0
DA:1119,0
DA:1121,0
DA:1123,0
DA:1125,0
DA:1126,0
DA:1128,0
DA:1129,0
DA:1131,0
DA:1132,0
DA:1135,0
DA:1137,0
DA:1138,0
DA:1139,0
DA:1140,0
DA:1142,0
DA:1143,0
DA:1146,0
DA:1148,0
DA:1149,0
DA:1155,0
DA:1159,0
DA:1160,0
DA:1161,0
DA:1162,0
DA:1164,0
DA:1166,0
DA:1168,0
DA:1170,0
DA:1176,0
DA:1181,0
DA:1184,0
DA:1185,0
DA:1186,0
DA:1187,0
DA:1189,0
DA:1194,0
DA:1197,0
DA:1198,0
DA:1199,0
DA:1200,0
DA:1205,0
DA:1208,0
DA:1209,0
DA:1210,0
DA:1211,0
DA:1213,0
DA:1215,0
DA:1220,0
DA:1222,0
DA:1223,0
DA:1224,0
DA:1225,0
DA:1227,0
DA:1228,0
DA:1233,0
DA:1235,0
DA:1236,0
DA:1237,0
DA:1238,0
DA:1240,0
DA:1242,0
DA:1247,0
DA:1251,0
DA:1252,0
DA:1253,0
DA:1254,0
DA:1255,0
DA:1256,0
DA:1257,0
DA:1259,0
DA:1261,0
DA:1262,0
DA:1263,0
DA:1264,0
DA:1265,0
DA:1267,0
DA:1268,0
DA:1269,0
DA:1271,0
DA:1272,0
DA:1273,0
DA:1274,0
DA:1275,0
DA:1276,0
DA:1277,0
DA:1278,0
DA:1279,0
DA:1280,0
DA:1281,0
DA:1282,0
DA:1285,0
DA:1286,0
DA:1288,0
DA:1289,0
DA:1291,0
DA:1293,0
DA:1295,0
DA:1296,0
DA:1297,0
DA:1302,0
DA:1303,0
DA:1304,0
DA:1305,0
DA:1306,0
DA:1307,0
DA:1308,0
DA:1310,0
DA:1312,0
DA:1313,0
DA:1315,0
DA:1319,0
DA:1321,0
DA:1325,0
DA:1327,0
DA:1328,0
DA:1329,0
DA:1330,0
DA:1331,0
DA:1332,0
DA:1335,0
DA:1338,0
DA:1339,0
DA:1340,0
DA:1341,0
DA:1342,0
DA:1345,0
DA:1346,0
DA:1347,0
DA:1348,0
DA:1349,0
DA:1352,0
DA:1353,0
DA:1354,0
DA:1355,0
DA:1356,0
DA:1359,0
DA:1360,0
DA:1361,0
DA:1364,0
DA:1365,0
DA:1366,0
DA:1368,0
DA:1369,0
DA:1370,0
DA:1375,0
DA:1379,0
DA:1380,0
DA:1381,0
DA:1382,0
DA:1383,0
DA:1384,0
DA:1386,0
DA:1387,0
DA:1388,0
DA:1389,0
DA:1390,0
DA:1391,0
DA:1392,0
DA:1395,0
DA:1400,0
DA:1402,0
DA:1403,0
DA:1404,0
DA:1405,0
DA:1408,0
DA:1410,0
DA:1411,0
DA:1412,0
DA:1413,0
DA:1416,0
DA:1417,0
DA:1422,0
DA:1424,0
DA:1426,0
DA:1427,0
DA:1428,0
DA:1429,0
DA:1431,0
DA:1432,0
DA:1434,0
DA:1435,0
DA:1437,0
DA:1439,0
DA:1440,0
DA:1442,0
DA:1443,0
DA:1445,0
DA:1446,0
DA:1448,0
DA:1451,0
DA:1452,0
DA:1453,0
DA:1454,0
DA:1455,0
DA:1456,0
DA:1457,0
DA:1458,0
DA:1459,0
DA:1460,0
DA:1461,0
DA:1462,0
DA:1464,0
DA:1466,0
DA:1467,0
DA:1469,0
DA:1470,0
DA:1472,0
DA:1473,0
DA:1476,0
DA:1479,0
DA:1480,0
DA:1485,0
DA:1487,0
DA:1488,0
DA:1489,0
DA:1490,0
DA:1492,0
DA:1493,0
DA:1494,0
DA:1495,0
DA:1498,0
DA:1502,0
DA:1504,0
DA:1506,0
DA:1507,0
DA:1508,0
DA:1509,0
DA:1511,0
DA:1512,0
DA:1514,0
DA:1516,0
DA:1517,0
DA:1519,0
DA:1523,0
DA:1525,0
DA:1527,0
DA:1528,0
DA:1529,0
DA:1530,0
DA:1532,0
DA:1533,0
DA:1535,0
DA:1539,0
DA:1540,0
DA:1541,0
DA:1542,0
DA:1543,0
DA:1544,0
DA:1545,0
DA:1547,0
DA:1549,0
DA:1550,0
DA:1557,0
DA:1560,0
DA:1561,0
DA:1562,0
DA:1563,0
DA:1565,0
DA:1569,0
DA:1570,0
DA:1571,0
DA:1572,0
DA:1573,0
DA:1574,0
DA:1575,0
DA:1576,0
DA:1577,0
DA:1579,0
DA:1580,0
DA:1585,0
DA:1588,0
DA:1589,0
DA:1590,0
DA:1591,0
DA:1593,0
DA:1595,0
DA:1599,0
DA:1601,0
DA:1603,0
DA:1604,0
DA:1605,0
DA:1606,0
DA:1608,0
DA:1609,0
DA:1611,0
DA:1613,0
DA:1615,0
LF:763
LH:0
BRDA:22,0,0,0
BRDA:22,0,1,0
BRDA:90,1,0,0
BRDA:90,1,1,0
BRDA:90,2,0,0
BRDA:90,2,1,0
BRDA:109,3,0,0
BRDA:109,3,1,0
BRDA:115,4,0,0
BRDA:115,4,1,0
BRDA:115,5,0,0
BRDA:115,5,1,0
BRDA:117,6,0,0
BRDA:117,6,1,0
BRDA:117,7,0,0
BRDA:117,7,1,0
BRDA:137,8,0,0
BRDA:137,8,1,0
BRDA:142,9,0,0
BRDA:142,9,1,0
BRDA:142,10,0,0
BRDA:142,10,1,0
BRDA:143,11,0,0
BRDA:143,11,1,0
BRDA:143,12,0,0
BRDA:143,12,1,0
BRDA:165,13,0,0
BRDA:165,13,1,0
BRDA:170,14,0,0
BRDA:170,14,1,0
BRDA:170,15,0,0
BRDA:170,15,1,0
BRDA:191,16,0,0
BRDA:191,16,1,0
BRDA:196,17,0,0
BRDA:196,17,1,0
BRDA:196,18,0,0
BRDA:196,18,1,0
BRDA:215,19,0,0
BRDA:215,19,1,0
BRDA:232,20,0,0
BRDA:232,20,1,0
BRDA:234,21,0,0
BRDA:234,21,1,0
BRDA:234,22,0,0
BRDA:234,22,1,0
BRDA:240,23,0,0
BRDA:240,23,1,0
BRDA:242,24,0,0
BRDA:242,24,1,0
BRDA:248,25,0,0
BRDA:248,25,1,0
BRDA:248,26,0,0
BRDA:248,26,1,0
BRDA:269,27,0,0
BRDA:269,27,1,0
BRDA:287,28,0,0
BRDA:287,28,1,0
BRDA:325,29,0,0
BRDA:325,29,1,0
BRDA:331,30,0,0
BRDA:331,30,1,0
BRDA:336,31,0,0
BRDA:336,31,1,0
BRDA:362,32,0,0
BRDA:362,32,1,0
BRDA:384,33,0,0
BRDA:384,33,1,0
BRDA:384,34,0,0
BRDA:384,34,1,0
BRDA:390,35,0,0
BRDA:390,35,1,0
BRDA:390,36,0,0
BRDA:390,36,1,0
BRDA:396,37,0,0
BRDA:396,37,1,0
BRDA:396,38,0,0
BRDA:396,38,1,0
BRDA:402,39,0,0
BRDA:402,39,1,0
BRDA:402,40,0,0
BRDA:402,40,1,0
BRDA:408,41,0,0
BRDA:408,41,1,0
BRDA:408,42,0,0
BRDA:408,42,1,0
BRDA:414,43,0,0
BRDA:414,43,1,0
BRDA:414,44,0,0
BRDA:414,44,1,0
BRDA:420,45,0,0
BRDA:420,45,1,0
BRDA:420,46,0,0
BRDA:420,46,1,0
BRDA:426,47,0,0
BRDA:426,47,1,0
BRDA:426,48,0,0
BRDA:426,48,1,0
BRDA:446,49,0,0
BRDA:446,49,1,0
BRDA:452,50,0,0
BRDA:452,50,1,0
BRDA:466,51,0,0
BRDA:466,51,1,0
BRDA:470,52,0,0
BRDA:470,52,1,0
BRDA:492,53,0,0
BRDA:492,53,1,0
BRDA:492,54,0,0
BRDA:492,54,1,0
BRDA:504,55,0,0
BRDA:504,55,1,0
BRDA:504,56,0,0
BRDA:504,56,1,0
BRDA:504,57,0,0
BRDA:504,57,1,0
BRDA:509,58,0,0
BRDA:509,58,1,0
BRDA:564,59,0,0
BRDA:564,59,1,0
BRDA:568,60,0,0
BRDA:568,60,1,0
BRDA:571,61,0,0
BRDA:571,61,1,0
BRDA:575,62,0,0
BRDA:575,62,1,0
BRDA:595,63,0,0
BRDA:595,63,1,0
BRDA:596,64,0,0
BRDA:596,64,1,0
BRDA:596,65,0,0
BRDA:596,65,1,0
BRDA:596,65,2,0
BRDA:600,66,0,0
BRDA:600,66,1,0
BRDA:605,67,0,0
BRDA:605,67,1,0
BRDA:610,68,0,0
BRDA:610,68,1,0
BRDA:610,69,0,0
BRDA:610,69,1,0
BRDA:628,70,0,0
BRDA:628,70,1,0
BRDA:628,71,0,0
BRDA:628,71,1,0
BRDA:662,72,0,0
BRDA:662,72,1,0
BRDA:664,73,0,0
BRDA:664,73,1,0
BRDA:677,74,0,0
BRDA:677,74,1,0
BRDA:677,75,0,0
BRDA:677,75,1,0
BRDA:698,76,0,0
BRDA:698,76,1,0
BRDA:719,77,0,0
BRDA:719,77,1,0
BRDA:719,78,0,0
BRDA:719,78,1,0
BRDA:725,79,0,0
BRDA:725,79,1,0
BRDA:750,80,0,0
BRDA:750,80,1,0
BRDA:751,81,0,0
BRDA:751,81,1,0
BRDA:756,82,0,0
BRDA:756,82,1,0
BRDA:761,83,0,0
BRDA:761,83,1,0
BRDA:761,84,0,0
BRDA:761,84,1,0
BRDA:761,85,0,0
BRDA:761,85,1,0
BRDA:761,85,2,0
BRDA:817,86,0,0
BRDA:817,86,1,0
BRDA:817,87,0,0
BRDA:817,87,1,0
BRDA:826,88,0,0
BRDA:826,88,1,0
BRDA:832,89,0,0
BRDA:832,89,1,0
BRDA:832,90,0,0
BRDA:832,90,1,0
BRDA:861,91,0,0
BRDA:861,91,1,0
BRDA:892,92,0,0
BRDA:892,92,1,0
BRDA:916,93,0,0
BRDA:916,93,1,0
BRDA:916,94,0,0
BRDA:916,94,1,0
BRDA:968,95,0,0
BRDA:968,95,1,0
BRDA:972,96,0,0
BRDA:972,96,1,0
BRDA:978,97,0,0
BRDA:978,97,1,0
BRDA:983,98,0,0
BRDA:983,98,1,0
BRDA:983,99,0,0
BRDA:983,99,1,0
BRDA:1001,100,0,0
BRDA:1001,100,1,0
BRDA:1001,101,0,0
BRDA:1001,101,1,0
BRDA:1002,102,0,0
BRDA:1002,102,1,0
BRDA:1004,103,0,0
BRDA:1004,103,1,0
BRDA:1014,104,0,0
BRDA:1014,104,1,0
BRDA:1042,105,0,0
BRDA:1042,105,1,0
BRDA:1042,106,0,0
BRDA:1042,106,1,0
BRDA:1043,107,0,0
BRDA:1043,107,1,0
BRDA:1045,108,0,0
BRDA:1045,108,1,0
BRDA:1089,109,0,0
BRDA:1089,109,1,0
BRDA:1102,110,0,0
BRDA:1102,110,1,0
BRDA:1102,111,0,0
BRDA:1102,111,1,0
BRDA:1125,112,0,0
BRDA:1125,112,1,0
BRDA:1148,113,0,0
BRDA:1148,113,1,0
BRDA:1280,114,0,0
BRDA:1280,114,1,0
BRDA:1391,115,0,0
BRDA:1391,115,1,0
BRDA:1403,116,0,0
BRDA:1403,116,1,0
BRDA:1404,117,0,0
BRDA:1404,117,1,0
BRDA:1410,118,0,0
BRDA:1410,118,1,0
BRDA:1424,119,0,0
BRDA:1424,119,1,0
BRDA:1432,120,0,0
BRDA:1432,120,1,0
BRDA:1437,121,0,0
BRDA:1437,121,1,0
BRDA:1437,121,2,0
BRDA:1445,122,0,0
BRDA:1445,122,1,0
BRDA:1456,123,0,0
BRDA:1456,123,1,0
BRDA:1458,124,0,0
BRDA:1458,124,1,0
BRDA:1458,125,0,0
BRDA:1458,125,1,0
BRDA:1459,126,0,0
BRDA:1459,126,1,0
BRDA:1459,127,0,0
BRDA:1459,127,1,0
BRDA:1464,128,0,0
BRDA:1464,128,1,0
BRDA:1464,128,2,0
BRDA:1464,128,3,0
BRDA:1464,128,4,0
BRDA:1493,129,0,0
BRDA:1493,129,1,0
BRDA:1493,130,0,0
BRDA:1493,130,1,0
BRDA:1504,131,0,0
BRDA:1504,131,1,0
BRDA:1512,132,0,0
BRDA:1512,132,1,0
BRDA:1525,133,0,0
BRDA:1525,133,1,0
BRDA:1533,134,0,0
BRDA:1533,134,1,0
BRDA:1549,135,0,0
BRDA:1549,135,1,0
BRDA:1579,136,0,0
BRDA:1579,136,1,0
BRDA:1601,137,0,0
BRDA:1601,137,1,0
BRDA:1609,138,0,0
BRDA:1609,138,1,0
BRF:284
BRH:0
end_of_record
TN:
SF:src/js/ui/table-editor.js
FN:108,(anonymous_0)
FN:175,(anonymous_1)
FN:185,(anonymous_2)
FN:249,(anonymous_3)
FN:278,(anonymous_4)
FN:302,(anonymous_5)
FN:380,(anonymous_6)
FN:481,(anonymous_7)
FN:482,(anonymous_8)
FN:484,(anonymous_9)
FN:485,(anonymous_10)
FN:487,(anonymous_11)
FN:488,(anonymous_12)
FN:489,(anonymous_13)
FN:492,(anonymous_14)
FN:495,(anonymous_15)
FN:498,(anonymous_16)
FN:499,(anonymous_17)
FN:501,(anonymous_18)
FN:502,(anonymous_19)
FN:503,(anonymous_20)
FN:505,(anonymous_21)
FN:506,(anonymous_22)
FN:507,(anonymous_23)
FN:508,(anonymous_24)
FN:509,(anonymous_25)
FN:511,(anonymous_26)
FN:512,(anonymous_27)
FN:513,(anonymous_28)
FN:514,(anonymous_29)
FN:515,(anonymous_30)
FN:516,(anonymous_31)
FN:517,(anonymous_32)
FN:518,(anonymous_33)
FN:519,(anonymous_34)
FN:520,(anonymous_35)
FN:522,(anonymous_36)
FN:523,(anonymous_37)
FN:524,(anonymous_38)
FN:525,(anonymous_39)
FN:526,(anonymous_40)
FN:527,(anonymous_41)
FN:528,(anonymous_42)
FN:529,(anonymous_43)
FN:531,(anonymous_44)
FN:532,(anonymous_45)
FN:533,(anonymous_46)
FN:534,(anonymous_47)
FN:536,(anonymous_48)
FN:537,(anonymous_49)
FN:538,(anonymous_50)
FN:539,(anonymous_51)
FN:543,(anonymous_52)
FN:677,(anonymous_53)
FN:687,(anonymous_54)
FN:735,(anonymous_55)
FN:774,(anonymous_56)
FN:852,(anonymous_57)
FN:870,(anonymous_58)
FN:908,(anonymous_59)
FN:913,(anonymous_60)
FN:1065,(anonymous_61)
FN:1203,(anonymous_62)
FN:1247,(anonymous_63)
FN:1276,(anonymous_64)
FN:1357,(anonymous_65)
FN:1405,(anonymous_66)
FN:1455,(anonymous_67)
FN:1514,(anonymous_68)
FN:1562,(anonymous_69)
FN:1593,(anonymous_70)
FN:1632,(anonymous_71)
FN:1668,(anonymous_72)
FN:1760,(anonymous_73)
FN:1794,(anonymous_74)
FN:1851,(anonymous_75)
FN:1892,(anonymous_76)
FN:2083,(anonymous_77)
FN:2132,(anonymous_78)
FN:2138,(anonymous_79)
FN:2217,(anonymous_80)
FN:2239,(anonymous_81)
FN:2262,(anonymous_82)
FN:2343,(anonymous_83)
FN:2384,(anonymous_84)
FN:2454,(anonymous_85)
FN:2510,(anonymous_86)
FN:2541,(anonymous_87)
FN:2559,(anonymous_88)
FN:2575,(anonymous_89)
FN:2622,(anonymous_90)
FN:2638,(anonymous_91)
FN:2777,(anonymous_92)
FN:2840,(anonymous_93)
FN:2877,(anonymous_94)
FN:2930,(anonymous_95)
FN:2978,(anonymous_96)
FN:2991,(anonymous_97)
FN:3011,(anonymous_98)
FN:3028,(anonymous_99)
FN:3067,(anonymous_100)
FN:3107,(anonymous_101)
FN:3149,(anonymous_102)
FN:3165,(anonymous_103)
FN:3211,(anonymous_104)
FN:3258,(anonymous_105)
FN:3273,(anonymous_106)
FN:3349,(anonymous_107)
FN:3452,(anonymous_108)
FN:3464,(anonymous_109)
FN:3473,(anonymous_110)
FN:3474,(anonymous_111)
FN:3475,(anonymous_112)
FN:3476,(anonymous_113)
FN:3485,(anonymous_114)
FN:3486,(anonymous_115)
FN:3487,(anonymous_116)
FN:3513,(anonymous_117)
FN:3538,(anonymous_118)
FN:3559,(anonymous_119)
FN:3597,(anonymous_120)
FN:3654,(anonymous_121)
FN:3655,(anonymous_122)
FN:3659,(anonymous_123)
FN:3693,(anonymous_124)
FN:3750,(anonymous_125)
FN:3763,(anonymous_126)
FN:3788,(anonymous_127)
FN:3849,(anonymous_128)
FN:3853,(anonymous_129)
FN:3918,(anonymous_130)
FN:3975,(anonymous_131)
FN:4062,(anonymous_132)
FN:4079,(anonymous_133)
FN:4122,(anonymous_134)
FN:4265,(anonymous_135)
FN:4416,(anonymous_136)
FN:4507,(anonymous_137)
FN:4685,(anonymous_138)
FN:4726,(anonymous_139)
FN:4727,(anonymous_140)
FN:4728,(anonymous_141)
FN:4732,(anonymous_142)
FN:4738,(anonymous_143)
FN:4789,(anonymous_144)
FN:4813,(anonymous_145)
FN:4814,(anonymous_146)
FN:4815,(anonymous_147)
FN:4837,(anonymous_148)
FN:4838,(anonymous_149)
FN:4839,(anonymous_150)
FN:4859,(anonymous_151)
FN:4881,(anonymous_152)
FN:4900,(anonymous_153)
FN:4918,(anonymous_154)
FN:4976,(anonymous_155)
FN:5012,(anonymous_156)
FN:5057,(anonymous_157)
FN:5091,(anonymous_158)
FN:5163,(anonymous_159)
FN:5220,(anonymous_160)
FN:5239,(anonymous_161)
FN:5292,(anonymous_162)
FN:5370,(anonymous_163)
FN:5400,(anonymous_164)
FN:5429,(anonymous_165)
FN:5486,(anonymous_166)
FN:5509,(anonymous_167)
FN:5550,(anonymous_168)
FN:5566,(anonymous_169)
FN:5612,(anonymous_170)
FN:5641,(anonymous_171)
FN:5683,(anonymous_172)
FN:5716,(anonymous_173)
FN:5750,(anonymous_174)
FN:5765,(anonymous_175)
FN:5818,(anonymous_176)
FN:5851,(anonymous_177)
FN:5888,(anonymous_178)
FN:5918,(anonymous_179)
FN:5976,(anonymous_180)
FN:6021,(anonymous_181)
FN:6057,(anonymous_182)
FN:6080,(anonymous_183)
FN:6206,(anonymous_184)
FN:6224,(anonymous_185)
FN:6231,(anonymous_186)
FN:6284,(anonymous_187)
FN:6510,(anonymous_188)
FNF:189
FNH:0
FNDA:0,(anonymous_0)
FNDA:0,(anonymous_1)
FNDA:0,(anonymous_2)
FNDA:0,(anonymous_3)
FNDA:0,(anonymous_4)
FNDA:0,(anonymous_5)
FNDA:0,(anonymous_6)
FNDA:0,(anonymous_7)
FNDA:0,(anonymous_8)
FNDA:0,(anonymous_9)
FNDA:0,(anonymous_10)
FNDA:0,(anonymous_11)
FNDA:0,(anonymous_12)
FNDA:0,(anonymous_13)
FNDA:0,(anonymous_14)
FNDA:0,(anonymous_15)
FNDA:0,(anonymous_16)
FNDA:0,(anonymous_17)
FNDA:0,(anonymous_18)
FNDA:0,(anonymous_19)
FNDA:0,(anonymous_20)
FNDA:0,(anonymous_21)
FNDA:0,(anonymous_22)
FNDA:0,(anonymous_23)
FNDA:0,(anonymous_24)
FNDA:0,(anonymous_25)
FNDA:0,(anonymous_26)
FNDA:0,(anonymous_27)
FNDA:0,(anonymous_28)
FNDA:0,(anonymous_29)
FNDA:0,(anonymous_30)
FNDA:0,(anonymous_31)
FNDA:0,(anonymous_32)
FNDA:0,(anonymous_33)
FNDA:0,(anonymous_34)
FNDA:0,(anonymous_35)
FNDA:0,(anonymous_36)
FNDA:0,(anonymous_37)
FNDA:0,(anonymous_38)
FNDA:0,(anonymous_39)
FNDA:0,(anonymous_40)
FNDA:0,(anonymous_41)
FNDA:0,(anonymous_42)
FNDA:0,(anonymous_43)
FNDA:0,(anonymous_44)
FNDA:0,(anonymous_45)
FNDA:0,(anonymous_46)
FNDA:0,(anonymous_47)
FNDA:0,(anonymous_48)
FNDA:0,(anonymous_49)
FNDA:0,(anonymous_50)
FNDA:0,(anonymous_51)
FNDA:0,(anonymous_52)
FNDA:0,(anonymous_53)
FNDA:0,(anonymous_54)
FNDA:0,(anonymous_55)
FNDA:0,(anonymous_56)
FNDA:0,(anonymous_57)
FNDA:0,(anonymous_58)
FNDA:0,(anonymous_59)
FNDA:0,(anonymous_60)
FNDA:0,(anonymous_61)
FNDA:0,(anonymous_62)
FNDA:0,(anonymous_63)
FNDA:0,(anonymous_64)
FNDA:0,(anonymous_65)
FNDA:0,(anonymous_66)
FNDA:0,(anonymous_67)
FNDA:0,(anonymous_68)
FNDA:0,(anonymous_69)
FNDA:0,(anonymous_70)
FNDA:0,(anonymous_71)
FNDA:0,(anonymous_72)
FNDA:0,(anonymous_73)
FNDA:0,(anonymous_74)
FNDA:0,(anonymous_75)
FNDA:0,(anonymous_76)
FNDA:0,(anonymous_77)
FNDA:0,(anonymous_78)
FNDA:0,(anonymous_79)
FNDA:0,(anonymous_80)
FNDA:0,(anonymous_81)
FNDA:0,(anonymous_82)
FNDA:0,(anonymous_83)
FNDA:0,(anonymous_84)
FNDA:0,(anonymous_85)
FNDA:0,(anonymous_86)
FNDA:0,(anonymous_87)
FNDA:0,(anonymous_88)
FNDA:0,(anonymous_89)
FNDA:0,(anonymous_90)
FNDA:0,(anonymous_91)
FNDA:0,(anonymous_92)
FNDA:0,(anonymous_93)
FNDA:0,(anonymous_94)
FNDA:0,(anonymous_95)
FNDA:0,(anonymous_96)
FNDA:0,(anonymous_97)
FNDA:0,(anonymous_98)
FNDA:0,(anonymous_99)
FNDA:0,(anonymous_100)
FNDA:0,(anonymous_101)
FNDA:0,(anonymous_102)
FNDA:0,(anonymous_103)
FNDA:0,(anonymous_104)
FNDA:0,(anonymous_105)
FNDA:0,(anonymous_106)
FNDA:0,(anonymous_107)
FNDA:0,(anonymous_108)
FNDA:0,(anonymous_109)
FNDA:0,(anonymous_110)
FNDA:0,(anonymous_111)
FNDA:0,(anonymous_112)
FNDA:0,(anonymous_113)
FNDA:0,(anonymous_114)
FNDA:0,(anonymous_115)
FNDA:0,(anonymous_116)
FNDA:0,(anonymous_117)
FNDA:0,(anonymous_118)
FNDA:0,(anonymous_119)
FNDA:0,(anonymous_120)
FNDA:0,(anonymous_121)
FNDA:0,(anonymous_122)
FNDA:0,(anonymous_123)
FNDA:0,(anonymous_124)
FNDA:0,(anonymous_125)
FNDA:0,(anonymous_126)
FNDA:0,(anonymous_127)
FNDA:0,(anonymous_128)
FNDA:0,(anonymous_129)
FNDA:0,(anonymous_130)
FNDA:0,(anonymous_131)
FNDA:0,(anonymous_132)
FNDA:0,(anonymous_133)
FNDA:0,(anonymous_134)
FNDA:0,(anonymous_135)
FNDA:0,(anonymous_136)
FNDA:0,(anonymous_137)
FNDA:0,(anonymous_138)
FNDA:0,(anonymous_139)
FNDA:0,(anonymous_140)
FNDA:0,(anonymous_141)
FNDA:0,(anonymous_142)
FNDA:0,(anonymous_143)
FNDA:0,(anonymous_144)
FNDA:0,(anonymous_145)
FNDA:0,(anonymous_146)
FNDA:0,(anonymous_147)
FNDA:0,(anonymous_148)
FNDA:0,(anonymous_149)
FNDA:0,(anonymous_150)
FNDA:0,(anonymous_151)
FNDA:0,(anonymous_152)
FNDA:0,(anonymous_153)
FNDA:0,(anonymous_154)
FNDA:0,(anonymous_155)
FNDA:0,(anonymous_156)
FNDA:0,(anonymous_157)
FNDA:0,(anonymous_158)
FNDA:0,(anonymous_159)
FNDA:0,(anonymous_160)
FNDA:0,(anonymous_161)
FNDA:0,(anonymous_162)
FNDA:0,(anonymous_163)
FNDA:0,(anonymous_164)
FNDA:0,(anonymous_165)
FNDA:0,(anonymous_166)
FNDA:0,(anonymous_167)
FNDA:0,(anonymous_168)
FNDA:0,(anonymous_169)
FNDA:0,(anonymous_170)
FNDA:0,(anonymous_171)
FNDA:0,(anonymous_172)
FNDA:0,(anonymous_173)
FNDA:0,(anonymous_174)
FNDA:0,(anonymous_175)
FNDA:0,(anonymous_176)
FNDA:0,(anonymous_177)
FNDA:0,(anonymous_178)
FNDA:0,(anonymous_179)
FNDA:0,(anonymous_180)
FNDA:0,(anonymous_181)
FNDA:0,(anonymous_182)
FNDA:0,(anonymous_183)
FNDA:0,(anonymous_184)
FNDA:0,(anonymous_185)
FNDA:0,(anonymous_186)
FNDA:0,(anonymous_187)
FNDA:0,(anonymous_188)
DA:96,0
DA:97,0
DA:108,0
DA:110,0
DA:114,0
DA:115,0
DA:116,0
DA:118,0
DA:120,0
DA:121,0
DA:122,0
DA:123,0
DA:125,0
DA:126,0
DA:127,0
DA:128,0
DA:130,0
DA:132,0
DA:136,0
DA:137,0
DA:138,0
DA:139,0
DA:141,0
DA:142,0
DA:143,0
DA:144,0
DA:145,0
DA:147,0
DA:148,0
DA:149,0
DA:150,0
DA:152,0
DA:154,0
DA:155,0
DA:156,0
DA:157,0
DA:159,0
DA:160,0
DA:162,0
DA:166,0
DA:167,0
DA:168,0
DA:175,0
DA:176,0
DA:177,0
DA:179,0
DA:185,0
DA:189,0
DA:192,0
DA:193,0
DA:194,0
DA:195,0
DA:196,0
DA:197,0
DA:198,0
DA:200,0
DA:201,0
DA:205,0
DA:209,0
DA:211,0
DA:212,0
DA:215,0
DA:217,0
DA:245,0
DA:246,0
DA:247,0
DA:248,0
DA:249,0
DA:250,0
DA:251,0
DA:252,0
DA:253,0
DA:262,0
DA:263,0
DA:264,0
DA:265,0
DA:268,0
DA:271,0
DA:272,0
DA:273,0
DA:274,0
DA:278,0
DA:279,0
DA:280,0
DA:282,0
DA:283,0
DA:284,0
DA:285,0
DA:286,0
DA:288,0
DA:289,0
DA:290,0
DA:293,0
DA:294,0
DA:296,0
DA:297,0
DA:300,0
DA:302,0
DA:303,0
DA:304,0
DA:305,0
DA:306,0
DA:307,0
DA:308,0
DA:310,0
DA:311,0
DA:317,0
DA:318,0
DA:320,0
DA:322,0
DA:329,0
DA:335,0
DA:337,0
DA:338,0
DA:339,0
DA:342,0
DA:343,0
DA:344,0
DA:345,0
DA:348,0
DA:349,0
DA:350,0
DA:351,0
DA:354,0
DA:357,0
DA:358,0
DA:362,0
DA:363,0
DA:366,0
DA:368,0
DA:369,0
DA:370,0
DA:372,0
DA:375,0
DA:376,0
DA:379,0
DA:381,0
DA:382,0
DA:383,0
DA:384,0
DA:385,0
DA:386,0
DA:387,0
DA:388,0
DA:389,0
DA:390,0
DA:391,0
DA:393,0
DA:394,0
DA:395,0
DA:396,0
DA:398,0
DA:401,0
DA:402,0
DA:406,0
DA:408,0
DA:410,0
DA:414,0
DA:417,0
DA:419,0
DA:424,0
DA:425,0
DA:453,0
DA:456,0
DA:457,0
DA:458,0
DA:462,0
DA:463,0
DA:469,0
DA:475,0
DA:481,0
DA:482,0
DA:484,0
DA:485,0
DA:487,0
DA:488,0
DA:489,0
DA:490,0
DA:492,0
DA:493,0
DA:495,0
DA:496,0
DA:498,0
DA:499,0
DA:501,0
DA:502,0
DA:503,0
DA:505,0
DA:506,0
DA:507,0
DA:508,0
DA:509,0
DA:511,0
DA:512,0
DA:513,0
DA:514,0
DA:515,0
DA:516,0
DA:517,0
DA:518,0
DA:519,0
DA:520,0
DA:522,0
DA:523,0
DA:524,0
DA:525,0
DA:526,0
DA:527,0
DA:528,0
DA:529,0
DA:531,0
DA:532,0
DA:533,0
DA:534,0
DA:536,0
DA:537,0
DA:538,0
DA:539,0
DA:543,0
DA:545,0
DA:546,0
DA:548,0
DA:549,0
DA:550,0
DA:552,0
DA:553,0
DA:554,0
DA:555,0
DA:556,0
DA:557,0
DA:558,0
DA:559,0
DA:560,0
DA:562,0
DA:564,0
DA:566,0
DA:568,0
DA:569,0
DA:570,0
DA:572,0
DA:573,0
DA:574,0
DA:578,0
DA:579,0
DA:580,0
DA:581,0
DA:582,0
DA:584,0
DA:585,0
DA:587,0
DA:588,0
DA:589,0
DA:590,0
DA:591,0
DA:592,0
DA:593,0
DA:594,0
DA:596,0
DA:597,0
DA:598,0
DA:599,0
DA:600,0
DA:602,0
DA:603,0
DA:604,0
DA:605,0
DA:606,0
DA:607,0
DA:608,0
DA:610,0
DA:612,0
DA:613,0
DA:614,0
DA:617,0
DA:619,0
DA:620,0
DA:621,0
DA:622,0
DA:623,0
DA:625,0
DA:626,0
DA:627,0
DA:628,0
DA:629,0
DA:630,0
DA:631,0
DA:634,0
DA:636,0
DA:637,0
DA:638,0
DA:640,0
DA:641,0
DA:642,0
DA:643,0
DA:644,0
DA:645,0
DA:648,0
DA:650,0
DA:651,0
DA:657,0
DA:658,0
DA:659,0
DA:660,0
DA:663,0
DA:667,0
DA:671,0
DA:677,0
DA:678,0
DA:687,0
DA:689,0
DA:691,0
DA:692,0
DA:694,0
DA:695,0
DA:697,0
DA:698,0
DA:699,0
DA:700,0
DA:702,0
DA:703,0
DA:705,0
DA:707,0
DA:709,0
DA:735,0
DA:738,0
DA:739,0
DA:740,0
DA:742,0
DA:744,0
DA:745,0
DA:747,0
DA:748,0
DA:751,0
DA:752,0
DA:755,0
DA:756,0
DA:759,0
DA:760,0
DA:763,0
DA:774,0
DA:776,0
DA:777,0
DA:779,0
DA:782,0
DA:783,0
DA:784,0
DA:785,0
DA:786,0
DA:787,0
DA:788,0
DA:789,0
DA:791,0
DA:792,0
DA:793,0
DA:794,0
DA:795,0
DA:797,0
DA:800,0
DA:801,0
DA:804,0
DA:805,0
DA:808,0
DA:809,0
DA:810,0
DA:811,0
DA:814,0
DA:815,0
DA:816,0
DA:817,0
DA:818,0
DA:819,0
DA:820,0
DA:821,0
DA:822,0
DA:823,0
DA:824,0
DA:825,0
DA:826,0
DA:827,0
DA:831,0
DA:834,0
DA:835,0
DA:837,0
DA:841,0
DA:852,0
DA:854,0
DA:856,0
DA:858,0
DA:860,0
DA:862,0
DA:870,0
DA:872,0
DA:873,0
DA:876,0
DA:877,0
DA:878,0
DA:881,0
DA:884,0
DA:885,0
DA:888,0
DA:889,0
DA:892,0
DA:893,0
DA:896,0
DA:897,0
DA:908,0
DA:911,0
DA:913,0
DA:914,0
DA:915,0
DA:916,0
DA:921,0
DA:924,0
DA:927,0
DA:928,0
DA:929,0
DA:932,0
DA:935,0
DA:937,0
DA:938,0
DA:939,0
DA:940,0
DA:943,0
DA:944,0
DA:945,0
DA:946,0
DA:949,0
DA:950,0
DA:951,0
DA:952,0
DA:955,0
DA:958,0
DA:959,0
DA:960,0
DA:961,0
DA:964,0
DA:965,0
DA:966,0
DA:967,0
DA:970,0
DA:975,0
DA:978,0
DA:979,0
DA:986,0
DA:989,0
DA:990,0
DA:991,0
DA:994,0
DA:995,0
DA:998,0
DA:1001,0
DA:1002,0
DA:1005,0
DA:1006,0
DA:1007,0
DA:1008,0
DA:1011,0
DA:1012,0
DA:1013,0
DA:1015,0
DA:1018,0
DA:1019,0
DA:1023,0
DA:1025,0
DA:1031,0
DA:1065,0
DA:1067,0
DA:1071,0
DA:1073,0
DA:1077,0
DA:1079,0
DA:1080,0
DA:1081,0
DA:1082,0
DA:1083,0
DA:1085,0
DA:1086,0
DA:1088,0
DA:1089,0
DA:1091,0
DA:1092,0
DA:1094,0
DA:1095,0
DA:1097,0
DA:1098,0
DA:1101,0
DA:1102,0
DA:1103,0
DA:1105,0
DA:1106,0
DA:1108,0
DA:1109,0
DA:1111,0
DA:1112,0
DA:1114,0
DA:1115,0
DA:1117,0
DA:1118,0
DA:1119,0
DA:1120,0
DA:1121,0
DA:1123,0
DA:1125,0
DA:1126,0
DA:1128,0
DA:1129,0
DA:1132,0
DA:1133,0
DA:1137,0
DA:1139,0
DA:1140,0
DA:1141,0
DA:1142,0
DA:1143,0
DA:1144,0
DA:1145,0
DA:1150,0
DA:1152,0
DA:1154,0
DA:1157,0
DA:1159,0
DA:1160,0
DA:1163,0
DA:1164,0
DA:1165,0
DA:1166,0
DA:1169,0
DA:1178,0
DA:1203,0
DA:1205,0
DA:1206,0
DA:1209,0
DA:1210,0
DA:1211,0
DA:1212,0
DA:1214,0
DA:1218,0
DA:1219,0
DA:1222,0
DA:1225,0
DA:1226,0
DA:1227,0
DA:1229,0
DA:1230,0
DA:1231,0
DA:1234,0
DA:1237,0
DA:1239,0
DA:1247,0
DA:1249,0
DA:1250,0
DA:1253,0
DA:1254,0
DA:1255,0
DA:1259,0
DA:1260,0
DA:1261,0
DA:1262,0
DA:1263,0
DA:1265,0
DA:1266,0
DA:1267,0
DA:1269,0
DA:1272,0
DA:1276,0
DA:1280,0
DA:1282,0
DA:1283,0
DA:1284,0
DA:1286,0
DA:1287,0
DA:1290,0
DA:1292,0
DA:1293,0
DA:1295,0
DA:1296,0
DA:1297,0
DA:1300,0
DA:1301,0
DA:1302,0
DA:1303,0
DA:1305,0
DA:1306,0
DA:1308,0
DA:1309,0
DA:1310,0
DA:1313,0
DA:1315,0
DA:1316,0
DA:1317,0
DA:1320,0
DA:1322,0
DA:1323,0
DA:1324,0
DA:1326,0
DA:1329,0
DA:1330,0
DA:1332,0
DA:1334,0
DA:1335,0
DA:1338,0
DA:1339,0
DA:1340,0
DA:1342,0
DA:1343,0
DA:1344,0
DA:1345,0
DA:1346,0
DA:1348,0
DA:1349,0
DA:1350,0
DA:1351,0
DA:1353,0
DA:1357,0
DA:1360,0
DA:1363,0
DA:1365,0
DA:1366,0
DA:1367,0
DA:1369,0
DA:1371,0
DA:1372,0
DA:1373,0
DA:1374,0
DA:1375,0
DA:1379,0
DA:1380,0
DA:1385,0
DA:1386,0
DA:1387,0
DA:1388,0
DA:1389,0
DA:1390,0
DA:1392,0
DA:1395,0
DA:1396,0
DA:1397,0
DA:1398,0
DA:1399,0
DA:1400,0
DA:1401,0
DA:1405,0
DA:1409,0
DA:1411,0
DA:1412,0
DA:1413,0
DA:1415,0
DA:1416,0
DA:1417,0
DA:1418,0
DA:1419,0
DA:1421,0
DA:1423,0
DA:1425,0
DA:1426,0
DA:1427,0
DA:1430,0
DA:1432,0
DA:1434,0
DA:1435,0
DA:1436,0
DA:1438,0
DA:1439,0
DA:1441,0
DA:1443,0
DA:1445,0
DA:1446,0
DA:1447,0
DA:1448,0
DA:1450,0
DA:1455,0
DA:1459,0
DA:1461,0
DA:1462,0
DA:1463,0
DA:1465,0
DA:1466,0
DA:1467,0
DA:1468,0
DA:1469,0
DA:1471,0
DA:1473,0
DA:1475,0
DA:1477,0
DA:1479,0
DA:1480,0
DA:1481,0
DA:1483,0
DA:1484,0
DA:1485,0
DA:1486,0
DA:1489,0
DA:1491,0
DA:1492,0
DA:1493,0
DA:1494,0
DA:1496,0
DA:1497,0
DA:1498,0
DA:1500,0
DA:1501,0
DA:1502,0
DA:1503,0
DA:1504,0
DA:1507,0
DA:1509,0
DA:1514,0
DA:1516,0
DA:1517,0
DA:1518,0
DA:1519,0
DA:1520,0
DA:1522,0
DA:1523,0
DA:1524,0
DA:1526,0
DA:1527,0
DA:1528,0
DA:1529,0
DA:1530,0
DA:1531,0
DA:1532,0
DA:1533,0
DA:1538,0
DA:1540,0
DA:1543,0
DA:1544,0
DA:1545,0
DA:1547,0
DA:1548,0
DA:1549,0
DA:1550,0
DA:1551,0
DA:1553,0
DA:1554,0
DA:1555,0
DA:1556,0
DA:1558,0
DA:1562,0
DA:1564,0
DA:1565,0
DA:1566,0
DA:1567,0
DA:1568,0
DA:1569,0
DA:1571,0
DA:1572,0
DA:1574,0
DA:1577,0
DA:1581,0
DA:1583,0
DA:1584,0
DA:1585,0
DA:1586,0
DA:1588,0
DA:1593,0
DA:1595,0
DA:1596,0
DA:1597,0
DA:1598,0
DA:1599,0
DA:1600,0
DA:1601,0
DA:1603,0
DA:1604,0
DA:1605,0
DA:1606,0
DA:1608,0
DA:1609,0
DA:1610,0
DA:1612,0
DA:1613,0
DA:1614,0
DA:1615,0
DA:1616,0
DA:1619,0
DA:1620,0
DA:1622,0
DA:1624,0
DA:1625,0
DA:1627,0
DA:1632,0
DA:1634,0
DA:1635,0
DA:1636,0
DA:1638,0
DA:1639,0
DA:1645,0
DA:1647,0
DA:1655,0
DA:1668,0
DA:1670,0
DA:1673,0
DA:1675,0
DA:1676,0
DA:1677,0
DA:1678,0
DA:1680,0
DA:1681,0
DA:1684,0
DA:1686,0
DA:1687,0
DA:1688,0
DA:1689,0
DA:1690,0
DA:1691,0
DA:1692,0
DA:1694,0
DA:1695,0
DA:1698,0
DA:1700,0
DA:1703,0
DA:1704,0
DA:1705,0
DA:1706,0
DA:1710,0
DA:1711,0
DA:1712,0
DA:1713,0
DA:1714,0
DA:1715,0
DA:1717,0
DA:1718,0
DA:1721,0
DA:1723,0
DA:1726,0
DA:1727,0
DA:1728,0
DA:1734,0
DA:1736,0
DA:1737,0
DA:1738,0
DA:1739,0
DA:1741,0
DA:1742,0
DA:1743,0
DA:1745,0
DA:1748,0
DA:1749,0
DA:1752,0
DA:1760,0
DA:1762,0
DA:1763,0
DA:1767,0
DA:1768,0
DA:1769,0
DA:1770,0
DA:1772,0
DA:1773,0
DA:1774,0
DA:1775,0
DA:1776,0
DA:1777,0
DA:1778,0
DA:1779,0
DA:1782,0
DA:1783,0
DA:1786,0
DA:1794,0
DA:1798,0
DA:1800,0
DA:1801,0
DA:1802,0
DA:1804,0
DA:1805,0
DA:1808,0
DA:1810,0
DA:1811,0
DA:1813,0
DA:1814,0
DA:1815,0
DA:1818,0
DA:1820,0
DA:1821,0
DA:1823,0
DA:1824,0
DA:1825,0
DA:1827,0
DA:1829,0
DA:1831,0
DA:1832,0
DA:1835,0
DA:1838,0
DA:1841,0
DA:1842,0
DA:1843,0
DA:1844,0
DA:1846,0
DA:1851,0
DA:1855,0
DA:1856,0
DA:1857,0
DA:1858,0
DA:1859,0
DA:1862,0
DA:1863,0
DA:1864,0
DA:1865,0
DA:1867,0
DA:1869,0
DA:1870,0
DA:1871,0
DA:1872,0
DA:1874,0
DA:1876,0
DA:1877,0
DA:1878,0
DA:1879,0
DA:1880,0
DA:1881,0
DA:1882,0
DA:1883,0
DA:1884,0
DA:1885,0
DA:1887,0
DA:1892,0
DA:1896,0
DA:1897,0
DA:1898,0
DA:1900,0
DA:1902,0
DA:1904,0
DA:1905,0
DA:1907,0
DA:1908,0
DA:1909,0
DA:1910,0
DA:1911,0
DA:1913,0
DA:1914,0
DA:1915,0
DA:1917,0
DA:1918,0
DA:1919,0
DA:1923,0
DA:1925,0
DA:1926,0
DA:1927,0
DA:1928,0
DA:1929,0
DA:1930,0
DA:1933,0
DA:1936,0
DA:1937,0
DA:1938,0
DA:1939,0
DA:1942,0
DA:1943,0
DA:1944,0
DA:1947,0
DA:1950,0
DA:1951,0
DA:1952,0
DA:1953,0
DA:1954,0
DA:1956,0
DA:1958,0
DA:1959,0
DA:1960,0
DA:1964,0
DA:1965,0
DA:1966,0
DA:1967,0
DA:1968,0
DA:1969,0
DA:1970,0
DA:1971,0
DA:1972,0
DA:1973,0
DA:1974,0
DA:1975,0
DA:1976,0
DA:1977,0
DA:1980,0
DA:1981,0
DA:1982,0
DA:1983,0
DA:1985,0
DA:1987,0
DA:1988,0
DA:1989,0
DA:1991,0
DA:1992,0
DA:1993,0
DA:1994,0
DA:1998,0
DA:2000,0
DA:2003,0
DA:2004,0
DA:2005,0
DA:2006,0
DA:2007,0
DA:2008,0
DA:2009,0
DA:2010,0
DA:2012,0
DA:2013,0
DA:2014,0
DA:2015,0
DA:2019,0
DA:2020,0
DA:2021,0
DA:2023,0
DA:2025,0
DA:2026,0
DA:2027,0
DA:2028,0
DA:2029,0
DA:2030,0
DA:2031,0
DA:2033,0
DA:2034,0
DA:2035,0
DA:2037,0
DA:2038,0
DA:2039,0
DA:2040,0
DA:2042,0
DA:2045,0
DA:2046,0
DA:2047,0
DA:2048,0
DA:2049,0
DA:2050,0
DA:2051,0
DA:2052,0
DA:2055,0
DA:2056,0
DA:2057,0
DA:2059,0
DA:2060,0
DA:2061,0
DA:2062,0
DA:2065,0
DA:2067,0
DA:2068,0
DA:2071,0
DA:2072,0
DA:2073,0
DA:2076,0
DA:2079,0
DA:2083,0
DA:2085,0
DA:2087,0
DA:2089,0
DA:2090,0
DA:2091,0
DA:2096,0
DA:2098,0
DA:2099,0
DA:2100,0
DA:2101,0
DA:2102,0
DA:2103,0
DA:2104,0
DA:2105,0
DA:2106,0
DA:2107,0
DA:2108,0
DA:2109,0
DA:2110,0
DA:2111,0
DA:2115,0
DA:2116,0
DA:2117,0
DA:2118,0
DA:2119,0
DA:2120,0
DA:2122,0
DA:2123,0
DA:2126,0
DA:2132,0
DA:2134,0
DA:2138,0
DA:2142,0
DA:2143,0
DA:2145,0
DA:2146,0
DA:2147,0
DA:2151,0
DA:2152,0
DA:2154,0
DA:2155,0
DA:2156,0
DA:2159,0
DA:2160,0
DA:2163,0
DA:2164,0
DA:2165,0
DA:2166,0
DA:2168,0
DA:2169,0
DA:2170,0
DA:2172,0
DA:2173,0
DA:2176,0
DA:2177,0
DA:2178,0
DA:2180,0
DA:2181,0
DA:2183,0
DA:2184,0
DA:2187,0
DA:2191,0
DA:2192,0
DA:2197,0
DA:2198,0
DA:2199,0
DA:2200,0
DA:2204,0
DA:2205,0
DA:2207,0
DA:2217,0
DA:2221,0
DA:2222,0
DA:2223,0
DA:2225,0
DA:2226,0
DA:2227,0
DA:2228,0
DA:2231,0
DA:2232,0
DA:2235,0
DA:2239,0
DA:2241,0
DA:2243,0
DA:2244,0
DA:2246,0
DA:2247,0
DA:2262,0
DA:2265,0
DA:2267,0
DA:2268,0
DA:2269,0
DA:2270,0
DA:2273,0
DA:2274,0
DA:2275,0
DA:2276,0
DA:2280,0
DA:2281,0
DA:2283,0
DA:2284,0
DA:2285,0
DA:2286,0
DA:2287,0
DA:2289,0
DA:2290,0
DA:2291,0
DA:2292,0
DA:2293,0
DA:2294,0
DA:2296,0
DA:2299,0
DA:2300,0
DA:2302,0
DA:2303,0
DA:2304,0
DA:2305,0
DA:2307,0
DA:2308,0
DA:2309,0
DA:2310,0
DA:2312,0
DA:2313,0
DA:2314,0
DA:2315,0
DA:2317,0
DA:2318,0
DA:2319,0
DA:2320,0
DA:2323,0
DA:2324,0
DA:2325,0
DA:2327,0
DA:2331,0
DA:2343,0
DA:2346,0
DA:2347,0
DA:2349,0
DA:2350,0
DA:2351,0
DA:2352,0
DA:2353,0
DA:2354,0
DA:2355,0
DA:2356,0
DA:2357,0
DA:2359,0
DA:2363,0
DA:2364,0
DA:2365,0
DA:2366,0
DA:2368,0
DA:2371,0
DA:2374,0
DA:2384,0
DA:2387,0
DA:2389,0
DA:2390,0
DA:2393,0
DA:2394,0
DA:2395,0
DA:2398,0
DA:2399,0
DA:2400,0
DA:2402,0
DA:2404,0
DA:2405,0
DA:2407,0
DA:2408,0
DA:2410,0
DA:2411,0
DA:2413,0
DA:2414,0
DA:2416,0
DA:2417,0
DA:2419,0
DA:2420,0
DA:2422,0
DA:2423,0
DA:2424,0
DA:2426,0
DA:2429,0
DA:2430,0
DA:2431,0
DA:2434,0
DA:2436,0
DA:2437,0
DA:2438,0
DA:2440,0
DA:2443,0
DA:2454,0
DA:2458,0
DA:2460,0
DA:2461,0
DA:2463,0
DA:2464,0
DA:2467,0
DA:2468,0
DA:2469,0
DA:2472,0
DA:2474,0
DA:2475,0
DA:2476,0
DA:2478,0
DA:2479,0
DA:2481,0
DA:2482,0
DA:2483,0
DA:2484,0
DA:2485,0
DA:2487,0
DA:2488,0
DA:2491,0
DA:2492,0
DA:2494,0
DA:2495,0
DA:2498,0
DA:2499,0
DA:2502,0
DA:2503,0
DA:2506,0
DA:2510,0
DA:2512,0
DA:2513,0
DA:2515,0
DA:2516,0
DA:2517,0
DA:2519,0
DA:2520,0
DA:2523,0
DA:2524,0
DA:2525,0
DA:2527,0
DA:2528,0
DA:2532,0
DA:2533,0
DA:2536,0
DA:2541,0
DA:2544,0
DA:2545,0
DA:2546,0
DA:2548,0
DA:2549,0
DA:2550,0
DA:2551,0
DA:2552,0
DA:2553,0
DA:2559,0
DA:2562,0
DA:2563,0
DA:2564,0
DA:2565,0
DA:2566,0
DA:2567,0
DA:2568,0
DA:2569,0
DA:2575,0
DA:2577,0
DA:2578,0
DA:2581,0
DA:2582,0
DA:2585,0
DA:2587,0
DA:2588,0
DA:2589,0
DA:2590,0
DA:2591,0
DA:2592,0
DA:2593,0
DA:2594,0
DA:2595,0
DA:2599,0
DA:2602,0
DA:2603,0
DA:2604,0
DA:2605,0
DA:2606,0
DA:2607,0
DA:2608,0
DA:2609,0
DA:2612,0
DA:2622,0
DA:2624,0
DA:2625,0
DA:2628,0
DA:2638,0
DA:2642,0
DA:2643,0
DA:2644,0
DA:2647,0
DA:2648,0
DA:2649,0
DA:2651,0
DA:2653,0
DA:2655,0
DA:2656,0
DA:2657,0
DA:2658,0
DA:2659,0
DA:2660,0
DA:2661,0
DA:2662,0
DA:2663,0
DA:2666,0
DA:2667,0
DA:2668,0
DA:2671,0
DA:2672,0
DA:2674,0
DA:2675,0
DA:2676,0
DA:2679,0
DA:2680,0
DA:2683,0
DA:2684,0
DA:2686,0
DA:2687,0
DA:2689,0
DA:2690,0
DA:2694,0
DA:2695,0
DA:2696,0
DA:2697,0
DA:2699,0
DA:2700,0
DA:2702,0
DA:2705,0
DA:2706,0
DA:2711,0
DA:2712,0
DA:2713,0
DA:2714,0
DA:2716,0
DA:2717,0
DA:2721,0
DA:2723,0
DA:2724,0
DA:2729,0
DA:2731,0
DA:2733,0
DA:2734,0
DA:2736,0
DA:2737,0
DA:2739,0
DA:2740,0
DA:2744,0
DA:2747,0
DA:2748,0
DA:2749,0
DA:2753,0
DA:2754,0
DA:2759,0
DA:2760,0
DA:2761,0
DA:2763,0
DA:2764,0
DA:2767,0
DA:2777,0
DA:2781,0
DA:2782,0
DA:2783,0
DA:2785,0
DA:2787,0
DA:2788,0
DA:2789,0
DA:2790,0
DA:2792,0
DA:2793,0
DA:2796,0
DA:2798,0
DA:2799,0
DA:2804,0
DA:2805,0
DA:2807,0
DA:2808,0
DA:2810,0
DA:2811,0
DA:2813,0
DA:2815,0
DA:2816,0
DA:2817,0
DA:2820,0
DA:2822,0
DA:2823,0
DA:2826,0
DA:2827,0
DA:2830,0
DA:2840,0
DA:2844,0
DA:2845,0
DA:2847,0
DA:2849,0
DA:2850,0
DA:2852,0
DA:2853,0
DA:2856,0
DA:2858,0
DA:2859,0
DA:2860,0
DA:2863,0
DA:2865,0
DA:2877,0
DA:2881,0
DA:2882,0
DA:2883,0
DA:2887,0
DA:2888,0
DA:2889,0
DA:2890,0
DA:2891,0
DA:2892,0
DA:2893,0
DA:2897,0
DA:2898,0
DA:2899,0
DA:2900,0
DA:2901,0
DA:2902,0
DA:2905,0
DA:2909,0
DA:2910,0
DA:2911,0
DA:2914,0
DA:2916,0
DA:2930,0
DA:2934,0
DA:2935,0
DA:2938,0
DA:2939,0
DA:2940,0
DA:2942,0
DA:2943,0
DA:2945,0
DA:2947,0
DA:2948,0
DA:2949,0
DA:2951,0
DA:2952,0
DA:2954,0
DA:2956,0
DA:2957,0
DA:2958,0
DA:2960,0
DA:2961,0
DA:2962,0
DA:2967,0
DA:2968,0
DA:2978,0
DA:2980,0
DA:2982,0
DA:2983,0
DA:2984,0
DA:2991,0
DA:2993,0
DA:2995,0
DA:2997,0
DA:2999,0
DA:3001,0
DA:3003,0
DA:3011,0
DA:3013,0
DA:3015,0
DA:3017,0
DA:3028,0
DA:3030,0
DA:3032,0
DA:3034,0
DA:3035,0
DA:3036,0
DA:3037,0
DA:3040,0
DA:3041,0
DA:3042,0
DA:3043,0
DA:3045,0
DA:3048,0
DA:3049,0
DA:3051,0
DA:3053,0
DA:3054,0
DA:3055,0
DA:3058,0
DA:3064,0
DA:3067,0
DA:3071,0
DA:3072,0
DA:3076,0
DA:3078,0
DA:3082,0
DA:3083,0
DA:3084,0
DA:3087,0
DA:3088,0
DA:3089,0
DA:3090,0
DA:3091,0
DA:3097,0
DA:3098,0
DA:3099,0
DA:3103,0
DA:3107,0
DA:3111,0
DA:3112,0
DA:3116,0
DA:3118,0
DA:3122,0
DA:3123,0
DA:3124,0
DA:3127,0
DA:3128,0
DA:3129,0
DA:3130,0
DA:3131,0
DA:3132,0
DA:3133,0
DA:3134,0
DA:3137,0
DA:3140,0
DA:3149,0
DA:3151,0
DA:3152,0
DA:3155,0
DA:3157,0
DA:3165,0
DA:3167,0
DA:3169,0
DA:3170,0
DA:3171,0
DA:3172,0
DA:3175,0
DA:3176,0
DA:3177,0
DA:3178,0
DA:3181,0
DA:3182,0
DA:3183,0
DA:3186,0
DA:3188,0
DA:3189,0
DA:3190,0
DA:3195,0
DA:3196,0
DA:3197,0
DA:3198,0
DA:3199,0
DA:3200,0
DA:3201,0
DA:3211,0
DA:3213,0
DA:3214,0
DA:3215,0
DA:3216,0
DA:3217,0
DA:3218,0
DA:3221,0
DA:3222,0
DA:3223,0
DA:3226,0
DA:3227,0
DA:3230,0
DA:3232,0
DA:3234,0
DA:3235,0
DA:3236,0
DA:3237,0
DA:3240,0
DA:3241,0
DA:3242,0
DA:3245,0
DA:3246,0
DA:3247,0
DA:3248,0
DA:3249,0
DA:3258,0
DA:3260,0
DA:3263,0
DA:3264,0
DA:3265,0
DA:3267,0
DA:3268,0
DA:3269,0
DA:3273,0
DA:3276,0
DA:3278,0
DA:3279,0
DA:3280,0
DA:3284,0
DA:3286,0
DA:3287,0
DA:3288,0
DA:3291,0
DA:3293,0
DA:3294,0
DA:3295,0
DA:3296,0
DA:3298,0
DA:3299,0
DA:3303,0
DA:3304,0
DA:3306,0
DA:3307,0
DA:3308,0
DA:3309,0
DA:3310,0
DA:3311,0
DA:3315,0
DA:3316,0
DA:3317,0
DA:3318,0
DA:3319,0
DA:3320,0
DA:3326,0
DA:3328,0
DA:3329,0
DA:3330,0
DA:3331,0
DA:3332,0
DA:3333,0
DA:3334,0
DA:3335,0
DA:3336,0
DA:3340,0
DA:3341,0
DA:3342,0
DA:3343,0
DA:3346,0
DA:3349,0
DA:3352,0
DA:3354,0
DA:3355,0
DA:3356,0
DA:3360,0
DA:3362,0
DA:3363,0
DA:3364,0
DA:3367,0
DA:3369,0
DA:3370,0
DA:3371,0
DA:3372,0
DA:3374,0
DA:3375,0
DA:3379,0
DA:3380,0
DA:3382,0
DA:3383,0
DA:3384,0
DA:3385,0
DA:3386,0
DA:3387,0
DA:3391,0
DA:3392,0
DA:3393,0
DA:3394,0
DA:3395,0
DA:3396,0
DA:3402,0
DA:3404,0
DA:3405,0
DA:3406,0
DA:3407,0
DA:3408,0
DA:3409,0
DA:3410,0
DA:3412,0
DA:3413,0
DA:3414,0
DA:3415,0
DA:3416,0
DA:3417,0
DA:3418,0
DA:3422,0
DA:3423,0
DA:3424,0
DA:3425,0
DA:3428,0
DA:3452,0
DA:3454,0
DA:3456,0
DA:3457,0
DA:3458,0
DA:3460,0
DA:3462,0
DA:3464,0
DA:3465,0
DA:3466,0
DA:3473,0
DA:3474,0
DA:3475,0
DA:3476,0
DA:3477,0
DA:3478,0
DA:3479,0
DA:3480,0
DA:3482,0
DA:3485,0
DA:3486,0
DA:3487,0
DA:3488,0
DA:3489,0
DA:3491,0
DA:3493,0
DA:3494,0
DA:3495,0
DA:3496,0
DA:3497,0
DA:3498,0
DA:3499,0
DA:3501,0
DA:3513,0
DA:3515,0
DA:3517,0
DA:3518,0
DA:3519,0
DA:3520,0
DA:3521,0
DA:3522,0
DA:3525,0
DA:3527,0
DA:3538,0
DA:3540,0
DA:3541,0
DA:3542,0
DA:3543,0
DA:3544,0
DA:3545,0
DA:3546,0
DA:3547,0
DA:3548,0
DA:3559,0
DA:3561,0
DA:3562,0
DA:3563,0
DA:3565,0
DA:3567,0
DA:3568,0
DA:3569,0
DA:3570,0
DA:3571,0
DA:3572,0
DA:3573,0
DA:3576,0
DA:3577,0
DA:3578,0
DA:3579,0
DA:3580,0
DA:3583,0
DA:3597,0
DA:3599,0
DA:3601,0
DA:3602,0
DA:3603,0
DA:3605,0
DA:3606,0
DA:3607,0
DA:3609,0
DA:3611,0
DA:3612,0
DA:3614,0
DA:3615,0
DA:3616,0
DA:3617,0
DA:3619,0
DA:3622,0
DA:3623,0
DA:3624,0
DA:3626,0
DA:3627,0
DA:3628,0
DA:3629,0
DA:3631,0
DA:3635,0
DA:3637,0
DA:3638,0
DA:3639,0
DA:3640,0
DA:3642,0
DA:3644,0
DA:3648,0
DA:3654,0
DA:3655,0
DA:3659,0
DA:3662,0
DA:3664,0
DA:3666,0
DA:3667,0
DA:3668,0
DA:3669,0
DA:3670,0
DA:3671,0
DA:3672,0
DA:3674,0
DA:3675,0
DA:3676,0
DA:3677,0
DA:3678,0
DA:3682,0
DA:3683,0
DA:3684,0
DA:3685,0
DA:3686,0
DA:3687,0
DA:3693,0
DA:3695,0
DA:3697,0
DA:3698,0
DA:3700,0
DA:3701,0
DA:3702,0
DA:3703,0
DA:3706,0
DA:3707,0
DA:3711,0
DA:3712,0
DA:3713,0
DA:3714,0
DA:3715,0
DA:3716,0
DA:3719,0
DA:3721,0
DA:3722,0
DA:3723,0
DA:3726,0
DA:3727,0
DA:3728,0
DA:3731,0
DA:3734,0
DA:3737,0
DA:3738,0
DA:3739,0
DA:3740,0
DA:3743,0
DA:3744,0
DA:3745,0
DA:3750,0
DA:3752,0
DA:3753,0
DA:3755,0
DA:3756,0
DA:3758,0
DA:3763,0
DA:3764,0
DA:3766,0
DA:3767,0
DA:3774,0
DA:3788,0
DA:3790,0
DA:3793,0
DA:3795,0
DA:3797,0
DA:3799,0
DA:3801,0
DA:3802,0
DA:3803,0
DA:3804,0
DA:3805,0
DA:3807,0
DA:3808,0
DA:3809,0
DA:3812,0
DA:3813,0
DA:3815,0
DA:3816,0
DA:3817,0
DA:3819,0
DA:3820,0
DA:3821,0
DA:3822,0
DA:3823,0
DA:3825,0
DA:3826,0
DA:3827,0
DA:3828,0
DA:3829,0
DA:3831,0
DA:3832,0
DA:3833,0
DA:3834,0
DA:3836,0
DA:3837,0
DA:3838,0
DA:3839,0
DA:3842,0
DA:3849,0
DA:3853,0
DA:3856,0
DA:3857,0
DA:3860,0
DA:3862,0
DA:3864,0
DA:3866,0
DA:3867,0
DA:3869,0
DA:3870,0
DA:3871,0
DA:3872,0
DA:3873,0
DA:3875,0
DA:3876,0
DA:3878,0
DA:3879,0
DA:3881,0
DA:3882,0
DA:3884,0
DA:3885,0
DA:3888,0
DA:3889,0
DA:3890,0
DA:3892,0
DA:3893,0
DA:3894,0
DA:3895,0
DA:3896,0
DA:3897,0
DA:3898,0
DA:3899,0
DA:3900,0
DA:3903,0
DA:3908,0
DA:3909,0
DA:3911,0
DA:3912,0
DA:3913,0
DA:3918,0
DA:3920,0
DA:3922,0
DA:3923,0
DA:3924,0
DA:3925,0
DA:3926,0
DA:3928,0
DA:3929,0
DA:3930,0
DA:3931,0
DA:3933,0
DA:3934,0
DA:3936,0
DA:3937,0
DA:3938,0
DA:3939,0
DA:3940,0
DA:3942,0
DA:3943,0
DA:3944,0
DA:3946,0
DA:3947,0
DA:3950,0
DA:3951,0
DA:3952,0
DA:3954,0
DA:3957,0
DA:3975,0
DA:3977,0
DA:3978,0
DA:3979,0
DA:3980,0
DA:3981,0
DA:3982,0
DA:3983,0
DA:3985,0
DA:3986,0
DA:3987,0
DA:3988,0
DA:3990,0
DA:3991,0
DA:3992,0
DA:3994,0
DA:3995,0
DA:3996,0
DA:3998,0
DA:3999,0
DA:4000,0
DA:4002,0
DA:4005,0
DA:4006,0
DA:4007,0
DA:4008,0
DA:4009,0
DA:4010,0
DA:4012,0
DA:4013,0
DA:4014,0
DA:4015,0
DA:4017,0
DA:4018,0
DA:4019,0
DA:4020,0
DA:4021,0
DA:4023,0
DA:4024,0
DA:4025,0
DA:4026,0
DA:4027,0
DA:4029,0
DA:4030,0
DA:4031,0
DA:4032,0
DA:4033,0
DA:4035,0
DA:4036,0
DA:4037,0
DA:4038,0
DA:4039,0
DA:4040,0
DA:4042,0
DA:4043,0
DA:4044,0
DA:4045,0
DA:4046,0
DA:4048,0
DA:4049,0
DA:4050,0
DA:4051,0
DA:4052,0
DA:4054,0
DA:4058,0
DA:4062,0
DA:4064,0
DA:4065,0
DA:4066,0
DA:4067,0
DA:4068,0
DA:4069,0
DA:4071,0
DA:4072,0
DA:4073,0
DA:4075,0
DA:4079,0
DA:4081,0
DA:4082,0
DA:4083,0
DA:4084,0
DA:4085,0
DA:4086,0
DA:4089,0
DA:4090,0
DA:4091,0
DA:4092,0
DA:4094,0
DA:4095,0
DA:4097,0
DA:4098,0
DA:4100,0
DA:4101,0
DA:4103,0
DA:4104,0
DA:4106,0
DA:4107,0
DA:4109,0
DA:4110,0
DA:4113,0
DA:4114,0
DA:4115,0
DA:4118,0
DA:4122,0
DA:4124,0
DA:4127,0
DA:4129,0
DA:4130,0
DA:4131,0
DA:4133,0
DA:4135,0
DA:4136,0
DA:4138,0
DA:4140,0
DA:4142,0
DA:4144,0
DA:4145,0
DA:4146,0
DA:4148,0
DA:4149,0
DA:4150,0
DA:4152,0
DA:4153,0
DA:4155,0
DA:4157,0
DA:4158,0
DA:4159,0
DA:4160,0
DA:4163,0
DA:4165,0
DA:4166,0
DA:4168,0
DA:4170,0
DA:4171,0
DA:4173,0
DA:4175,0
DA:4176,0
DA:4178,0
DA:4180,0
DA:4181,0
DA:4183,0
DA:4185,0
DA:4186,0
DA:4188,0
DA:4190,0
DA:4191,0
DA:4193,0
DA:4196,0
DA:4198,0
DA:4201,0
DA:4202,0
DA:4204,0
DA:4210,0
DA:4211,0
DA:4213,0
DA:4214,0
DA:4215,0
DA:4216,0
DA:4217,0
DA:4218,0
DA:4219,0
DA:4222,0
DA:4225,0
DA:4226,0
DA:4227,0
DA:4229,0
DA:4231,0
DA:4232,0
DA:4234,0
DA:4236,0
DA:4238,0
DA:4239,0
DA:4240,0
DA:4242,0
DA:4244,0
DA:4246,0
DA:4247,0
DA:4248,0
DA:4250,0
DA:4251,0
DA:4252,0
DA:4253,0
DA:4254,0
DA:4256,0
DA:4257,0
DA:4258,0
DA:4259,0
DA:4261,0
DA:4265,0
DA:4267,0
DA:4271,0
DA:4273,0
DA:4274,0
DA:4275,0
DA:4277,0
DA:4278,0
DA:4279,0
DA:4280,0
DA:4282,0
DA:4284,0
DA:4286,0
DA:4288,0
DA:4289,0
DA:4290,0
DA:4293,0
DA:4295,0
DA:4297,0
DA:4298,0
DA:4301,0
DA:4303,0
DA:4307,0
DA:4308,0
DA:4309,0
DA:4310,0
DA:4313,0
DA:4314,0
DA:4315,0
DA:4316,0
DA:4319,0
DA:4320,0
DA:4324,0
DA:4325,0
DA:4327,0
DA:4328,0
DA:4330,0
DA:4331,0
DA:4334,0
DA:4335,0
DA:4336,0
DA:4337,0
DA:4339,0
DA:4343,0
DA:4344,0
DA:4345,0
DA:4346,0
DA:4347,0
DA:4348,0
DA:4350,0
DA:4354,0
DA:4355,0
DA:4356,0
DA:4357,0
DA:4360,0
DA:4361,0
DA:4362,0
DA:4363,0
DA:4366,0
DA:4367,0
DA:4371,0
DA:4372,0
DA:4374,0
DA:4375,0
DA:4377,0
DA:4378,0
DA:4381,0
DA:4382,0
DA:4383,0
DA:4384,0
DA:4385,0
DA:4388,0
DA:4389,0
DA:4390,0
DA:4391,0
DA:4394,0
DA:4399,0
DA:4400,0
DA:4401,0
DA:4403,0
DA:4405,0
DA:4407,0
DA:4408,0
DA:4409,0
DA:4410,0
DA:4412,0
DA:4416,0
DA:4418,0
DA:4419,0
DA:4420,0
DA:4421,0
DA:4423,0
DA:4424,0
DA:4428,0
DA:4429,0
DA:4431,0
DA:4432,0
DA:4433,0
DA:4434,0
DA:4435,0
DA:4438,0
DA:4441,0
DA:4442,0
DA:4443,0
DA:4444,0
DA:4447,0
DA:4448,0
DA:4452,0
DA:4453,0
DA:4456,0
DA:4457,0
DA:4458,0
DA:4459,0
DA:4461,0
DA:4465,0
DA:4466,0
DA:4467,0
DA:4468,0
DA:4469,0
DA:4470,0
DA:4472,0
DA:4476,0
DA:4477,0
DA:4478,0
DA:4479,0
DA:4482,0
DA:4483,0
DA:4487,0
DA:4488,0
DA:4491,0
DA:4492,0
DA:4493,0
DA:4494,0
DA:4495,0
DA:4496,0
DA:4497,0
DA:4499,0
DA:4503,0
DA:4507,0
DA:4513,0
DA:4515,0
DA:4516,0
DA:4517,0
DA:4519,0
DA:4520,0
DA:4521,0
DA:4522,0
DA:4524,0
DA:4526,0
DA:4528,0
DA:4530,0
DA:4532,0
DA:4533,0
DA:4535,0
DA:4537,0
DA:4538,0
DA:4540,0
DA:4544,0
DA:4545,0
DA:4549,0
DA:4550,0
DA:4553,0
DA:4554,0
DA:4557,0
DA:4559,0
DA:4560,0
DA:4561,0
DA:4566,0
DA:4567,0
DA:4568,0
DA:4569,0
DA:4570,0
DA:4573,0
DA:4576,0
DA:4578,0
DA:4579,0
DA:4581,0
DA:4582,0
DA:4585,0
DA:4587,0
DA:4589,0
DA:4590,0
DA:4594,0
DA:4595,0
DA:4599,0
DA:4600,0
DA:4602,0
DA:4606,0
DA:4607,0
DA:4608,0
DA:4609,0
DA:4610,0
DA:4611,0
DA:4615,0
DA:4616,0
DA:4617,0
DA:4618,0
DA:4619,0
DA:4621,0
DA:4622,0
DA:4624,0
DA:4625,0
DA:4627,0
DA:4631,0
DA:4632,0
DA:4633,0
DA:4634,0
DA:4636,0
DA:4637,0
DA:4638,0
DA:4640,0
DA:4641,0
DA:4642,0
DA:4643,0
DA:4644,0
DA:4647,0
DA:4649,0
DA:4685,0
DA:4687,0
DA:4689,0
DA:4691,0
DA:4692,0
DA:4694,0
DA:4695,0
DA:4696,0
DA:4697,0
DA:4698,0
DA:4699,0
DA:4700,0
DA:4704,0
DA:4705,0
DA:4706,0
DA:4707,0
DA:4708,0
DA:4709,0
DA:4710,0
DA:4711,0
DA:4712,0
DA:4716,0
DA:4717,0
DA:4718,0
DA:4719,0
DA:4720,0
DA:4726,0
DA:4727,0
DA:4728,0
DA:4732,0
DA:4735,0
DA:4736,0
DA:4737,0
DA:4738,0
DA:4739,0
DA:4740,0
DA:4744,0
DA:4745,0
DA:4747,0
DA:4748,0
DA:4749,0
DA:4750,0
DA:4751,0
DA:4752,0
DA:4753,0
DA:4754,0
DA:4756,0
DA:4758,0
DA:4759,0
DA:4760,0
DA:4761,0
DA:4762,0
DA:4763,0
DA:4764,0
DA:4765,0
DA:4766,0
DA:4767,0
DA:4768,0
DA:4770,0
DA:4772,0
DA:4773,0
DA:4774,0
DA:4775,0
DA:4776,0
DA:4777,0
DA:4778,0
DA:4779,0
DA:4780,0
DA:4781,0
DA:4782,0
DA:4783,0
DA:4784,0
DA:4786,0
DA:4789,0
DA:4791,0
DA:4793,0
DA:4795,0
DA:4797,0
DA:4798,0
DA:4799,0
DA:4800,0
DA:4801,0
DA:4802,0
DA:4803,0
DA:4804,0
DA:4805,0
DA:4806,0
DA:4807,0
DA:4809,0
DA:4813,0
DA:4814,0
DA:4815,0
DA:4817,0
DA:4819,0
DA:4821,0
DA:4822,0
DA:4823,0
DA:4824,0
DA:4825,0
DA:4826,0
DA:4827,0
DA:4828,0
DA:4829,0
DA:4830,0
DA:4831,0
DA:4833,0
DA:4837,0
DA:4838,0
DA:4839,0
DA:4841,0
DA:4843,0
DA:4845,0
DA:4846,0
DA:4847,0
DA:4848,0
DA:4849,0
DA:4850,0
DA:4851,0
DA:4852,0
DA:4853,0
DA:4854,0
DA:4855,0
DA:4857,0
DA:4858,0
DA:4859,0
DA:4860,0
DA:4862,0
DA:4864,0
DA:4866,0
DA:4867,0
DA:4868,0
DA:4869,0
DA:4870,0
DA:4871,0
DA:4872,0
DA:4873,0
DA:4874,0
DA:4875,0
DA:4876,0
DA:4878,0
DA:4881,0
DA:4882,0
DA:4883,0
DA:4885,0
DA:4888,0
DA:4890,0
DA:4892,0
DA:4900,0
DA:4902,0
DA:4903,0
DA:4904,0
DA:4905,0
DA:4906,0
DA:4908,0
DA:4910,0
DA:4918,0
DA:4922,0
DA:4924,0
DA:4925,0
DA:4926,0
DA:4927,0
DA:4928,0
DA:4929,0
DA:4930,0
DA:4931,0
DA:4932,0
DA:4933,0
DA:4934,0
DA:4935,0
DA:4936,0
DA:4937,0
DA:4938,0
DA:4940,0
DA:4941,0
DA:4942,0
DA:4945,0
DA:4946,0
DA:4947,0
DA:4948,0
DA:4949,0
DA:4950,0
DA:4951,0
DA:4952,0
DA:4953,0
DA:4954,0
DA:4955,0
DA:4956,0
DA:4957,0
DA:4958,0
DA:4960,0
DA:4961,0
DA:4962,0
DA:4964,0
DA:4965,0
DA:4976,0
DA:4978,0
DA:4980,0
DA:4982,0
DA:4983,0
DA:4984,0
DA:4985,0
DA:4986,0
DA:4987,0
DA:4988,0
DA:4989,0
DA:4990,0
DA:4993,0
DA:4994,0
DA:4995,0
DA:4996,0
DA:4997,0
DA:4998,0
DA:4999,0
DA:5000,0
DA:5012,0
DA:5014,0
DA:5015,0
DA:5017,0
DA:5019,0
DA:5020,0
DA:5022,0
DA:5024,0
DA:5025,0
DA:5026,0
DA:5028,0
DA:5029,0
DA:5030,0
DA:5031,0
DA:5032,0
DA:5033,0
DA:5034,0
DA:5035,0
DA:5039,0
DA:5040,0
DA:5041,0
DA:5042,0
DA:5043,0
DA:5044,0
DA:5045,0
DA:5049,0
DA:5057,0
DA:5060,0
DA:5061,0
DA:5062,0
DA:5064,0
DA:5065,0
DA:5066,0
DA:5067,0
DA:5068,0
DA:5070,0
DA:5071,0
DA:5074,0
DA:5075,0
DA:5076,0
DA:5077,0
DA:5079,0
DA:5080,0
DA:5083,0
DA:5091,0
DA:5094,0
DA:5095,0
DA:5096,0
DA:5098,0
DA:5099,0
DA:5100,0
DA:5101,0
DA:5102,0
DA:5104,0
DA:5105,0
DA:5106,0
DA:5107,0
DA:5109,0
DA:5110,0
DA:5111,0
DA:5112,0
DA:5116,0
DA:5117,0
DA:5121,0
DA:5122,0
DA:5123,0
DA:5124,0
DA:5126,0
DA:5127,0
DA:5128,0
DA:5129,0
DA:5131,0
DA:5132,0
DA:5133,0
DA:5134,0
DA:5138,0
DA:5139,0
DA:5143,0
DA:5145,0
DA:5147,0
DA:5163,0
DA:5167,0
DA:5168,0
DA:5169,0
DA:5171,0
DA:5173,0
DA:5174,0
DA:5175,0
DA:5176,0
DA:5177,0
DA:5180,0
DA:5182,0
DA:5183,0
DA:5184,0
DA:5185,0
DA:5186,0
DA:5187,0
DA:5189,0
DA:5190,0
DA:5191,0
DA:5192,0
DA:5193,0
DA:5194,0
DA:5197,0
DA:5198,0
DA:5199,0
DA:5200,0
DA:5203,0
DA:5204,0
DA:5205,0
DA:5206,0
DA:5207,0
DA:5208,0
DA:5220,0
DA:5222,0
DA:5223,0
DA:5225,0
DA:5227,0
DA:5228,0
DA:5230,0
DA:5239,0
DA:5242,0
DA:5243,0
DA:5244,0
DA:5245,0
DA:5247,0
DA:5248,0
DA:5249,0
DA:5250,0
DA:5251,0
DA:5252,0
DA:5254,0
DA:5258,0
DA:5259,0
DA:5260,0
DA:5262,0
DA:5263,0
DA:5267,0
DA:5268,0
DA:5269,0
DA:5270,0
DA:5271,0
DA:5273,0
DA:5277,0
DA:5278,0
DA:5279,0
DA:5280,0
DA:5281,0
DA:5284,0
DA:5292,0
DA:5295,0
DA:5296,0
DA:5298,0
DA:5299,0
DA:5303,0
DA:5304,0
DA:5305,0
DA:5307,0
DA:5310,0
DA:5314,0
DA:5315,0
DA:5316,0
DA:5318,0
DA:5321,0
DA:5323,0
DA:5324,0
DA:5325,0
DA:5326,0
DA:5328,0
DA:5338,0
DA:5370,0
DA:5372,0
DA:5374,0
DA:5375,0
DA:5380,0
DA:5384,0
DA:5385,0
DA:5387,0
DA:5388,0
DA:5391,0
DA:5400,0
DA:5402,0
DA:5406,0
DA:5408,0
DA:5409,0
DA:5410,0
DA:5411,0
DA:5412,0
DA:5415,0
DA:5417,0
DA:5421,0
DA:5429,0
DA:5431,0
DA:5433,0
DA:5435,0
DA:5436,0
DA:5438,0
DA:5439,0
DA:5440,0
DA:5444,0
DA:5446,0
DA:5447,0
DA:5448,0
DA:5450,0
DA:5451,0
DA:5452,0
DA:5453,0
DA:5454,0
DA:5455,0
DA:5456,0
DA:5458,0
DA:5461,0
DA:5462,0
DA:5463,0
DA:5465,0
DA:5466,0
DA:5467,0
DA:5468,0
DA:5469,0
DA:5471,0
DA:5472,0
DA:5473,0
DA:5474,0
DA:5476,0
DA:5478,0
DA:5486,0
DA:5488,0
DA:5490,0
DA:5491,0
DA:5492,0
DA:5494,0
DA:5496,0
DA:5497,0
DA:5499,0
DA:5501,0
DA:5509,0
DA:5511,0
DA:5513,0
DA:5514,0
DA:5515,0
DA:5517,0
DA:5519,0
DA:5521,0
DA:5523,0
DA:5524,0
DA:5526,0
DA:5527,0
DA:5528,0
DA:5533,0
DA:5534,0
DA:5535,0
DA:5536,0
DA:5537,0
DA:5540,0
DA:5542,0
DA:5550,0
DA:5553,0
DA:5555,0
DA:5556,0
DA:5557,0
DA:5558,0
DA:5566,0
DA:5568,0
DA:5570,0
DA:5571,0
DA:5581,0
DA:5612,0
DA:5614,0
DA:5615,0
DA:5619,0
DA:5621,0
DA:5622,0
DA:5624,0
DA:5625,0
DA:5628,0
DA:5631,0
DA:5633,0
DA:5641,0
DA:5643,0
DA:5645,0
DA:5647,0
DA:5648,0
DA:5649,0
DA:5651,0
DA:5653,0
DA:5654,0
DA:5655,0
DA:5658,0
DA:5659,0
DA:5662,0
DA:5664,0
DA:5666,0
DA:5668,0
DA:5669,0
DA:5671,0
DA:5672,0
DA:5675,0
DA:5683,0
DA:5685,0
DA:5687,0
DA:5689,0
DA:5690,0
DA:5691,0
DA:5694,0
DA:5695,0
DA:5698,0
DA:5699,0
DA:5700,0
DA:5702,0
DA:5703,0
DA:5705,0
DA:5708,0
DA:5716,0
DA:5718,0
DA:5719,0
DA:5720,0
DA:5721,0
DA:5723,0
DA:5724,0
DA:5725,0
DA:5727,0
DA:5729,0
DA:5730,0
DA:5731,0
DA:5734,0
DA:5735,0
DA:5738,0
DA:5739,0
DA:5742,0
DA:5750,0
DA:5752,0
DA:5754,0
DA:5755,0
DA:5756,0
DA:5765,0
DA:5767,0
DA:5769,0
DA:5771,0
DA:5782,0
DA:5818,0
DA:5820,0
DA:5822,0
DA:5824,0
DA:5829,0
DA:5830,0
DA:5831,0
DA:5832,0
DA:5834,0
DA:5835,0
DA:5836,0
DA:5837,0
DA:5840,0
DA:5843,0
DA:5851,0
DA:5853,0
DA:5855,0
DA:5857,0
DA:5859,0
DA:5861,0
DA:5862,0
DA:5863,0
DA:5865,0
DA:5868,0
DA:5870,0
DA:5873,0
DA:5874,0
DA:5876,0
DA:5878,0
DA:5880,0
DA:5888,0
DA:5890,0
DA:5892,0
DA:5894,0
DA:5895,0
DA:5896,0
DA:5899,0
DA:5901,0
DA:5902,0
DA:5903,0
DA:5904,0
DA:5905,0
DA:5908,0
DA:5910,0
DA:5918,0
DA:5920,0
DA:5922,0
DA:5924,0
DA:5926,0
DA:5928,0
DA:5930,0
DA:5931,0
DA:5932,0
DA:5936,0
DA:5937,0
DA:5939,0
DA:5944,0
DA:5945,0
DA:5947,0
DA:5948,0
DA:5949,0
DA:5950,0
DA:5952,0
DA:5953,0
DA:5954,0
DA:5955,0
DA:5957,0
DA:5958,0
DA:5959,0
DA:5960,0
DA:5962,0
DA:5964,0
DA:5965,0
DA:5968,0
DA:5976,0
DA:5978,0
DA:5980,0
DA:5981,0
DA:5983,0
DA:5984,0
DA:5985,0
DA:5988,0
DA:5990,0
DA:5991,0
DA:5992,0
DA:5993,0
DA:5995,0
DA:5996,0
DA:5998,0
DA:5999,0
DA:6000,0
DA:6001,0
DA:6004,0
DA:6005,0
DA:6006,0
DA:6008,0
DA:6011,0
DA:6013,0
DA:6021,0
DA:6023,0
DA:6024,0
DA:6026,0
DA:6028,0
DA:6030,0
DA:6040,0
DA:6057,0
DA:6059,0
DA:6061,0
DA:6065,0
DA:6066,0
DA:6067,0
DA:6069,0
DA:6070,0
DA:6073,0
DA:6076,0
DA:6080,0
DA:6082,0
DA:6085,0
DA:6087,0
DA:6088,0
DA:6091,0
DA:6092,0
DA:6094,0
DA:6096,0
DA:6097,0
DA:6099,0
DA:6100,0
DA:6102,0
DA:6104,0
DA:6105,0
DA:6117,0
DA:6196,0
DA:6206,0
DA:6208,0
DA:6210,0
DA:6211,0
DA:6212,0
DA:6213,0
DA:6215,0
DA:6216,0
DA:6217,0
DA:6219,0
DA:6221,0
DA:6224,0
DA:6226,0
DA:6227,0
DA:6231,0
DA:6233,0
DA:6234,0
DA:6235,0
DA:6236,0
DA:6238,0
DA:6239,0
DA:6241,0
DA:6243,0
DA:6246,0
DA:6247,0
DA:6248,0
DA:6249,0
DA:6250,0
DA:6252,0
DA:6253,0
DA:6255,0
DA:6257,0
DA:6258,0
DA:6259,0
DA:6264,0
DA:6265,0
DA:6267,0
DA:6268,0
DA:6270,0
DA:6271,0
DA:6274,0
DA:6275,0
DA:6276,0
DA:6277,0
DA:6280,0
DA:6284,0
DA:6286,0
DA:6288,0
DA:6290,0
DA:6292,0
DA:6293,0
DA:6294,0
DA:6295,0
DA:6298,0
DA:6299,0
DA:6303,0
DA:6305,0
DA:6309,0
DA:6310,0
DA:6311,0
DA:6312,0
DA:6313,0
DA:6314,0
DA:6315,0
DA:6316,0
DA:6320,0
DA:6321,0
DA:6324,0
DA:6329,0
DA:6333,0
DA:6334,0
DA:6337,0
DA:6338,0
DA:6339,0
DA:6340,0
DA:6341,0
DA:6342,0
DA:6343,0
DA:6346,0
DA:6352,0
DA:6353,0
DA:6355,0
DA:6356,0
DA:6357,0
DA:6362,0
DA:6364,0
DA:6365,0
DA:6366,0
DA:6369,0
DA:6510,0
DA:6512,0
DA:6514,0
DA:6516,0
LF:3176
LH:0
BRDA:96,0,0,0
BRDA:96,0,1,0
BRDA:176,1,0,0
BRDA:176,1,1,0
BRDA:189,2,0,0
BRDA:189,2,1,0
BRDA:189,2,2,0
BRDA:189,2,3,0
BRDA:189,2,4,0
BRDA:189,2,5,0
BRDA:195,3,0,0
BRDA:195,3,1,0
BRDA:200,4,0,0
BRDA:200,4,1,0
BRDA:211,5,0,0
BRDA:211,5,1,0
BRDA:211,6,0,0
BRDA:211,6,1,0
BRDA:211,6,2,0
BRDA:211,6,3,0
BRDA:250,7,0,0
BRDA:250,7,1,0
BRDA:252,8,0,0
BRDA:252,8,1,0
BRDA:271,9,0,0
BRDA:271,9,1,0
BRDA:272,10,0,0
BRDA:272,10,1,0
BRDA:272,11,0,0
BRDA:272,11,1,0
BRDA:273,12,0,0
BRDA:273,12,1,0
BRDA:283,13,0,0
BRDA:283,13,1,0
BRDA:294,14,0,0
BRDA:294,14,1,0
BRDA:303,15,0,0
BRDA:303,15,1,0
BRDA:305,16,0,0
BRDA:305,16,1,0
BRDA:311,17,0,0
BRDA:311,17,1,0
BRDA:320,18,0,0
BRDA:320,18,1,0
BRDA:350,19,0,0
BRDA:350,19,1,0
BRDA:350,20,0,0
BRDA:350,20,1,0
BRDA:350,20,2,0
BRDA:357,21,0,0
BRDA:357,21,1,0
BRDA:362,22,0,0
BRDA:362,22,1,0
BRDA:381,23,0,0
BRDA:381,23,1,0
BRDA:383,24,0,0
BRDA:383,24,1,0
BRDA:387,25,0,0
BRDA:387,25,1,0
BRDA:387,26,0,0
BRDA:387,26,1,0
BRDA:389,27,0,0
BRDA:389,27,1,0
BRDA:390,28,0,0
BRDA:390,28,1,0
BRDA:393,29,0,0
BRDA:393,29,1,0
BRDA:395,30,0,0
BRDA:395,30,1,0
BRDA:401,31,0,0
BRDA:401,31,1,0
BRDA:559,32,0,0
BRDA:559,32,1,0
BRDA:612,33,0,0
BRDA:612,33,1,0
BRDA:625,34,0,0
BRDA:625,34,1,0
BRDA:625,35,0,0
BRDA:625,35,1,0
BRDA:638,36,0,0
BRDA:638,36,1,0
BRDA:650,37,0,0
BRDA:650,37,1,0
BRDA:657,38,0,0
BRDA:657,38,1,0
BRDA:658,39,0,0
BRDA:658,39,1,0
BRDA:751,40,0,0
BRDA:751,40,1,0
BRDA:755,41,0,0
BRDA:755,41,1,0
BRDA:795,42,0,0
BRDA:795,42,1,0
BRDA:795,42,2,0
BRDA:795,42,3,0
BRDA:795,42,4,0
BRDA:795,42,5,0
BRDA:826,43,0,0
BRDA:826,43,1,0
BRDA:834,44,0,0
BRDA:834,44,1,0
BRDA:858,45,0,0
BRDA:858,45,1,0
BRDA:872,46,0,0
BRDA:872,46,1,0
BRDA:872,47,0,0
BRDA:872,47,1,0
BRDA:876,48,0,0
BRDA:876,48,1,0
BRDA:876,49,0,0
BRDA:876,49,1,0
BRDA:881,50,0,0
BRDA:881,50,1,0
BRDA:881,50,2,0
BRDA:881,50,3,0
BRDA:881,50,4,0
BRDA:915,51,0,0
BRDA:915,51,1,0
BRDA:921,52,0,0
BRDA:921,52,1,0
BRDA:921,52,2,0
BRDA:921,52,3,0
BRDA:921,52,4,0
BRDA:921,52,5,0
BRDA:921,52,6,0
BRDA:921,52,7,0
BRDA:921,52,8,0
BRDA:921,52,9,0
BRDA:921,52,10,0
BRDA:921,52,11,0
BRDA:921,52,12,0
BRDA:921,52,13,0
BRDA:921,52,14,0
BRDA:921,52,15,0
BRDA:937,53,0,0
BRDA:937,53,1,0
BRDA:943,54,0,0
BRDA:943,54,1,0
BRDA:943,55,0,0
BRDA:943,55,1,0
BRDA:949,56,0,0
BRDA:949,56,1,0
BRDA:955,57,0,0
BRDA:955,57,1,0
BRDA:955,58,0,0
BRDA:955,58,1,0
BRDA:955,58,2,0
BRDA:955,58,3,0
BRDA:960,59,0,0
BRDA:960,59,1,0
BRDA:964,60,0,0
BRDA:964,60,1,0
BRDA:1005,61,0,0
BRDA:1005,61,1,0
BRDA:1013,62,0,0
BRDA:1013,62,1,0
BRDA:1073,63,0,0
BRDA:1073,63,1,0
BRDA:1073,63,2,0
BRDA:1073,63,3,0
BRDA:1073,63,4,0
BRDA:1073,63,5,0
BRDA:1073,63,6,0
BRDA:1073,63,7,0
BRDA:1073,63,8,0
BRDA:1073,63,9,0
BRDA:1073,63,10,0
BRDA:1073,63,11,0
BRDA:1073,63,12,0
BRDA:1073,63,13,0
BRDA:1073,63,14,0
BRDA:1073,63,15,0
BRDA:1073,63,16,0
BRDA:1073,63,17,0
BRDA:1073,63,18,0
BRDA:1105,64,0,0
BRDA:1105,64,1,0
BRDA:1108,65,0,0
BRDA:1108,65,1,0
BRDA:1114,66,0,0
BRDA:1114,66,1,0
BRDA:1132,67,0,0
BRDA:1132,67,1,0
BRDA:1132,68,0,0
BRDA:1132,68,1,0
BRDA:1137,69,0,0
BRDA:1137,69,1,0
BRDA:1137,70,0,0
BRDA:1137,70,1,0
BRDA:1137,70,2,0
BRDA:1137,70,3,0
BRDA:1137,70,4,0
BRDA:1137,70,5,0
BRDA:1143,71,0,0
BRDA:1143,71,1,0
BRDA:1144,72,0,0
BRDA:1144,72,1,0
BRDA:1144,73,0,0
BRDA:1144,73,1,0
BRDA:1159,74,0,0
BRDA:1159,74,1,0
BRDA:1159,75,0,0
BRDA:1159,75,1,0
BRDA:1164,76,0,0
BRDA:1164,76,1,0
BRDA:1210,77,0,0
BRDA:1210,77,1,0
BRDA:1211,78,0,0
BRDA:1211,78,1,0
BRDA:1218,79,0,0
BRDA:1218,79,1,0
BRDA:1225,80,0,0
BRDA:1225,80,1,0
BRDA:1229,81,0,0
BRDA:1229,81,1,0
BRDA:1254,82,0,0
BRDA:1254,82,1,0
BRDA:1259,83,0,0
BRDA:1259,83,1,0
BRDA:1261,84,0,0
BRDA:1261,84,1,0
BRDA:1265,85,0,0
BRDA:1265,85,1,0
BRDA:1280,86,0,0
BRDA:1280,86,1,0
BRDA:1287,87,0,0
BRDA:1287,87,1,0
BRDA:1290,88,0,0
BRDA:1290,88,1,0
BRDA:1292,89,0,0
BRDA:1292,89,1,0
BRDA:1295,90,0,0
BRDA:1295,90,1,0
BRDA:1305,91,0,0
BRDA:1305,91,1,0
BRDA:1305,92,0,0
BRDA:1305,92,1,0
BRDA:1308,93,0,0
BRDA:1308,93,1,0
BRDA:1308,94,0,0
BRDA:1308,94,1,0
BRDA:1313,95,0,0
BRDA:1313,95,1,0
BRDA:1315,96,0,0
BRDA:1315,96,1,0
BRDA:1316,97,0,0
BRDA:1316,97,1,0
BRDA:1322,98,0,0
BRDA:1322,98,1,0
BRDA:1323,99,0,0
BRDA:1323,99,1,0
BRDA:1335,100,0,0
BRDA:1335,100,1,0
BRDA:1335,101,0,0
BRDA:1335,101,1,0
BRDA:1338,102,0,0
BRDA:1338,102,1,0
BRDA:1342,103,0,0
BRDA:1342,103,1,0
BRDA:1348,104,0,0
BRDA:1348,104,1,0
BRDA:1350,105,0,0
BRDA:1350,105,1,0
BRDA:1363,106,0,0
BRDA:1363,106,1,0
BRDA:1367,107,0,0
BRDA:1367,107,1,0
BRDA:1367,108,0,0
BRDA:1367,108,1,0
BRDA:1367,108,2,0
BRDA:1371,109,0,0
BRDA:1371,109,1,0
BRDA:1372,110,0,0
BRDA:1372,110,1,0
BRDA:1373,111,0,0
BRDA:1373,111,1,0
BRDA:1374,112,0,0
BRDA:1374,112,1,0
BRDA:1379,113,0,0
BRDA:1379,113,1,0
BRDA:1409,114,0,0
BRDA:1409,114,1,0
BRDA:1417,115,0,0
BRDA:1417,115,1,0
BRDA:1418,116,0,0
BRDA:1418,116,1,0
BRDA:1423,117,0,0
BRDA:1423,117,1,0
BRDA:1425,118,0,0
BRDA:1425,118,1,0
BRDA:1425,119,0,0
BRDA:1425,119,1,0
BRDA:1432,120,0,0
BRDA:1432,120,1,0
BRDA:1434,121,0,0
BRDA:1434,121,1,0
BRDA:1435,122,0,0
BRDA:1435,122,1,0
BRDA:1435,123,0,0
BRDA:1435,123,1,0
BRDA:1445,124,0,0
BRDA:1445,124,1,0
BRDA:1447,125,0,0
BRDA:1447,125,1,0
BRDA:1459,126,0,0
BRDA:1459,126,1,0
BRDA:1467,127,0,0
BRDA:1467,127,1,0
BRDA:1468,128,0,0
BRDA:1468,128,1,0
BRDA:1475,129,0,0
BRDA:1475,129,1,0
BRDA:1477,130,0,0
BRDA:1477,130,1,0
BRDA:1479,131,0,0
BRDA:1479,131,1,0
BRDA:1483,132,0,0
BRDA:1483,132,1,0
BRDA:1483,133,0,0
BRDA:1483,133,1,0
BRDA:1491,134,0,0
BRDA:1491,134,1,0
BRDA:1493,135,0,0
BRDA:1493,135,1,0
BRDA:1496,136,0,0
BRDA:1496,136,1,0
BRDA:1500,137,0,0
BRDA:1500,137,1,0
BRDA:1516,138,0,0
BRDA:1516,138,1,0
BRDA:1543,139,0,0
BRDA:1543,139,1,0
BRDA:1547,140,0,0
BRDA:1547,140,1,0
BRDA:1553,141,0,0
BRDA:1553,141,1,0
BRDA:1555,142,0,0
BRDA:1555,142,1,0
BRDA:1564,143,0,0
BRDA:1564,143,1,0
BRDA:1567,144,0,0
BRDA:1567,144,1,0
BRDA:1572,145,0,0
BRDA:1572,145,1,0
BRDA:1583,146,0,0
BRDA:1583,146,1,0
BRDA:1585,147,0,0
BRDA:1585,147,1,0
BRDA:1595,148,0,0
BRDA:1595,148,1,0
BRDA:1598,149,0,0
BRDA:1598,149,1,0
BRDA:1603,150,0,0
BRDA:1603,150,1,0
BRDA:1605,151,0,0
BRDA:1605,151,1,0
BRDA:1608,152,0,0
BRDA:1608,152,1,0
BRDA:1612,153,0,0
BRDA:1612,153,1,0
BRDA:1620,154,0,0
BRDA:1620,154,1,0
BRDA:1624,155,0,0
BRDA:1624,155,1,0
BRDA:1636,156,0,0
BRDA:1636,156,1,0
BRDA:1675,157,0,0
BRDA:1675,157,1,0
BRDA:1676,158,0,0
BRDA:1676,158,1,0
BRDA:1686,159,0,0
BRDA:1686,159,1,0
BRDA:1687,160,0,0
BRDA:1687,160,1,0
BRDA:1687,161,0,0
BRDA:1687,161,1,0
BRDA:1688,162,0,0
BRDA:1688,162,1,0
BRDA:1690,163,0,0
BRDA:1690,163,1,0
BRDA:1691,164,0,0
BRDA:1691,164,1,0
BRDA:1694,165,0,0
BRDA:1694,165,1,0
BRDA:1710,166,0,0
BRDA:1710,166,1,0
BRDA:1710,167,0,0
BRDA:1710,167,1,0
BRDA:1711,168,0,0
BRDA:1711,168,1,0
BRDA:1713,169,0,0
BRDA:1713,169,1,0
BRDA:1714,170,0,0
BRDA:1714,170,1,0
BRDA:1717,171,0,0
BRDA:1717,171,1,0
BRDA:1736,172,0,0
BRDA:1736,172,1,0
BRDA:1737,173,0,0
BRDA:1737,173,1,0
BRDA:1738,174,0,0
BRDA:1738,174,1,0
BRDA:1739,175,0,0
BRDA:1739,175,1,0
BRDA:1741,176,0,0
BRDA:1741,176,1,0
BRDA:1748,177,0,0
BRDA:1748,177,1,0
BRDA:1767,178,0,0
BRDA:1767,178,1,0
BRDA:1768,179,0,0
BRDA:1768,179,1,0
BRDA:1769,180,0,0
BRDA:1769,180,1,0
BRDA:1770,181,0,0
BRDA:1770,181,1,0
BRDA:1772,182,0,0
BRDA:1772,182,1,0
BRDA:1774,183,0,0
BRDA:1774,183,1,0
BRDA:1774,184,0,0
BRDA:1774,184,1,0
BRDA:1775,185,0,0
BRDA:1775,185,1,0
BRDA:1776,186,0,0
BRDA:1776,186,1,0
BRDA:1776,187,0,0
BRDA:1776,187,1,0
BRDA:1777,188,0,0
BRDA:1777,188,1,0
BRDA:1783,189,0,0
BRDA:1783,189,1,0
BRDA:1798,190,0,0
BRDA:1798,190,1,0
BRDA:1805,191,0,0
BRDA:1805,191,1,0
BRDA:1808,192,0,0
BRDA:1808,192,1,0
BRDA:1810,193,0,0
BRDA:1810,193,1,0
BRDA:1813,194,0,0
BRDA:1813,194,1,0
BRDA:1821,195,0,0
BRDA:1821,195,1,0
BRDA:1821,196,0,0
BRDA:1821,196,1,0
BRDA:1829,197,0,0
BRDA:1829,197,1,0
BRDA:1829,197,2,0
BRDA:1841,198,0,0
BRDA:1841,198,1,0
BRDA:1843,199,0,0
BRDA:1843,199,1,0
BRDA:1855,200,0,0
BRDA:1855,200,1,0
BRDA:1856,201,0,0
BRDA:1856,201,1,0
BRDA:1857,202,0,0
BRDA:1857,202,1,0
BRDA:1857,203,0,0
BRDA:1857,203,1,0
BRDA:1858,204,0,0
BRDA:1858,204,1,0
BRDA:1862,205,0,0
BRDA:1862,205,1,0
BRDA:1863,206,0,0
BRDA:1863,206,1,0
BRDA:1871,207,0,0
BRDA:1871,207,1,0
BRDA:1900,208,0,0
BRDA:1900,208,1,0
BRDA:1902,209,0,0
BRDA:1902,209,1,0
BRDA:1902,209,2,0
BRDA:1902,209,3,0
BRDA:1902,209,4,0
BRDA:1904,210,0,0
BRDA:1904,210,1,0
BRDA:1904,211,0,0
BRDA:1904,211,1,0
BRDA:1907,212,0,0
BRDA:1907,212,1,0
BRDA:1908,213,0,0
BRDA:1908,213,1,0
BRDA:1908,214,0,0
BRDA:1908,214,1,0
BRDA:1909,215,0,0
BRDA:1909,215,1,0
BRDA:1909,216,0,0
BRDA:1909,216,1,0
BRDA:1909,216,2,0
BRDA:1913,217,0,0
BRDA:1913,217,1,0
BRDA:1913,218,0,0
BRDA:1913,218,1,0
BRDA:1914,219,0,0
BRDA:1914,219,1,0
BRDA:1917,220,0,0
BRDA:1917,220,1,0
BRDA:1917,221,0,0
BRDA:1917,221,1,0
BRDA:1918,222,0,0
BRDA:1918,222,1,0
BRDA:1925,223,0,0
BRDA:1925,223,1,0
BRDA:1926,224,0,0
BRDA:1926,224,1,0
BRDA:1936,225,0,0
BRDA:1936,225,1,0
BRDA:1937,226,0,0
BRDA:1937,226,1,0
BRDA:1942,227,0,0
BRDA:1942,227,1,0
BRDA:1942,228,0,0
BRDA:1942,228,1,0
BRDA:1942,228,2,0
BRDA:1943,229,0,0
BRDA:1943,229,1,0
BRDA:1943,230,0,0
BRDA:1943,230,1,0
BRDA:1950,231,0,0
BRDA:1950,231,1,0
BRDA:1951,232,0,0
BRDA:1951,232,1,0
BRDA:1952,233,0,0
BRDA:1952,233,1,0
BRDA:1958,234,0,0
BRDA:1958,234,1,0
BRDA:1958,235,0,0
BRDA:1958,235,1,0
BRDA:1959,236,0,0
BRDA:1959,236,1,0
BRDA:1981,237,0,0
BRDA:1981,237,1,0
BRDA:1982,238,0,0
BRDA:1982,238,1,0
BRDA:1982,239,0,0
BRDA:1982,239,1,0
BRDA:1982,239,2,0
BRDA:1982,239,3,0
BRDA:1982,239,4,0
BRDA:1983,240,0,0
BRDA:1983,240,1,0
BRDA:1983,241,0,0
BRDA:1983,241,1,0
BRDA:1983,241,2,0
BRDA:1987,242,0,0
BRDA:1987,242,1,0
BRDA:1988,243,0,0
BRDA:1988,243,1,0
BRDA:1988,244,0,0
BRDA:1988,244,1,0
BRDA:1992,245,0,0
BRDA:1992,245,1,0
BRDA:1993,246,0,0
BRDA:1993,246,1,0
BRDA:2007,247,0,0
BRDA:2007,247,1,0
BRDA:2009,248,0,0
BRDA:2009,248,1,0
BRDA:2012,249,0,0
BRDA:2012,249,1,0
BRDA:2013,250,0,0
BRDA:2013,250,1,0
BRDA:2013,251,0,0
BRDA:2013,251,1,0
BRDA:2014,252,0,0
BRDA:2014,252,1,0
BRDA:2025,253,0,0
BRDA:2025,253,1,0
BRDA:2025,254,0,0
BRDA:2025,254,1,0
BRDA:2033,255,0,0
BRDA:2033,255,1,0
BRDA:2034,256,0,0
BRDA:2034,256,1,0
BRDA:2038,257,0,0
BRDA:2038,257,1,0
BRDA:2046,258,0,0
BRDA:2046,258,1,0
BRDA:2046,259,0,0
BRDA:2046,259,1,0
BRDA:2046,259,2,0
BRDA:2051,260,0,0
BRDA:2051,260,1,0
BRDA:2056,261,0,0
BRDA:2056,261,1,0
BRDA:2059,262,0,0
BRDA:2059,262,1,0
BRDA:2060,263,0,0
BRDA:2060,263,1,0
BRDA:2060,264,0,0
BRDA:2060,264,1,0
BRDA:2061,265,0,0
BRDA:2061,265,1,0
BRDA:2067,266,0,0
BRDA:2067,266,1,0
BRDA:2087,267,0,0
BRDA:2087,267,1,0
BRDA:2089,268,0,0
BRDA:2089,268,1,0
BRDA:2089,269,0,0
BRDA:2089,269,1,0
BRDA:2090,270,0,0
BRDA:2090,270,1,0
BRDA:2096,271,0,0
BRDA:2096,271,1,0
BRDA:2096,271,2,0
BRDA:2096,271,3,0
BRDA:2102,272,0,0
BRDA:2102,272,1,0
BRDA:2116,273,0,0
BRDA:2116,273,1,0
BRDA:2134,274,0,0
BRDA:2134,274,1,0
BRDA:2145,275,0,0
BRDA:2145,275,1,0
BRDA:2145,276,0,0
BRDA:2145,276,1,0
BRDA:2146,277,0,0
BRDA:2146,277,1,0
BRDA:2152,278,0,0
BRDA:2152,278,1,0
BRDA:2155,279,0,0
BRDA:2155,279,1,0
BRDA:2159,280,0,0
BRDA:2159,280,1,0
BRDA:2164,281,0,0
BRDA:2164,281,1,0
BRDA:2164,282,0,0
BRDA:2164,282,1,0
BRDA:2168,283,0,0
BRDA:2168,283,1,0
BRDA:2172,284,0,0
BRDA:2172,284,1,0
BRDA:2177,285,0,0
BRDA:2177,285,1,0
BRDA:2177,286,0,0
BRDA:2177,286,1,0
BRDA:2180,287,0,0
BRDA:2180,287,1,0
BRDA:2183,288,0,0
BRDA:2183,288,1,0
BRDA:2191,289,0,0
BRDA:2191,289,1,0
[...]
BRDA:6270,890,1,0
BRDA:6290,891,0,0
BRDA:6290,891,1,0
BRDA:6292,892,0,0
BRDA:6292,892,1,0
BRDA:6293,893,0,0
BRDA:6293,893,1,0
BRDA:6294,894,0,0
BRDA:6294,894,1,0
BRDA:6303,895,0,0
BRDA:6303,895,1,0
BRDA:6309,896,0,0
BRDA:6309,896,1,0
BRDA:6311,897,0,0
BRDA:6311,897,1,0
BRDA:6312,898,0,0
BRDA:6312,898,1,0
BRDA:6313,899,0,0
BRDA:6313,899,1,0
BRDA:6313,900,0,0
BRDA:6313,900,1,0
BRDA:6315,901,0,0
BRDA:6315,901,1,0
BRDA:6320,902,0,0
BRDA:6320,902,1,0
BRDA:6333,903,0,0
BRDA:6333,903,1,0
BRDA:6333,904,0,0
BRDA:6333,904,1,0
BRDA:6337,905,0,0
BRDA:6337,905,1,0
BRDA:6339,906,0,0
BRDA:6339,906,1,0
BRDA:6340,907,0,0
BRDA:6340,907,1,0
BRDA:6342,908,0,0
BRDA:6342,908,1,0
BRDA:6352,909,0,0
BRDA:6352,909,1,0
BRDA:6356,910,0,0
BRDA:6356,910,1,0
BRDA:6356,911,0,0
BRDA:6356,911,1,0
BRDA:6364,912,0,0
BRDA:6364,912,1,0
BRDA:6365,913,0,0
BRDA:6365,913,1,0
BRDA:6514,914,0,0
BRDA:6514,914,1,0
BRF:1974
BRH:0
end_of_record
TN:
SF:src/js/ui/touch-interface.js
FN:57,(anonymous_0)
FN:115,(anonymous_1)
FN:145,(anonymous_2)
FN:161,(anonymous_3)
FN:175,(anonymous_4)
FN:186,(anonymous_5)
FN:220,(anonymous_6)
FN:273,(anonymous_7)
FN:285,(anonymous_8)
FN:303,(anonymous_9)
FN:318,(anonymous_10)
FN:336,(anonymous_11)
FN:348,(anonymous_12)
FNF:13
FNH:0
FNDA:0,(anonymous_0)
FNDA:0,(anonymous_1)
FNDA:0,(anonymous_2)
FNDA:0,(anonymous_3)
FNDA:0,(anonymous_4)
FNDA:0,(anonymous_5)
FNDA:0,(anonymous_6)
FNDA:0,(anonymous_7)
FNDA:0,(anonymous_8)
FNDA:0,(anonymous_9)
FNDA:0,(anonymous_10)
FNDA:0,(anonymous_11)
FNDA:0,(anonymous_12)
DA:44,0
DA:45,0
DA:46,0
DA:55,0
DA:57,0
DA:59,0
DA:61,0
DA:62,0
DA:68,0
DA:115,0
DA:118,0
DA:119,0
DA:122,0
DA:124,0
DA:126,0
DA:130,0
DA:136,0
DA:137,0
DA:138,0
DA:139,0
DA:140,0
DA:145,0
DA:147,0
DA:149,0
DA:151,0
DA:153,0
DA:154,0
DA:157,0
DA:161,0
DA:163,0
DA:164,0
DA:165,0
DA:167,0
DA:168,0
DA:170,0
DA:172,0
DA:175,0
DA:176,0
DA:177,0
DA:178,0
DA:179,0
DA:183,0
DA:186,0
DA:189,0
DA:190,0
DA:191,0
DA:194,0
DA:196,0
DA:198,0
DA:199,0
DA:200,0
DA:205,0
DA:206,0
DA:207,0
DA:209,0
DA:213,0
DA:214,0
DA:217,0
DA:220,0
DA:222,0
DA:224,0
DA:225,0
DA:227,0
DA:229,0
DA:231,0
DA:233,0
DA:234,0
DA:236,0
DA:239,0
DA:240,0
DA:241,0
DA:243,0
DA:248,0
DA:249,0
DA:250,0
DA:251,0
DA:257,0
DA:258,0
DA:259,0
DA:260,0
DA:261,0
DA:262,0
DA:265,0
DA:267,0
DA:268,0
DA:272,0
DA:273,0
DA:274,0
DA:275,0
DA:278,0
DA:280,0
DA:282,0
DA:285,0
DA:287,0
DA:289,0
DA:290,0
DA:293,0
DA:294,0
DA:295,0
DA:296,0
DA:297,0
DA:298,0
DA:299,0
DA:300,0
DA:303,0
DA:305,0
DA:306,0
DA:309,0
DA:311,0
DA:318,0
DA:321,0
DA:322,0
DA:326,0
DA:327,0
DA:330,0
DA:331,0
DA:336,0
DA:338,0
DA:339,0
DA:342,0
DA:343,0
DA:348,0
DA:349,0
LF:123
LH:0
BRDA:44,0,0,0
BRDA:44,0,1,0
BRDA:61,1,0,0
BRDA:61,1,1,0
BRDA:61,2,0,0
BRDA:61,2,1,0
BRDA:61,2,2,0
BRDA:118,3,0,0
BRDA:118,3,1,0
BRDA:124,4,0,0
BRDA:124,4,1,0
BRDA:136,5,0,0
BRDA:136,5,1,0
BRDA:136,6,0,0
BRDA:136,6,1,0
BRDA:149,7,0,0
BRDA:149,7,1,0
BRDA:151,8,0,0
BRDA:151,8,1,0
BRDA:153,9,0,0
BRDA:153,9,1,0
BRDA:196,10,0,0
BRDA:196,10,1,0
BRDA:198,11,0,0
BRDA:198,11,1,0
BRDA:200,12,0,0
BRDA:200,12,1,0
BRDA:209,13,0,0
BRDA:209,13,1,0
BRDA:229,14,0,0
BRDA:229,14,1,0
BRDA:231,15,0,0
BRDA:231,15,1,0
BRDA:236,16,0,0
BRDA:236,16,1,0
BRDA:243,17,0,0
BRDA:243,17,1,0
BRDA:243,18,0,0
BRDA:243,18,1,0
BRDA:250,19,0,0
BRDA:250,19,1,0
BRDA:250,20,0,0
BRDA:250,20,1,0
BRDA:258,21,0,0
BRDA:258,21,1,0
BRDA:260,22,0,0
BRDA:260,22,1,0
BRDA:265,23,0,0
BRDA:265,23,1,0
BRDA:265,24,0,0
BRDA:265,24,1,0
BRDA:267,25,0,0
BRDA:267,25,1,0
BRDA:267,26,0,0
BRDA:267,26,1,0
BRDA:274,27,0,0
BRDA:274,27,1,0
BRDA:274,28,0,0
BRDA:274,28,1,0
BRDA:289,29,0,0
BRDA:289,29,1,0
BRDA:305,30,0,0
BRDA:305,30,1,0
BRDA:309,31,0,0
BRDA:309,31,1,0
BRDA:309,32,0,0
BRDA:309,32,1,0
BRDA:321,33,0,0
BRDA:321,33,1,0
BRDA:338,34,0,0
BRDA:338,34,1,0
BRF:71
BRH:0
end_of_record
TN:
SF:src/js/visualization/graph-manager.js
FN:18,GraphOnClick
FN:66,UpdateGraphRangeProposal
FN:79,GraphSetCells
FN:108,DoGraph
FN:170,GraphChanged
FN:180,MinMaxChanged
FN:200,GraphSave
FN:215,GraphLoad
FN:253,GraphVerticalBar
FN:371,GraphHorizontalBar
FN:490,MakePieChart
FN:587,MakeLineChart
FN:778,MakeScatterChart
FNF:13
FNH:0
FNDA:0,GraphOnClick
FNDA:0,UpdateGraphRangeProposal
FNDA:0,GraphSetCells
FNDA:0,DoGraph
FNDA:0,GraphChanged
FNDA:0,MinMaxChanged
FNDA:0,GraphSave
FNDA:0,GraphLoad
FNDA:0,GraphVerticalBar
FNDA:0,GraphHorizontalBar
FNDA:0,MakePieChart
FNDA:0,MakeLineChart
FNDA:0,MakeScatterChart
DA:7,0
DA:21,0
DA:22,0
DA:23,0
DA:25,0
DA:26,0
DA:28,0
DA:29,0
DA:30,0
DA:31,0
DA:32,0
DA:33,0
DA:34,0
DA:35,0
DA:38,0
DA:39,0
DA:42,0
DA:44,0
DA:45,0
DA:46,0
DA:47,0
DA:48,0
DA:49,0
DA:50,0
DA:53,0
DA:54,0
DA:55,0
DA:60,0
DA:62,0
DA:68,0
DA:69,0
DA:70,0
DA:74,0
DA:82,0
DA:83,0
DA:85,0
DA:86,0
DA:87,0
DA:88,0
DA:92,0
DA:96,0
DA:98,0
DA:99,0
DA:102,0
DA:104,0
DA:110,0
DA:111,0
DA:113,0
DA:115,0
DA:117,0
DA:119,0
DA:120,0
DA:121,0
DA:124,0
DA:127,0
DA:130,0
DA:133,0
DA:134,0
DA:135,0
DA:136,0
DA:137,0
DA:139,0
DA:140,0
DA:143,0
DA:144,0
DA:145,0
DA:146,0
DA:147,0
DA:150,0
DA:151,0
DA:153,0
DA:154,0
DA:155,0
DA:158,0
DA:159,0
DA:162,0
DA:163,0
DA:166,0
DA:172,0
DA:174,0
DA:176,0
DA:181,0
DA:182,0
DA:184,0
DA:185,0
DA:187,0
DA:188,0
DA:190,0
DA:191,0
DA:193,0
DA:194,0
DA:197,0
DA:204,0
DA:205,0
DA:207,0
DA:208,0
DA:210,0
DA:217,0
DA:220,0
DA:222,0
DA:223,0
DA:225,0
DA:226,0
DA:228,0
DA:229,0
DA:231,0
DA:232,0
DA:233,0
DA:234,0
DA:235,0
DA:236,0
DA:237,0
DA:238,0
DA:239,0
DA:240,0
DA:244,0
DA:256,0
DA:257,0
DA:259,0
DA:260,0
DA:268,0
DA:270,0
DA:273,0
DA:274,0
DA:275,0
DA:278,0
DA:279,0
DA:282,0
DA:284,0
DA:285,0
DA:287,0
DA:288,0
DA:290,0
DA:291,0
DA:292,0
DA:293,0
DA:294,0
DA:295,0
DA:296,0
DA:297,0
DA:298,0
DA:299,0
DA:300,0
DA:301,0
DA:304,0
DA:308,0
DA:309,0
DA:310,0
DA:311,0
DA:312,0
DA:313,0
DA:315,0
DA:316,0
DA:318,0
DA:319,0
DA:320,0
DA:321,0
DA:322,0
DA:323,0
DA:324,0
DA:325,0
DA:326,0
DA:327,0
DA:328,0
DA:329,0
DA:330,0
DA:331,0
DA:332,0
DA:333,0
DA:334,0
DA:335,0
DA:337,0
DA:338,0
DA:339,0
DA:341,0
DA:342,0
DA:343,0
DA:344,0
DA:347,0
DA:349,0
DA:350,0
DA:351,0
DA:352,0
DA:355,0
DA:356,0
DA:359,0
DA:362,0
DA:366,0
DA:367,0
DA:368,0
DA:369,0
DA:374,0
DA:375,0
DA:377,0
DA:378,0
DA:387,0
DA:389,0
DA:392,0
DA:393,0
DA:394,0
DA:397,0
DA:398,0
DA:401,0
DA:403,0
DA:404,0
DA:405,0
DA:406,0
DA:408,0
DA:409,0
DA:410,0
DA:411,0
DA:412,0
DA:413,0
DA:414,0
DA:415,0
DA:416,0
DA:417,0
DA:418,0
DA:419,0
DA:422,0
DA:426,0
DA:427,0
DA:428,0
DA:429,0
DA:430,0
DA:431,0
DA:433,0
DA:434,0
DA:436,0
DA:437,0
DA:438,0
DA:439,0
DA:440,0
DA:441,0
DA:442,0
DA:443,0
DA:444,0
DA:445,0
DA:446,0
DA:447,0
DA:448,0
DA:449,0
DA:450,0
DA:451,0
DA:452,0
DA:453,0
DA:454,0
DA:455,0
DA:456,0
DA:457,0
DA:459,0
DA:460,0
DA:461,0
DA:462,0
DA:465,0
DA:467,0
DA:468,0
DA:469,0
DA:470,0
DA:473,0
DA:474,0
DA:477,0
DA:480,0
DA:484,0
DA:485,0
DA:486,0
DA:487,0
DA:492,0
DA:493,0
DA:494,0
DA:497,0
DA:498,0
DA:499,0
DA:502,0
DA:503,0
DA:507,0
DA:508,0
DA:509,0
DA:510,0
DA:511,0
DA:512,0
DA:513,0
DA:514,0
DA:515,0
DA:516,0
DA:517,0
DA:520,0
DA:524,0
DA:525,0
DA:526,0
DA:527,0
DA:529,0
DA:530,0
DA:532,0
DA:533,0
DA:534,0
DA:535,0
DA:536,0
DA:537,0
DA:539,0
DA:541,0
DA:543,0
DA:544,0
DA:547,0
DA:548,0
DA:551,0
DA:552,0
DA:555,0
DA:556,0
DA:557,0
DA:560,0
DA:561,0
DA:562,0
DA:563,0
DA:565,0
DA:567,0
DA:569,0
DA:570,0
DA:571,0
DA:572,0
DA:575,0
DA:578,0
DA:579,0
DA:582,0
DA:583,0
DA:584,0
DA:589,0
DA:590,0
DA:591,0
DA:592,0
DA:593,0
DA:596,0
DA:597,0
DA:598,0
DA:601,0
DA:602,0
DA:606,0
DA:607,0
DA:608,0
DA:609,0
DA:610,0
DA:611,0
DA:612,0
DA:613,0
DA:614,0
DA:617,0
DA:618,0
DA:619,0
DA:620,0
DA:621,0
DA:622,0
DA:623,0
DA:624,0
DA:625,0
DA:626,0
DA:627,0
DA:628,0
DA:629,0
DA:630,0
DA:631,0
DA:634,0
DA:635,0
DA:640,0
DA:641,0
DA:642,0
DA:644,0
DA:645,0
DA:646,0
DA:650,0
DA:651,0
DA:654,0
DA:655,0
DA:656,0
DA:657,0
DA:658,0
DA:659,0
DA:660,0
DA:661,0
DA:662,0
DA:665,0
DA:666,0
DA:668,0
DA:669,0
DA:670,0
DA:671,0
DA:672,0
DA:673,0
DA:674,0
DA:675,0
DA:676,0
DA:677,0
DA:678,0
DA:679,0
DA:680,0
DA:683,0
DA:685,0
DA:686,0
DA:687,0
DA:691,0
DA:692,0
DA:693,0
DA:694,0
DA:695,0
DA:699,0
DA:700,0
DA:702,0
DA:704,0
DA:706,0
DA:708,0
DA:709,0
DA:710,0
DA:714,0
DA:715,0
DA:718,0
DA:720,0
DA:721,0
DA:725,0
DA:726,0
DA:727,0
DA:730,0
DA:732,0
DA:733,0
DA:734,0
DA:736,0
DA:738,0
DA:740,0
DA:744,0
DA:747,0
DA:748,0
DA:750,0
DA:751,0
DA:752,0
DA:753,0
DA:754,0
DA:755,0
DA:756,0
DA:758,0
DA:760,0
DA:761,0
DA:762,0
DA:763,0
DA:764,0
DA:765,0
DA:766,0
DA:768,0
DA:770,0
DA:771,0
DA:772,0
DA:773,0
DA:774,0
DA:775,0
DA:780,0
DA:781,0
DA:782,0
DA:783,0
DA:786,0
DA:787,0
DA:788,0
DA:791,0
DA:792,0
DA:796,0
DA:797,0
DA:798,0
DA:799,0
DA:800,0
DA:801,0
DA:802,0
DA:803,0
DA:804,0
DA:807,0
DA:808,0
DA:809,0
DA:810,0
DA:811,0
DA:812,0
DA:813,0
DA:814,0
DA:815,0
DA:816,0
DA:817,0
DA:818,0
DA:819,0
DA:820,0
DA:821,0
DA:822,0
DA:823,0
DA:826,0
DA:827,0
DA:829,0
DA:830,0
DA:831,0
DA:834,0
DA:839,0
DA:840,0
DA:841,0
DA:843,0
DA:844,0
DA:845,0
DA:849,0
DA:850,0
DA:851,0
DA:854,0
DA:855,0
DA:856,0
DA:857,0
DA:858,0
DA:859,0
DA:860,0
DA:861,0
DA:862,0
DA:865,0
DA:866,0
DA:868,0
DA:869,0
DA:870,0
DA:871,0
DA:872,0
DA:873,0
DA:874,0
DA:875,0
DA:876,0
DA:877,0
DA:878,0
DA:879,0
DA:881,0
DA:882,0
DA:883,0
DA:884,0
DA:885,0
DA:886,0
DA:889,0
DA:890,0
DA:891,0
DA:894,0
DA:895,0
DA:897,0
DA:898,0
DA:899,0
DA:900,0
DA:901,0
DA:902,0
DA:903,0
DA:905,0
DA:907,0
DA:908,0
DA:909,0
DA:910,0
DA:911,0
DA:912,0
DA:913,0
DA:915,0
DA:917,0
DA:918,0
DA:919,0
DA:920,0
DA:921,0
DA:922,0
LF:557
LH:0
BRDA:34,0,0,0
BRDA:34,0,1,0
BRDA:38,1,0,0
BRDA:38,1,1,0
BRDA:49,2,0,0
BRDA:49,2,1,0
BRDA:53,3,0,0
BRDA:53,3,1,0
BRDA:69,4,0,0
BRDA:69,4,1,0
BRDA:86,5,0,0
BRDA:86,5,1,0
BRDA:87,6,0,0
BRDA:87,6,1,0
BRDA:119,7,0,0
BRDA:119,7,1,0
BRDA:120,8,0,0
BRDA:120,8,1,0
BRDA:120,9,0,0
BRDA:120,9,1,0
BRDA:133,10,0,0
BRDA:133,10,1,0
BRDA:133,11,0,0
BRDA:133,11,1,0
BRDA:134,12,0,0
BRDA:134,12,1,0
BRDA:135,13,0,0
BRDA:135,13,1,0
BRDA:145,14,0,0
BRDA:145,14,1,0
BRDA:153,15,0,0
BRDA:153,15,1,0
BRDA:162,16,0,0
BRDA:162,16,1,0
BRDA:182,17,0,0
BRDA:182,17,1,0
BRDA:182,17,2,0
BRDA:182,17,3,0
BRDA:205,18,0,0
BRDA:205,18,1,0
BRDA:223,19,0,0
BRDA:223,19,1,0
BRDA:223,19,2,0
BRDA:259,20,0,0
BRDA:259,20,1,0
BRDA:259,21,0,0
BRDA:259,21,1,0
BRDA:273,22,0,0
BRDA:273,22,1,0
BRDA:291,23,0,0
BRDA:291,23,1,0
BRDA:292,24,0,0
BRDA:292,24,1,0
BRDA:292,25,0,0
BRDA:292,25,1,0
BRDA:292,26,0,0
BRDA:292,26,1,0
BRDA:294,27,0,0
BRDA:294,27,1,0
BRDA:296,28,0,0
BRDA:296,28,1,0
BRDA:296,29,0,0
BRDA:296,29,1,0
BRDA:297,30,0,0
BRDA:297,30,1,0
BRDA:297,31,0,0
BRDA:297,31,1,0
BRDA:300,32,0,0
BRDA:300,32,1,0
BRDA:300,33,0,0
BRDA:300,33,1,0
BRDA:300,33,2,0
BRDA:300,33,3,0
BRDA:308,34,0,0
BRDA:308,34,1,0
BRDA:309,35,0,0
BRDA:309,35,1,0
BRDA:325,36,0,0
BRDA:325,36,1,0
BRDA:325,37,0,0
BRDA:325,37,1,0
BRDA:343,38,0,0
BRDA:343,38,1,0
BRDA:351,39,0,0
BRDA:351,39,1,0
BRDA:351,40,0,0
BRDA:351,40,1,0
BRDA:355,41,0,0
BRDA:355,41,1,0
BRDA:355,42,0,0
BRDA:355,42,1,0
BRDA:377,43,0,0
BRDA:377,43,1,0
BRDA:377,44,0,0
BRDA:377,44,1,0
BRDA:392,45,0,0
BRDA:392,45,1,0
BRDA:409,46,0,0
BRDA:409,46,1,0
BRDA:410,47,0,0
BRDA:410,47,1,0
BRDA:410,48,0,0
BRDA:410,48,1,0
BRDA:410,49,0,0
BRDA:410,49,1,0
BRDA:412,50,0,0
BRDA:412,50,1,0
BRDA:414,51,0,0
BRDA:414,51,1,0
BRDA:414,52,0,0
BRDA:414,52,1,0
BRDA:415,53,0,0
BRDA:415,53,1,0
BRDA:415,54,0,0
BRDA:415,54,1,0
BRDA:418,55,0,0
BRDA:418,55,1,0
BRDA:418,56,0,0
BRDA:418,56,1,0
BRDA:418,56,2,0
BRDA:418,56,3,0
BRDA:426,57,0,0
BRDA:426,57,1,0
BRDA:427,58,0,0
BRDA:427,58,1,0
BRDA:443,59,0,0
BRDA:443,59,1,0
BRDA:443,60,0,0
BRDA:443,60,1,0
BRDA:461,61,0,0
BRDA:461,61,1,0
BRDA:469,62,0,0
BRDA:469,62,1,0
BRDA:469,63,0,0
BRDA:469,63,1,0
BRDA:473,64,0,0
BRDA:473,64,1,0
BRDA:473,65,0,0
BRDA:473,65,1,0
BRDA:497,66,0,0
BRDA:497,66,1,0
BRDA:508,67,0,0
BRDA:508,67,1,0
BRDA:509,68,0,0
BRDA:509,68,1,0
BRDA:509,69,0,0
BRDA:509,69,1,0
BRDA:509,70,0,0
BRDA:509,70,1,0
BRDA:511,71,0,0
BRDA:511,71,1,0
BRDA:516,72,0,0
BRDA:516,72,1,0
BRDA:516,73,0,0
BRDA:516,73,1,0
BRDA:516,73,2,0
BRDA:516,73,3,0
BRDA:563,74,0,0
BRDA:563,74,1,0
BRDA:563,75,0,0
BRDA:563,75,1,0
BRDA:596,76,0,0
BRDA:596,76,1,0
BRDA:606,77,0,0
BRDA:606,77,1,0
BRDA:619,78,0,0
BRDA:619,78,1,0
BRDA:620,79,0,0
BRDA:620,79,1,0
BRDA:620,80,0,0
BRDA:620,80,1,0
BRDA:620,81,0,0
BRDA:620,81,1,0
BRDA:622,82,0,0
BRDA:622,82,1,0
BRDA:624,83,0,0
BRDA:624,83,1,0
BRDA:624,84,0,0
BRDA:624,84,1,0
BRDA:624,84,2,0
BRDA:625,85,0,0
BRDA:625,85,1,0
BRDA:625,86,0,0
BRDA:625,86,1,0
BRDA:625,86,2,0
BRDA:628,87,0,0
BRDA:628,87,1,0
BRDA:628,88,0,0
BRDA:628,88,1,0
BRDA:628,88,2,0
BRDA:628,88,3,0
BRDA:630,89,0,0
BRDA:630,89,1,0
BRDA:630,90,0,0
BRDA:630,90,1,0
BRDA:630,90,2,0
BRDA:631,91,0,0
BRDA:631,91,1,0
BRDA:631,92,0,0
BRDA:631,92,1,0
BRDA:631,92,2,0
BRDA:640,93,0,0
BRDA:640,93,1,0
BRDA:644,94,0,0
BRDA:644,94,1,0
BRDA:654,95,0,0
BRDA:654,95,1,0
BRDA:683,96,0,0
BRDA:683,96,1,0
BRDA:702,97,0,0
BRDA:702,97,1,0
BRDA:706,98,0,0
BRDA:706,98,1,0
BRDA:718,99,0,0
BRDA:718,99,1,0
BRDA:734,100,0,0
BRDA:734,100,1,0
BRDA:738,101,0,0
BRDA:738,101,1,0
BRDA:748,102,0,0
BRDA:748,102,1,0
BRDA:748,103,0,0
BRDA:748,103,1,0
BRDA:758,104,0,0
BRDA:758,104,1,0
BRDA:758,105,0,0
BRDA:758,105,1,0
BRDA:786,106,0,0
BRDA:786,106,1,0
BRDA:796,107,0,0
BRDA:796,107,1,0
BRDA:810,108,0,0
BRDA:810,108,1,0
BRDA:811,109,0,0
BRDA:811,109,1,0
BRDA:811,110,0,0
BRDA:811,110,1,0
BRDA:811,111,0,0
BRDA:811,111,1,0
BRDA:812,112,0,0
BRDA:812,112,1,0
BRDA:812,113,0,0
BRDA:812,113,1,0
BRDA:812,114,0,0
BRDA:812,114,1,0
BRDA:814,115,0,0
BRDA:814,115,1,0
BRDA:816,116,0,0
BRDA:816,116,1,0
BRDA:816,117,0,0
BRDA:816,117,1,0
BRDA:816,117,2,0
BRDA:817,118,0,0
BRDA:817,118,1,0
BRDA:817,119,0,0
BRDA:817,119,1,0
BRDA:817,119,2,0
BRDA:820,120,0,0
BRDA:820,120,1,0
BRDA:820,121,0,0
BRDA:820,121,1,0
BRDA:820,121,2,0
BRDA:820,121,3,0
BRDA:822,122,0,0
BRDA:822,122,1,0
BRDA:822,123,0,0
BRDA:822,123,1,0
BRDA:822,123,2,0
BRDA:823,124,0,0
BRDA:823,124,1,0
BRDA:823,125,0,0
BRDA:823,125,1,0
BRDA:823,125,2,0
BRDA:830,126,0,0
BRDA:830,126,1,0
BRDA:830,127,0,0
BRDA:830,127,1,0
BRDA:830,127,2,0
BRDA:830,127,3,0
BRDA:839,128,0,0
BRDA:839,128,1,0
BRDA:843,129,0,0
BRDA:843,129,1,0
BRDA:854,130,0,0
BRDA:854,130,1,0
BRDA:895,131,0,0
BRDA:895,131,1,0
BRDA:895,132,0,0
BRDA:895,132,1,0
BRDA:905,133,0,0
BRDA:905,133,1,0
BRDA:905,134,0,0
BRDA:905,134,1,0
BRF:293
BRH:0
end_of_record
TN:
SF:src/js/visualization/image-handler.js
FN:11,(anonymous_0)
FN:35,(anonymous_1)
FN:48,(anonymous_2)
FN:53,(anonymous_3)
FN:58,(anonymous_4)
FN:71,(anonymous_5)
FN:80,(anonymous_6)
FN:81,(anonymous_7)
FN:95,(anonymous_8)
FN:102,(anonymous_9)
FN:139,(anonymous_10)
FNF:11
FNH:0
FNDA:0,(anonymous_0)
FNDA:0,(anonymous_1)
FNDA:0,(anonymous_2)
FNDA:0,(anonymous_3)
FNDA:0,(anonymous_4)
FNDA:0,(anonymous_5)
FNDA:0,(anonymous_6)
FNDA:0,(anonymous_7)
FNDA:0,(anonymous_8)
FNDA:0,(anonymous_9)
FNDA:0,(anonymous_10)
DA:3,0
DA:4,0
DA:5,0
DA:7,0
DA:8,0
DA:11,0
DA:12,0
DA:13,0
DA:15,0
DA:16,0
DA:17,0
DA:18,0
DA:19,0
DA:20,0
DA:23,0
DA:26,0
DA:27,0
DA:28,0
DA:29,0
DA:30,0
DA:31,0
DA:32,0
DA:35,0
DA:36,0
DA:37,0
DA:38,0
DA:39,0
DA:40,0
DA:41,0
DA:42,0
DA:43,0
DA:48,0
DA:49,0
DA:50,0
DA:53,0
DA:54,0
DA:55,0
DA:58,0
DA:59,0
DA:60,0
DA:61,0
DA:62,0
DA:63,0
DA:64,0
DA:65,0
DA:67,0
DA:68,0
DA:71,0
DA:72,0
DA:73,0
DA:74,0
DA:75,0
DA:76,0
DA:78,0
DA:80,0
DA:81,0
DA:82,0
DA:83,0
DA:84,0
DA:85,0
DA:86,0
DA:87,0
DA:88,0
DA:91,0
DA:95,0
DA:96,0
DA:97,0
DA:98,0
DA:99,0
DA:102,0
DA:103,0
DA:104,0
DA:105,0
DA:106,0
DA:107,0
DA:108,0
DA:109,0
DA:111,0
DA:112,0
DA:114,0
DA:115,0
DA:116,0
DA:118,0
DA:120,0
DA:121,0
DA:123,0
DA:126,0
DA:127,0
DA:128,0
DA:129,0
DA:130,0
DA:131,0
DA:132,0
DA:133,0
DA:134,0
DA:135,0
DA:136,0
DA:139,0
DA:140,0
LF:99
LH:0
BRDA:3,0,0,0
BRDA:3,0,1,0
BRDA:7,1,0,0
BRDA:7,1,1,0
BRDA:18,2,0,0
BRDA:18,2,1,0
BRDA:18,3,0,0
BRDA:18,3,1,0
BRDA:63,4,0,0
BRDA:63,4,1,0
BRDA:75,5,0,0
BRDA:75,5,1,0
BRDA:107,6,0,0
BRDA:107,6,1,0
BRF:14
BRH:0
end_of_record
TN:
SF:src/js/workbook/workbook.js
FN:19,(anonymous_0)
FN:28,(anonymous_1)
FN:33,(anonymous_2)
FN:34,(anonymous_3)
FN:35,(anonymous_4)
FN:36,(anonymous_5)
FN:37,(anonymous_6)
FN:38,(anonymous_7)
FN:39,(anonymous_8)
FN:40,(anonymous_9)
FN:41,(anonymous_10)
FN:42,(anonymous_11)
FN:44,(anonymous_12)
FN:48,(anonymous_13)
FN:52,(anonymous_14)
FN:57,WorkbookScheduleCommand
FN:66,WorkbookScheduleSheetCommand
FN:79,InitializeWorkBook
FN:113,AddNewWorkBookSheetNoSwitch
FN:152,AddNewWorkBookSheet
FN:241,ActivateWorkBookSheet
FN:309,DeleteWorkBookSheet
FN:321,CreateSaveWorkBook
FN:327,LoadRenameWorkBookSheet
FN:341,RenderWorkBookSheet
FN:345,(anonymous_25)
FN:380,RenameWorkBookSheet
FN:413,CopyWorkBookSheet
FN:428,PasteWorkBookSheet
FN:438,SheetNameExistsInWorkBook
FNF:30
FNH:0
FNDA:0,(anonymous_0)
FNDA:0,(anonymous_1)
FNDA:0,(anonymous_2)
FNDA:0,(anonymous_3)
FNDA:0,(anonymous_4)
FNDA:0,(anonymous_5)
FNDA:0,(anonymous_6)
FNDA:0,(anonymous_7)
FNDA:0,(anonymous_8)
FNDA:0,(anonymous_9)
FNDA:0,(anonymous_10)
FNDA:0,(anonymous_11)
FNDA:0,(anonymous_12)
FNDA:0,(anonymous_13)
FNDA:0,(anonymous_14)
FNDA:0,WorkbookScheduleCommand
FNDA:0,WorkbookScheduleSheetCommand
FNDA:0,InitializeWorkBook
FNDA:0,AddNewWorkBookSheetNoSwitch
FNDA:0,AddNewWorkBookSheet
FNDA:0,ActivateWorkBookSheet
FNDA:0,DeleteWorkBookSheet
FNDA:0,CreateSaveWorkBook
FNDA:0,LoadRenameWorkBookSheet
FNDA:0,RenderWorkBookSheet
FNDA:0,(anonymous_25)
FNDA:0,RenameWorkBookSheet
FNDA:0,CopyWorkBookSheet
FNDA:0,PasteWorkBookSheet
FNDA:0,SheetNameExistsInWorkBook
DA:12,0
DA:13,0
DA:14,0
DA:19,0
DA:20,0
DA:21,0
DA:22,0
DA:23,0
DA:28,0
DA:29,0
DA:33,0
DA:34,0
DA:35,0
DA:36,0
DA:37,0
DA:38,0
DA:39,0
DA:40,0
DA:41,0
DA:42,0
DA:44,0
DA:45,0
DA:48,0
DA:49,0
DA:52,0
DA:53,0
DA:57,0
DA:61,0
DA:62,0
DA:66,0
DA:70,0
DA:71,0
DA:79,0
DA:81,0
DA:83,0
DA:84,0
DA:88,0
DA:90,0
DA:91,0
DA:93,0
DA:94,0
DA:95,0
DA:98,0
DA:99,0
DA:100,0
DA:101,0
DA:103,0
DA:104,0
DA:105,0
DA:107,0
DA:108,0
DA:109,0
DA:113,0
DA:117,0
DA:119,0
DA:121,0
DA:126,0
DA:127,0
DA:129,0
DA:130,0
DA:133,0
DA:134,0
DA:135,0
DA:137,0
DA:138,0
DA:141,0
DA:142,0
DA:147,0
DA:148,0
DA:152,0
DA:154,0
DA:158,0
DA:159,0
DA:160,0
DA:164,0
DA:165,0
DA:169,0
DA:172,0
DA:174,0
DA:175,0
DA:177,0
DA:178,0
DA:179,0
DA:181,0
DA:182,0
DA:183,0
DA:184,0
DA:186,0
DA:187,0
DA:188,0
DA:189,0
DA:193,0
DA:194,0
DA:195,0
DA:197,0
DA:198,0
DA:204,0
DA:207,0
DA:213,0
DA:215,0
DA:219,0
DA:221,0
DA:224,0
DA:225,0
DA:231,0
DA:232,0
DA:233,0
DA:235,0
DA:236,0
DA:241,0
DA:243,0
DA:247,0
DA:248,0
DA:250,0
DA:253,0
DA:254,0
DA:257,0
DA:259,0
DA:260,0
DA:262,0
DA:264,0
DA:265,0
DA:267,0
DA:269,0
DA:270,0
DA:272,0
DA:274,0
DA:275,0
DA:281,0
DA:282,0
DA:284,0
DA:285,0
DA:287,0
DA:288,0
DA:293,0
DA:294,0
DA:296,0
DA:297,0
DA:299,0
DA:300,0
DA:303,0
DA:309,0
DA:313,0
DA:314,0
DA:315,0
DA:317,0
DA:321,0
DA:322,0
DA:323,0
DA:324,0
DA:327,0
DA:329,0
DA:330,0
DA:332,0
DA:333,0
DA:336,0
DA:337,0
DA:338,0
DA:341,0
DA:342,0
DA:345,0
DA:347,0
DA:348,0
DA:349,0
DA:350,0
DA:351,0
DA:353,0
DA:354,0
DA:355,0
DA:356,0
DA:357,0
DA:359,0
DA:361,0
DA:362,0
DA:363,0
DA:366,0
DA:367,0
DA:368,0
DA:370,0
DA:373,0
DA:377,0
DA:380,0
DA:385,0
DA:386,0
DA:388,0
DA:389,0
DA:395,0
DA:397,0
DA:399,0
DA:401,0
DA:402,0
DA:403,0
DA:404,0
DA:410,0
DA:413,0
DA:416,0
DA:418,0
DA:419,0
DA:420,0
DA:428,0
DA:431,0
DA:438,0
DA:439,0
DA:440,0
DA:441,0
DA:444,0
LF:206
LH:0
BRDA:12,0,0,0
BRDA:12,0,1,0
BRDA:61,1,0,0
BRDA:61,1,1,0
BRDA:70,2,0,0
BRDA:70,2,1,0
BRDA:129,3,0,0
BRDA:129,3,1,0
BRDA:137,4,0,0
BRDA:137,4,1,0
BRDA:158,5,0,0
BRDA:158,5,1,0
BRDA:186,6,0,0
BRDA:186,6,1,0
BRDA:197,7,0,0
BRDA:197,7,1,0
BRDA:215,8,0,0
BRDA:215,8,1,0
BRDA:219,9,0,0
BRDA:219,9,1,0
BRDA:250,10,0,0
BRDA:250,10,1,0
BRDA:259,11,0,0
BRDA:259,11,1,0
BRDA:264,12,0,0
BRDA:264,12,1,0
BRDA:269,13,0,0
BRDA:269,13,1,0
BRDA:284,14,0,0
BRDA:284,14,1,0
BRDA:284,15,0,0
BRDA:284,15,1,0
BRDA:287,16,0,0
BRDA:287,16,1,0
BRDA:293,17,0,0
BRDA:293,17,1,0
BRDA:293,18,0,0
BRDA:293,18,1,0
BRDA:296,19,0,0
BRDA:296,19,1,0
BRDA:332,20,0,0
BRDA:332,20,1,0
BRDA:350,21,0,0
BRDA:350,21,1,0
BRDA:366,22,0,0
BRDA:366,22,1,0
BRDA:366,23,0,0
BRDA:366,23,1,0
BRDA:366,23,2,0
BRDA:367,24,0,0
BRDA:367,24,1,0
BRDA:367,25,0,0
BRDA:367,25,1,0
BRDA:401,26,0,0
BRDA:401,26,1,0
BRDA:401,27,0,0
BRDA:401,27,1,0
BRDA:403,28,0,0
BRDA:403,28,1,0
BRDA:440,29,0,0
BRDA:440,29,1,0
BRF:61
BRH:0
end_of_record
