TN:
SF:src/js/core/constants.js
FN:1829,(anonymous_0)
FNF:1
FNH:0
FNDA:0,(anonymous_0)
DA:33,0
DA:72,0
DA:1785,0
DA:1829,0
DA:1830,0
DA:1831,0
DA:1833,0
DA:1834,0
DA:1835,0
DA:1836,0
DA:1837,0
DA:1839,0
DA:1840,0
DA:1841,0
LF:14
LH:0
BRDA:33,0,0,0
BRDA:33,0,1,0
BRDA:1829,1,0,0
BRDA:1834,2,0,0
BRDA:1834,2,1,0
BRDA:1835,3,0,0
BRDA:1835,3,1,0
BRDA:1836,4,0,0
BRDA:1836,4,1,0
BRDA:1839,5,0,0
BRDA:1839,5,1,0
BRDA:1840,6,0,0
BRDA:1840,6,1,0
BRF:13
BRH:0
end_of_record
TN:
SF:src/js/core/number-formatter.js
FN:160,(anonymous_0)
FN:750,(anonymous_1)
FN:1040,(anonymous_2)
FN:1116,(anonymous_3)
FN:1146,(anonymous_4)
FN:1184,(anonymous_5)
FNF:6
FNH:0
FNDA:0,(anonymous_0)
FNDA:0,(anonymous_1)
FNDA:0,(anonymous_2)
FNDA:0,(anonymous_3)
FNDA:0,(anonymous_4)
FNDA:0,(anonymous_5)
DA:21,0
DA:29,0
DA:36,0
DA:44,0
DA:52,0
DA:59,0
DA:68,0
DA:77,0
DA:86,0
DA:96,0
DA:112,0
DA:125,0
DA:145,0
DA:160,0
DA:161,0
DA:162,0
DA:169,0
DA:177,0
DA:178,0
DA:179,0
DA:182,0
DA:183,0
DA:184,0
DA:187,0
DA:190,0
DA:191,0
DA:193,0
DA:196,0
DA:199,0
DA:200,0
DA:201,0
DA:204,0
DA:205,0
DA:206,0
DA:208,0
DA:209,0
DA:210,0
DA:211,0
DA:212,0
DA:213,0
DA:215,0
DA:218,0
DA:219,0
DA:220,0
DA:222,0
DA:223,0
DA:224,0
DA:227,0
DA:228,0
DA:229,0
DA:230,0
DA:232,0
DA:238,0
DA:240,0
DA:245,0
DA:246,0
DA:247,0
DA:248,0
DA:249,0
DA:251,0
DA:254,0
DA:255,0
DA:256,0
DA:257,0
DA:259,0
DA:260,0
DA:263,0
DA:269,0
DA:271,0
DA:272,0
DA:273,0
DA:278,0
DA:279,0
DA:280,0
DA:285,0
DA:286,0
DA:287,0
DA:289,0
DA:290,0
DA:293,0
DA:294,0
DA:297,0
DA:300,0
DA:301,0
DA:305,0
DA:306,0
DA:310,0
DA:311,0
DA:313,0
DA:314,0
DA:316,0
DA:317,0
DA:320,0
DA:321,0
DA:322,0
DA:326,0
DA:327,0
DA:330,0
DA:331,0
DA:332,0
DA:333,0
DA:334,0
DA:335,0
DA:338,0
DA:339,0
DA:340,0
DA:342,0
DA:343,0
DA:344,0
DA:345,0
DA:348,0
DA:349,0
DA:350,0
DA:351,0
DA:352,0
DA:353,0
DA:354,0
DA:355,0
DA:356,0
DA:357,0
DA:358,0
DA:364,0
DA:365,0
DA:368,0
DA:373,0
DA:374,0
DA:377,0
DA:378,0
DA:379,0
DA:381,0
DA:382,0
DA:384,0
DA:386,0
DA:387,0
DA:388,0
DA:389,0
DA:392,0
DA:395,0
DA:396,0
DA:401,0
DA:402,0
DA:405,0
DA:406,0
DA:408,0
DA:411,0
DA:412,0
DA:417,0
DA:418,0
DA:419,0
DA:420,0
DA:422,0
DA:423,0
DA:425,0
DA:426,0
DA:427,0
DA:430,0
DA:431,0
DA:433,0
DA:436,0
DA:437,0
DA:443,0
DA:444,0
DA:445,0
DA:446,0
DA:447,0
DA:450,0
DA:451,0
DA:452,0
DA:455,0
DA:456,0
DA:457,0
DA:460,0
DA:463,0
DA:464,0
DA:466,0
DA:468,0
DA:470,0
DA:472,0
DA:474,0
DA:476,0
DA:478,0
DA:480,0
DA:481,0
DA:482,0
DA:485,0
DA:487,0
DA:489,0
DA:490,0
DA:491,0
DA:492,0
DA:493,0
DA:494,0
DA:495,0
DA:503,0
DA:505,0
DA:506,0
DA:507,0
DA:508,0
DA:509,0
DA:510,0
DA:516,0
DA:517,0
DA:518,0
DA:519,0
DA:520,0
DA:523,0
DA:526,0
DA:528,0
DA:529,0
DA:530,0
DA:533,0
DA:535,0
DA:537,0
DA:539,0
DA:540,0
DA:541,0
DA:543,0
DA:545,0
DA:547,0
DA:548,0
DA:549,0
DA:551,0
DA:553,0
DA:557,0
DA:558,0
DA:559,0
DA:560,0
DA:561,0
DA:564,0
DA:565,0
DA:568,0
DA:569,0
DA:570,0
DA:571,0
DA:575,0
DA:576,0
DA:577,0
DA:578,0
DA:579,0
DA:581,0
DA:582,0
DA:585,0
DA:586,0
DA:587,0
DA:588,0
DA:589,0
DA:590,0
DA:591,0
DA:596,0
DA:600,0
DA:601,0
DA:602,0
DA:603,0
DA:607,0
DA:609,0
DA:611,0
DA:612,0
DA:614,0
DA:615,0
DA:617,0
DA:618,0
DA:620,0
DA:621,0
DA:622,0
DA:624,0
DA:625,0
DA:626,0
DA:628,0
DA:629,0
DA:630,0
DA:632,0
DA:633,0
DA:635,0
DA:636,0
DA:637,0
DA:639,0
DA:640,0
DA:642,0
DA:643,0
DA:645,0
DA:646,0
DA:648,0
DA:649,0
DA:651,0
DA:652,0
DA:654,0
DA:655,0
DA:656,0
DA:658,0
DA:659,0
DA:660,0
DA:661,0
DA:663,0
DA:666,0
DA:667,0
DA:669,0
DA:670,0
DA:672,0
DA:673,0
DA:674,0
DA:676,0
DA:677,0
DA:678,0
DA:680,0
DA:681,0
DA:682,0
DA:684,0
DA:685,0
DA:687,0
DA:688,0
DA:689,0
DA:690,0
DA:692,0
DA:693,0
DA:697,0
DA:699,0
DA:701,0
DA:703,0
DA:706,0
DA:711,0
DA:712,0
DA:716,0
DA:717,0
DA:720,0
DA:750,0
DA:751,0
DA:754,0
DA:758,0
DA:772,0
DA:777,0
DA:780,0
DA:781,0
DA:782,0
DA:783,0
DA:784,0
DA:785,0
DA:786,0
DA:789,0
DA:790,0
DA:793,0
DA:794,0
DA:795,0
DA:796,0
DA:797,0
DA:798,0
DA:800,0
DA:801,0
DA:805,0
DA:806,0
DA:807,0
DA:808,0
DA:810,0
DA:811,0
DA:812,0
DA:814,0
DA:815,0
DA:817,0
DA:818,0
DA:821,0
DA:822,0
DA:823,0
DA:825,0
DA:826,0
DA:830,0
DA:831,0
DA:832,0
DA:833,0
DA:834,0
DA:838,0
DA:839,0
DA:840,0
DA:841,0
DA:842,0
DA:846,0
DA:847,0
DA:848,0
DA:849,0
DA:850,0
DA:854,0
DA:855,0
DA:856,0
DA:857,0
DA:858,0
DA:859,0
DA:860,0
DA:862,0
DA:864,0
DA:868,0
DA:869,0
DA:870,0
DA:871,0
DA:873,0
DA:874,0
DA:875,0
DA:876,0
DA:880,0
DA:881,0
DA:882,0
DA:884,0
DA:886,0
DA:888,0
DA:889,0
DA:890,0
DA:891,0
DA:893,0
DA:897,0
DA:898,0
DA:899,0
DA:900,0
DA:901,0
DA:902,0
DA:904,0
DA:905,0
DA:906,0
DA:909,0
DA:910,0
DA:911,0
DA:915,0
DA:916,0
DA:917,0
DA:918,0
DA:919,0
DA:922,0
DA:923,0
DA:924,0
DA:925,0
DA:928,0
DA:929,0
DA:930,0
DA:933,0
DA:934,0
DA:938,0
DA:939,0
DA:940,0
DA:941,0
DA:942,0
DA:945,0
DA:946,0
DA:947,0
DA:948,0
DA:951,0
DA:952,0
DA:953,0
DA:954,0
DA:957,0
DA:958,0
DA:959,0
DA:962,0
DA:963,0
DA:964,0
DA:967,0
DA:968,0
DA:969,0
DA:972,0
DA:973,0
DA:974,0
DA:975,0
DA:976,0
DA:977,0
DA:978,0
DA:979,0
DA:980,0
DA:981,0
DA:982,0
DA:983,0
DA:984,0
DA:987,0
DA:988,0
DA:989,0
DA:992,0
DA:993,0
DA:994,0
DA:997,0
DA:998,0
DA:1002,0
DA:1003,0
DA:1004,0
DA:1009,0
DA:1010,0
DA:1011,0
DA:1012,0
DA:1015,0
DA:1040,0
DA:1041,0
DA:1042,0
DA:1044,0
DA:1048,0
DA:1049,0
DA:1050,0
DA:1052,0
DA:1053,0
DA:1055,0
DA:1059,0
DA:1060,0
DA:1061,0
DA:1064,0
DA:1065,0
DA:1066,0
DA:1069,0
DA:1070,0
DA:1071,0
DA:1074,0
DA:1075,0
DA:1076,0
DA:1079,0
DA:1080,0
DA:1081,0
DA:1084,0
DA:1085,0
DA:1086,0
DA:1087,0
DA:1091,0
DA:1092,0
DA:1095,0
DA:1116,0
DA:1120,0
DA:1121,0
DA:1122,0
DA:1124,0
DA:1146,0
DA:1150,0
DA:1151,0
DA:1152,0
DA:1153,0
DA:1154,0
DA:1155,0
DA:1156,0
DA:1157,0
DA:1158,0
DA:1159,0
DA:1161,0
DA:1184,0
DA:1185,0
DA:1186,0
DA:1188,0
LF:535
LH:0
BRDA:21,0,0,0
BRDA:21,0,1,0
BRDA:179,1,0,0
BRDA:179,1,1,0
BRDA:183,2,0,0
BRDA:183,2,1,0
BRDA:184,3,0,0
BRDA:184,3,1,0
BRDA:187,4,0,0
BRDA:187,4,1,0
BRDA:193,5,0,0
BRDA:193,5,1,0
BRDA:199,6,0,0
BRDA:199,6,1,0
BRDA:208,7,0,0
BRDA:208,7,1,0
BRDA:209,8,0,0
BRDA:209,8,1,0
BRDA:218,9,0,0
BRDA:218,9,1,0
BRDA:219,10,0,0
BRDA:219,10,1,0
BRDA:227,11,0,0
BRDA:227,11,1,0
BRDA:232,12,0,0
BRDA:232,12,1,0
BRDA:232,13,0,0
BRDA:232,13,1,0
BRDA:232,13,2,0
BRDA:232,13,3,0
BRDA:232,13,4,0
BRDA:232,13,5,0
BRDA:232,13,6,0
BRDA:232,13,7,0
BRDA:232,13,8,0
BRDA:232,13,9,0
BRDA:232,13,10,0
BRDA:232,13,11,0
BRDA:245,14,0,0
BRDA:245,14,1,0
BRDA:246,15,0,0
BRDA:246,15,1,0
BRDA:247,16,0,0
BRDA:247,16,1,0
BRDA:254,17,0,0
BRDA:254,17,1,0
BRDA:255,18,0,0
BRDA:255,18,1,0
BRDA:259,19,0,0
BRDA:259,19,1,0
BRDA:271,20,0,0
BRDA:271,20,1,0
BRDA:278,21,0,0
BRDA:278,21,1,0
BRDA:293,22,0,0
BRDA:293,22,1,0
BRDA:294,23,0,0
BRDA:294,23,1,0
BRDA:300,24,0,0
BRDA:300,24,1,0
BRDA:300,25,0,0
BRDA:300,25,1,0
BRDA:300,25,2,0
BRDA:305,26,0,0
BRDA:305,26,1,0
BRDA:311,27,0,0
BRDA:311,27,1,0
BRDA:314,28,0,0
BRDA:314,28,1,0
BRDA:314,29,0,0
BRDA:314,29,1,0
BRDA:317,30,0,0
BRDA:317,30,1,0
BRDA:320,31,0,0
BRDA:320,31,1,0
BRDA:321,32,0,0
BRDA:321,32,1,0
BRDA:348,33,0,0
BRDA:348,33,1,0
BRDA:352,34,0,0
BRDA:352,34,1,0
BRDA:356,35,0,0
BRDA:356,35,1,0
BRDA:381,36,0,0
BRDA:381,36,1,0
BRDA:382,37,0,0
BRDA:382,37,1,0
BRDA:384,38,0,0
BRDA:384,38,1,0
BRDA:386,39,0,0
BRDA:386,39,1,0
BRDA:386,40,0,0
BRDA:386,40,1,0
BRDA:386,40,2,0
BRDA:387,41,0,0
BRDA:387,41,1,0
BRDA:389,42,0,0
BRDA:389,42,1,0
BRDA:392,43,0,0
BRDA:392,43,1,0
BRDA:395,44,0,0
BRDA:395,44,1,0
BRDA:401,45,0,0
BRDA:401,45,1,0
BRDA:401,46,0,0
BRDA:401,46,1,0
BRDA:401,46,2,0
BRDA:405,47,0,0
BRDA:405,47,1,0
BRDA:411,48,0,0
BRDA:411,48,1,0
BRDA:422,49,0,0
BRDA:422,49,1,0
BRDA:423,50,0,0
BRDA:423,50,1,0
BRDA:425,51,0,0
BRDA:425,51,1,0
BRDA:426,52,0,0
BRDA:426,52,1,0
BRDA:426,53,0,0
BRDA:426,53,1,0
BRDA:426,53,2,0
BRDA:430,54,0,0
BRDA:430,54,1,0
BRDA:436,55,0,0
BRDA:436,55,1,0
BRDA:451,56,0,0
BRDA:451,56,1,0
BRDA:456,57,0,0
BRDA:456,57,1,0
BRDA:466,58,0,0
BRDA:466,58,1,0
BRDA:470,59,0,0
BRDA:470,59,1,0
BRDA:474,60,0,0
BRDA:474,60,1,0
BRDA:478,61,0,0
BRDA:478,61,1,0
BRDA:480,62,0,0
BRDA:480,62,1,0
BRDA:487,63,0,0
BRDA:487,63,1,0
BRDA:489,64,0,0
BRDA:489,64,1,0
BRDA:492,65,0,0
BRDA:492,65,1,0
BRDA:494,66,0,0
BRDA:494,66,1,0
BRDA:494,67,0,0
BRDA:494,67,1,0
BRDA:503,68,0,0
BRDA:503,68,1,0
BRDA:503,69,0,0
BRDA:503,69,1,0
BRDA:505,70,0,0
BRDA:505,70,1,0
BRDA:505,71,0,0
BRDA:505,71,1,0
BRDA:506,72,0,0
BRDA:506,72,1,0
BRDA:507,73,0,0
BRDA:507,73,1,0
BRDA:509,74,0,0
BRDA:509,74,1,0
BRDA:509,75,0,0
BRDA:509,75,1,0
BRDA:517,76,0,0
BRDA:517,76,1,0
BRDA:519,77,0,0
BRDA:519,77,1,0
BRDA:519,78,0,0
BRDA:519,78,1,0
BRDA:526,79,0,0
BRDA:526,79,1,0
BRDA:528,80,0,0
BRDA:528,80,1,0
BRDA:529,81,0,0
BRDA:529,81,1,0
BRDA:529,82,0,0
BRDA:529,82,1,0
BRDA:530,83,0,0
BRDA:530,83,1,0
BRDA:537,84,0,0
BRDA:537,84,1,0
BRDA:539,85,0,0
BRDA:539,85,1,0
BRDA:545,86,0,0
BRDA:545,86,1,0
BRDA:547,87,0,0
BRDA:547,87,1,0
BRDA:553,88,0,0
BRDA:553,88,1,0
BRDA:557,89,0,0
BRDA:557,89,1,0
BRDA:561,90,0,0
BRDA:561,90,1,0
BRDA:564,91,0,0
BRDA:564,91,1,0
BRDA:569,92,0,0
BRDA:569,92,1,0
BRDA:577,93,0,0
BRDA:577,93,1,0
BRDA:577,94,0,0
BRDA:577,94,1,0
BRDA:579,95,0,0
BRDA:579,95,1,0
BRDA:585,96,0,0
BRDA:585,96,1,0
BRDA:588,97,0,0
BRDA:588,97,1,0
BRDA:590,98,0,0
BRDA:590,98,1,0
BRDA:590,99,0,0
BRDA:590,99,1,0
BRDA:600,100,0,0
BRDA:600,100,1,0
BRDA:607,101,0,0
BRDA:607,101,1,0
BRDA:611,102,0,0
BRDA:611,102,1,0
BRDA:611,103,0,0
BRDA:611,103,1,0
BRDA:614,104,0,0
BRDA:614,104,1,0
BRDA:617,105,0,0
BRDA:617,105,1,0
BRDA:620,106,0,0
BRDA:620,106,1,0
BRDA:624,107,0,0
BRDA:624,107,1,0
BRDA:628,108,0,0
BRDA:628,108,1,0
BRDA:632,109,0,0
BRDA:632,109,1,0
BRDA:635,110,0,0
BRDA:635,110,1,0
BRDA:639,111,0,0
BRDA:639,111,1,0
BRDA:642,112,0,0
BRDA:642,112,1,0
BRDA:645,113,0,0
BRDA:645,113,1,0
BRDA:648,114,0,0
BRDA:648,114,1,0
BRDA:651,115,0,0
BRDA:651,115,1,0
BRDA:654,116,0,0
BRDA:654,116,1,0
BRDA:658,117,0,0
BRDA:658,117,1,0
BRDA:659,118,0,0
BRDA:659,118,1,0
BRDA:666,119,0,0
BRDA:666,119,1,0
BRDA:669,120,0,0
BRDA:669,120,1,0
BRDA:672,121,0,0
BRDA:672,121,1,0
BRDA:676,122,0,0
BRDA:676,122,1,0
BRDA:680,123,0,0
BRDA:680,123,1,0
BRDA:684,124,0,0
BRDA:684,124,1,0
BRDA:684,125,0,0
BRDA:684,125,1,0
BRDA:687,126,0,0
BRDA:687,126,1,0
BRDA:688,127,0,0
BRDA:688,127,1,0
BRDA:697,128,0,0
BRDA:697,128,1,0
BRDA:701,129,0,0
BRDA:701,129,1,0
BRDA:711,130,0,0
BRDA:711,130,1,0
BRDA:716,131,0,0
BRDA:716,131,1,0
BRDA:754,132,0,0
BRDA:754,132,1,0
BRDA:793,133,0,0
BRDA:793,133,1,0
BRDA:794,134,0,0
BRDA:794,134,1,0
BRDA:805,135,0,0
BRDA:805,135,1,0
BRDA:806,136,0,0
BRDA:806,136,1,0
BRDA:810,137,0,0
BRDA:810,137,1,0
BRDA:814,138,0,0
BRDA:814,138,1,0
BRDA:817,139,0,0
BRDA:817,139,1,0
BRDA:830,140,0,0
BRDA:830,140,1,0
BRDA:838,141,0,0
BRDA:838,141,1,0
BRDA:846,142,0,0
BRDA:846,142,1,0
BRDA:854,143,0,0
BRDA:854,143,1,0
BRDA:855,144,0,0
BRDA:855,144,1,0
BRDA:857,145,0,0
BRDA:857,145,1,0
BRDA:868,146,0,0
BRDA:868,146,1,0
BRDA:869,147,0,0
BRDA:869,147,1,0
BRDA:880,148,0,0
BRDA:880,148,1,0
BRDA:884,149,0,0
BRDA:884,149,1,0
BRDA:884,150,0,0
BRDA:884,150,1,0
BRDA:888,151,0,0
BRDA:888,151,1,0
BRDA:888,152,0,0
BRDA:888,152,1,0
BRDA:897,153,0,0
BRDA:897,153,1,0
BRDA:897,154,0,0
BRDA:897,154,1,0
BRDA:897,154,2,0
BRDA:898,155,0,0
BRDA:898,155,1,0
BRDA:900,156,0,0
BRDA:900,156,1,0
BRDA:915,157,0,0
BRDA:915,157,1,0
BRDA:922,158,0,0
BRDA:922,158,1,0
BRDA:928,159,0,0
BRDA:928,159,1,0
BRDA:929,160,0,0
BRDA:929,160,1,0
BRDA:938,161,0,0
BRDA:938,161,1,0
BRDA:945,162,0,0
BRDA:945,162,1,0
BRDA:951,163,0,0
BRDA:951,163,1,0
BRDA:957,164,0,0
BRDA:957,164,1,0
BRDA:962,165,0,0
BRDA:962,165,1,0
BRDA:967,166,0,0
BRDA:967,166,1,0
BRDA:972,167,0,0
BRDA:972,167,1,0
BRDA:987,168,0,0
BRDA:987,168,1,0
BRDA:992,169,0,0
BRDA:992,169,1,0
BRDA:997,170,0,0
BRDA:997,170,1,0
BRDA:1009,171,0,0
BRDA:1009,171,1,0
BRDA:1048,172,0,0
BRDA:1048,172,1,0
BRDA:1052,173,0,0
BRDA:1052,173,1,0
BRDA:1053,174,0,0
BRDA:1053,174,1,0
BRDA:1053,174,2,0
BRDA:1055,175,0,0
BRDA:1055,175,1,0
BRDA:1055,175,2,0
BRDA:1059,176,0,0
BRDA:1059,176,1,0
BRDA:1064,177,0,0
BRDA:1064,177,1,0
BRDA:1069,178,0,0
BRDA:1069,178,1,0
BRDA:1074,179,0,0
BRDA:1074,179,1,0
BRDA:1079,180,0,0
BRDA:1079,180,1,0
BRDA:1084,181,0,0
BRDA:1084,181,1,0
BRDA:1185,182,0,0
BRDA:1185,182,1,0
BRF:383
BRH:0
end_of_record
TN:
SF:src/js/network/updater.js
FN:9,(anonymous_0)
FN:12,(anonymous_1)
FN:22,(anonymous_2)
FN:31,(anonymous_3)
FN:42,(anonymous_4)
FN:50,(anonymous_5)
FN:59,(anonymous_6)
FN:70,(anonymous_7)
FN:82,(anonymous_8)
FN:98,(anonymous_9)
FN:116,(anonymous_10)
FN:125,(anonymous_11)
FN:131,(anonymous_12)
FN:134,(anonymous_13)
FN:141,(anonymous_14)
FN:148,(anonymous_15)
FN:157,(anonymous_16)
FN:170,(anonymous_17)
FN:184,(anonymous_18)
FNF:19
FNH:0
FNDA:0,(anonymous_0)
FNDA:0,(anonymous_1)
FNDA:0,(anonymous_2)
FNDA:0,(anonymous_3)
FNDA:0,(anonymous_4)
FNDA:0,(anonymous_5)
FNDA:0,(anonymous_6)
FNDA:0,(anonymous_7)
FNDA:0,(anonymous_8)
FNDA:0,(anonymous_9)
FNDA:0,(anonymous_10)
FNDA:0,(anonymous_11)
FNDA:0,(anonymous_12)
FNDA:0,(anonymous_13)
FNDA:0,(anonymous_14)
FNDA:0,(anonymous_15)
FNDA:0,(anonymous_16)
FNDA:0,(anonymous_17)
FNDA:0,(anonymous_18)
DA:8,0
DA:9,0
DA:12,0
DA:13,0
DA:14,0
DA:22,0
DA:23,0
DA:31,0
DA:32,0
DA:33,0
DA:42,0
DA:43,0
DA:45,0
DA:51,0
DA:52,0
DA:53,0
DA:55,0
DA:60,0
DA:70,0
DA:72,0
DA:73,0
DA:76,0
DA:82,0
DA:83,0
DA:91,0
DA:99,0
DA:100,0
DA:102,0
DA:117,0
DA:118,0
DA:120,0
DA:121,0
DA:122,0
DA:124,0
DA:125,0
DA:132,0
DA:133,0
DA:134,0
DA:142,0
DA:144,0
DA:145,0
DA:148,0
DA:149,0
DA:165,0
DA:171,0
DA:172,0
DA:175,0
DA:176,0
DA:185,0
DA:186,0
DA:187,0
DA:189,0
DA:190,0
DA:192,0
DA:194,0
DA:197,0
DA:198,0
DA:199,0
DA:201,0
DA:202,0
DA:203,0
DA:204,0
DA:207,0
DA:208,0
DA:209,0
DA:210,0
DA:212,0
DA:215,0
DA:216,0
DA:222,0
DA:224,0
DA:228,0
DA:238,0
DA:239,0
DA:241,0
DA:242,0
DA:244,0
DA:245,0
DA:247,0
DA:248,0
DA:249,0
DA:255,0
DA:256,0
DA:257,0
DA:259,0
DA:262,0
DA:263,0
DA:264,0
DA:266,0
DA:272,0
LF:90
LH:0
BRDA:8,0,0,0
BRDA:8,0,1,0
BRDA:9,1,0,0
BRDA:9,1,1,0
BRDA:33,2,0,0
BRDA:33,2,1,0
BRDA:51,3,0,0
BRDA:51,3,1,0
BRDA:72,4,0,0
BRDA:72,4,1,0
BRDA:72,5,0,0
BRDA:72,5,1,0
BRDA:100,6,0,0
BRDA:100,6,1,0
BRDA:142,7,0,0
BRDA:142,7,1,0
BRDA:175,8,0,0
BRDA:175,8,1,0
BRDA:185,9,0,0
BRDA:185,9,1,0
BRDA:186,10,0,0
BRDA:186,10,1,0
BRDA:187,11,0,0
BRDA:187,11,1,0
BRDA:194,12,0,0
BRDA:194,12,1,0
BRDA:194,12,2,0
BRDA:194,12,3,0
BRDA:194,12,4,0
BRDA:201,13,0,0
BRDA:201,13,1,0
BRDA:209,14,0,0
BRDA:209,14,1,0
BRDA:215,15,0,0
BRDA:215,15,1,0
BRDA:218,16,0,0
BRDA:218,16,1,0
BRDA:238,17,0,0
BRDA:238,17,1,0
BRDA:241,18,0,0
BRDA:241,18,1,0
BRDA:247,19,0,0
BRDA:247,19,1,0
BRDA:247,20,0,0
BRDA:247,20,1,0
BRDA:256,21,0,0
BRDA:256,21,1,0
BRDA:262,22,0,0
BRDA:262,22,1,0
BRF:49
BRH:0
end_of_record
TN:
SF:src/js/ui/popup-manager.js
FN:9,(anonymous_0)
FN:29,(anonymous_1)
FN:41,(anonymous_2)
FN:51,(anonymous_3)
FN:67,(anonymous_4)
FN:87,(anonymous_5)
FN:100,(anonymous_6)
FN:112,(anonymous_7)
FN:127,(anonymous_8)
FN:159,(anonymous_9)
FN:172,(anonymous_10)
FN:197,(anonymous_11)
FN:259,(anonymous_12)
FN:269,GetLayoutValues
FN:340,(anonymous_14)
FN:361,(anonymous_15)
FN:383,(anonymous_16)
FN:395,(anonymous_17)
FN:407,(anonymous_18)
FN:420,(anonymous_19)
FN:429,(anonymous_20)
FN:485,(anonymous_21)
FN:513,(anonymous_22)
FN:553,(anonymous_23)
FN:572,(anonymous_24)
FN:588,(anonymous_25)
FN:611,(anonymous_26)
FN:627,(anonymous_27)
FN:677,(anonymous_28)
FN:725,(anonymous_29)
FN:757,(anonymous_30)
FN:795,(anonymous_31)
FN:820,(anonymous_32)
FN:837,(anonymous_33)
FN:864,(anonymous_34)
FN:883,(anonymous_35)
FN:925,(anonymous_36)
FN:956,(anonymous_37)
FN:1001,(anonymous_38)
FN:1038,(anonymous_39)
FN:1053,(anonymous_40)
FN:1074,(anonymous_41)
FN:1090,(anonymous_42)
FN:1138,(anonymous_43)
FN:1166,(anonymous_44)
FN:1180,(anonymous_45)
FN:1192,(anonymous_46)
FN:1209,(anonymous_47)
FN:1224,(anonymous_48)
FN:1241,(anonymous_49)
FN:1318,(anonymous_50)
FN:1326,(anonymous_51)
FN:1378,(anonymous_52)
FN:1427,(anonymous_53)
FN:1491,(anonymous_54)
FN:1510,(anonymous_55)
FN:1535,(anonymous_56)
FN:1572,(anonymous_57)
FN:1604,(anonymous_58)
FN:1618,(anonymous_59)
FNF:60
FNH:0
FNDA:0,(anonymous_0)
FNDA:0,(anonymous_1)
FNDA:0,(anonymous_2)
FNDA:0,(anonymous_3)
FNDA:0,(anonymous_4)
FNDA:0,(anonymous_5)
FNDA:0,(anonymous_6)
FNDA:0,(anonymous_7)
FNDA:0,(anonymous_8)
FNDA:0,(anonymous_9)
FNDA:0,(anonymous_10)
FNDA:0,(anonymous_11)
FNDA:0,(anonymous_12)
FNDA:0,GetLayoutValues
FNDA:0,(anonymous_14)
FNDA:0,(anonymous_15)
FNDA:0,(anonymous_16)
FNDA:0,(anonymous_17)
FNDA:0,(anonymous_18)
FNDA:0,(anonymous_19)
FNDA:0,(anonymous_20)
FNDA:0,(anonymous_21)
FNDA:0,(anonymous_22)
FNDA:0,(anonymous_23)
FNDA:0,(anonymous_24)
FNDA:0,(anonymous_25)
FNDA:0,(anonymous_26)
FNDA:0,(anonymous_27)
FNDA:0,(anonymous_28)
FNDA:0,(anonymous_29)
FNDA:0,(anonymous_30)
FNDA:0,(anonymous_31)
FNDA:0,(anonymous_32)
FNDA:0,(anonymous_33)
FNDA:0,(anonymous_34)
FNDA:0,(anonymous_35)
FNDA:0,(anonymous_36)
FNDA:0,(anonymous_37)
FNDA:0,(anonymous_38)
FNDA:0,(anonymous_39)
FNDA:0,(anonymous_40)
FNDA:0,(anonymous_41)
FNDA:0,(anonymous_42)
FNDA:0,(anonymous_43)
FNDA:0,(anonymous_44)
FNDA:0,(anonymous_45)
FNDA:0,(anonymous_46)
FNDA:0,(anonymous_47)
FNDA:0,(anonymous_48)
FNDA:0,(anonymous_49)
FNDA:0,(anonymous_50)
FNDA:0,(anonymous_51)
FNDA:0,(anonymous_52)
FNDA:0,(anonymous_53)
FNDA:0,(anonymous_54)
FNDA:0,(anonymous_55)
FNDA:0,(anonymous_56)
FNDA:0,(anonymous_57)
FNDA:0,(anonymous_58)
FNDA:0,(anonymous_59)
DA:9,0
DA:15,0
DA:16,0
DA:19,0
DA:23,0
DA:24,0
DA:25,0
DA:26,0
DA:29,0
DA:41,0
DA:42,0
DA:43,0
DA:51,0
DA:52,0
DA:53,0
DA:55,0
DA:56,0
DA:59,0
DA:67,0
DA:68,0
DA:69,0
DA:71,0
DA:72,0
DA:75,0
DA:76,0
DA:77,0
DA:79,0
DA:87,0
DA:88,0
DA:89,0
DA:91,0
DA:92,0
DA:100,0
DA:101,0
DA:102,0
DA:104,0
DA:105,0
DA:112,0
DA:113,0
DA:127,0
DA:128,0
DA:129,0
DA:130,0
DA:132,0
DA:134,0
DA:136,0
DA:137,0
DA:139,0
DA:140,0
DA:141,0
DA:142,0
DA:143,0
DA:147,0
DA:148,0
DA:151,0
DA:159,0
DA:160,0
DA:162,0
DA:164,0
DA:172,0
DA:173,0
DA:174,0
DA:175,0
DA:177,0
DA:179,0
DA:180,0
DA:182,0
DA:184,0
DA:197,0
DA:200,0
DA:201,0
DA:202,0
DA:204,0
DA:205,0
DA:207,0
DA:209,0
DA:210,0
DA:211,0
DA:212,0
DA:213,0
DA:215,0
DA:216,0
DA:219,0
DA:221,0
DA:222,0
DA:230,0
DA:231,0
DA:232,0
DA:247,0
DA:259,0
DA:260,0
DA:261,0
DA:262,0
DA:264,0
DA:265,0
DA:267,0
DA:270,0
DA:271,0
DA:272,0
DA:273,0
DA:274,0
DA:275,0
DA:278,0
DA:279,0
DA:280,0
DA:281,0
DA:288,0
DA:289,0
DA:290,0
DA:291,0
DA:293,0
DA:294,0
DA:295,0
DA:296,0
DA:298,0
DA:299,0
DA:300,0
DA:301,0
DA:303,0
DA:304,0
DA:305,0
DA:306,0
DA:308,0
DA:309,0
DA:310,0
DA:311,0
DA:313,0
DA:314,0
DA:315,0
DA:316,0
DA:318,0
DA:319,0
DA:320,0
DA:321,0
DA:323,0
DA:324,0
DA:325,0
DA:326,0
DA:340,0
DA:341,0
DA:343,0
DA:345,0
DA:347,0
DA:348,0
DA:361,0
DA:362,0
DA:364,0
DA:365,0
DA:367,0
DA:368,0
DA:369,0
DA:372,0
DA:376,0
DA:383,0
DA:384,0
DA:385,0
DA:386,0
DA:387,0
DA:395,0
DA:396,0
DA:397,0
DA:398,0
DA:399,0
DA:407,0
DA:408,0
DA:410,0
DA:420,0
DA:421,0
DA:429,0
DA:430,0
DA:431,0
DA:432,0
DA:435,0
DA:477,0
DA:485,0
DA:486,0
DA:487,0
DA:488,0
DA:490,0
DA:491,0
DA:492,0
DA:493,0
DA:495,0
DA:497,0
DA:498,0
DA:500,0
DA:502,0
DA:504,0
DA:513,0
DA:517,0
DA:518,0
DA:519,0
DA:520,0
DA:522,0
DA:523,0
DA:525,0
DA:526,0
DA:527,0
DA:528,0
DA:529,0
DA:532,0
DA:533,0
DA:534,0
DA:537,0
DA:538,0
DA:539,0
DA:542,0
DA:543,0
DA:553,0
DA:554,0
DA:555,0
DA:556,0
DA:557,0
DA:559,0
DA:561,0
DA:562,0
DA:572,0
DA:573,0
DA:574,0
DA:575,0
DA:576,0
DA:578,0
DA:588,0
DA:591,0
DA:592,0
DA:593,0
DA:594,0
DA:596,0
DA:597,0
DA:600,0
DA:602,0
DA:603,0
DA:611,0
DA:612,0
DA:613,0
DA:614,0
DA:616,0
DA:617,0
DA:618,0
DA:627,0
DA:630,0
DA:631,0
DA:632,0
DA:633,0
DA:635,0
DA:637,0
DA:639,0
DA:640,0
DA:642,0
DA:643,0
DA:645,0
DA:646,0
DA:647,0
DA:650,0
DA:652,0
DA:653,0
DA:655,0
DA:656,0
DA:657,0
DA:660,0
DA:661,0
DA:664,0
DA:666,0
DA:667,0
DA:677,0
DA:680,0
DA:681,0
DA:682,0
DA:683,0
DA:685,0
DA:686,0
DA:688,0
DA:690,0
DA:692,0
DA:693,0
DA:694,0
DA:695,0
DA:696,0
DA:697,0
DA:698,0
DA:700,0
DA:701,0
DA:702,0
DA:705,0
DA:706,0
DA:709,0
DA:711,0
DA:714,0
DA:716,0
DA:725,0
DA:726,0
DA:730,0
DA:731,0
DA:732,0
DA:733,0
DA:735,0
DA:737,0
DA:739,0
DA:740,0
DA:742,0
DA:749,0
DA:757,0
DA:759,0
DA:760,0
DA:761,0
DA:762,0
DA:764,0
DA:766,0
DA:767,0
DA:768,0
DA:769,0
DA:770,0
DA:771,0
DA:772,0
DA:773,0
DA:774,0
DA:775,0
DA:776,0
DA:778,0
DA:781,0
DA:782,0
DA:783,0
DA:786,0
DA:788,0
DA:795,0
DA:797,0
DA:798,0
DA:799,0
DA:800,0
DA:802,0
DA:803,0
DA:804,0
DA:805,0
DA:806,0
DA:807,0
DA:808,0
DA:809,0
DA:811,0
DA:812,0
DA:820,0
DA:822,0
DA:823,0
DA:824,0
DA:825,0
DA:827,0
DA:829,0
DA:837,0
DA:839,0
DA:840,0
DA:841,0
DA:842,0
DA:844,0
DA:846,0
DA:848,0
DA:850,0
DA:851,0
DA:852,0
DA:856,0
DA:864,0
DA:865,0
DA:866,0
DA:867,0
DA:868,0
DA:870,0
DA:871,0
DA:873,0
DA:874,0
DA:883,0
DA:884,0
DA:917,0
DA:925,0
DA:926,0
DA:927,0
DA:928,0
DA:930,0
DA:931,0
DA:932,0
DA:933,0
DA:935,0
DA:936,0
DA:938,0
DA:940,0
DA:941,0
DA:943,0
DA:945,0
DA:956,0
DA:959,0
DA:960,0
DA:961,0
DA:962,0
DA:963,0
DA:965,0
DA:966,0
DA:968,0
DA:969,0
DA:970,0
DA:971,0
DA:972,0
DA:975,0
DA:977,0
DA:980,0
DA:981,0
DA:982,0
DA:983,0
DA:986,0
DA:987,0
DA:990,0
DA:991,0
DA:1001,0
DA:1004,0
DA:1005,0
DA:1006,0
DA:1007,0
DA:1008,0
DA:1010,0
DA:1012,0
DA:1013,0
DA:1014,0
DA:1015,0
DA:1016,0
DA:1017,0
DA:1020,0
DA:1021,0
DA:1023,0
DA:1024,0
DA:1027,0
DA:1038,0
DA:1039,0
DA:1040,0
DA:1041,0
DA:1042,0
DA:1044,0
DA:1053,0
DA:1056,0
DA:1057,0
DA:1058,0
DA:1059,0
DA:1061,0
DA:1062,0
DA:1065,0
DA:1066,0
DA:1074,0
DA:1075,0
DA:1076,0
DA:1077,0
DA:1079,0
DA:1080,0
DA:1081,0
DA:1090,0
DA:1093,0
DA:1094,0
DA:1095,0
DA:1096,0
DA:1098,0
DA:1100,0
DA:1102,0
DA:1104,0
DA:1105,0
DA:1107,0
DA:1108,0
DA:1110,0
DA:1111,0
DA:1114,0
DA:1116,0
DA:1117,0
DA:1118,0
DA:1119,0
DA:1121,0
DA:1122,0
DA:1125,0
DA:1127,0
DA:1128,0
DA:1138,0
DA:1141,0
DA:1142,0
DA:1143,0
DA:1144,0
DA:1146,0
DA:1148,0
DA:1150,0
DA:1152,0
DA:1158,0
DA:1166,0
DA:1168,0
DA:1169,0
DA:1170,0
DA:1171,0
DA:1173,0
DA:1180,0
DA:1182,0
DA:1183,0
DA:1184,0
DA:1185,0
DA:1192,0
DA:1194,0
DA:1195,0
DA:1196,0
DA:1197,0
DA:1199,0
DA:1201,0
DA:1209,0
DA:1210,0
DA:1211,0
DA:1212,0
DA:1213,0
DA:1215,0
DA:1216,0
DA:1224,0
DA:1225,0
DA:1226,0
DA:1227,0
DA:1228,0
DA:1230,0
DA:1232,0
DA:1241,0
DA:1244,0
DA:1245,0
DA:1246,0
DA:1247,0
DA:1248,0
DA:1249,0
DA:1250,0
DA:1252,0
DA:1254,0
DA:1255,0
DA:1256,0
DA:1257,0
DA:1258,0
DA:1260,0
DA:1261,0
DA:1262,0
DA:1264,0
DA:1265,0
DA:1266,0
DA:1267,0
DA:1268,0
DA:1269,0
DA:1270,0
DA:1271,0
DA:1272,0
DA:1273,0
DA:1274,0
DA:1275,0
DA:1278,0
DA:1279,0
DA:1281,0
DA:1282,0
DA:1284,0
DA:1286,0
DA:1288,0
DA:1289,0
DA:1290,0
DA:1295,0
DA:1296,0
DA:1297,0
DA:1298,0
DA:1299,0
DA:1300,0
DA:1301,0
DA:1303,0
DA:1305,0
DA:1306,0
DA:1308,0
DA:1318,0
DA:1319,0
DA:1326,0
DA:1327,0
DA:1328,0
DA:1329,0
DA:1330,0
DA:1331,0
DA:1332,0
DA:1335,0
DA:1338,0
DA:1339,0
DA:1340,0
DA:1341,0
DA:1342,0
DA:1345,0
DA:1346,0
DA:1347,0
DA:1348,0
DA:1349,0
DA:1352,0
DA:1353,0
DA:1354,0
DA:1355,0
DA:1356,0
DA:1359,0
DA:1360,0
DA:1361,0
DA:1364,0
DA:1365,0
DA:1366,0
DA:1368,0
DA:1369,0
DA:1370,0
DA:1378,0
DA:1381,0
DA:1382,0
DA:1383,0
DA:1384,0
DA:1385,0
DA:1386,0
DA:1388,0
DA:1389,0
DA:1390,0
DA:1391,0
DA:1392,0
DA:1393,0
DA:1394,0
DA:1397,0
DA:1402,0
DA:1404,0
DA:1405,0
DA:1406,0
DA:1407,0
DA:1410,0
DA:1412,0
DA:1413,0
DA:1414,0
DA:1415,0
DA:1418,0
DA:1419,0
DA:1427,0
DA:1428,0
DA:1430,0
DA:1431,0
DA:1432,0
DA:1433,0
DA:1435,0
DA:1436,0
DA:1438,0
DA:1439,0
DA:1441,0
DA:1443,0
DA:1444,0
DA:1446,0
DA:1447,0
DA:1449,0
DA:1450,0
DA:1452,0
DA:1455,0
DA:1456,0
DA:1457,0
DA:1458,0
DA:1459,0
DA:1460,0
DA:1461,0
DA:1462,0
DA:1463,0
DA:1464,0
DA:1465,0
DA:1466,0
DA:1468,0
DA:1470,0
DA:1471,0
DA:1473,0
DA:1474,0
DA:1476,0
DA:1477,0
DA:1480,0
DA:1483,0
DA:1484,0
DA:1491,0
DA:1492,0
DA:1493,0
DA:1494,0
DA:1495,0
DA:1497,0
DA:1498,0
DA:1499,0
DA:1500,0
DA:1503,0
DA:1510,0
DA:1511,0
DA:1513,0
DA:1514,0
DA:1515,0
DA:1516,0
DA:1518,0
DA:1519,0
DA:1521,0
DA:1523,0
DA:1524,0
DA:1526,0
DA:1535,0
DA:1536,0
DA:1538,0
DA:1539,0
DA:1540,0
DA:1541,0
DA:1543,0
DA:1544,0
DA:1546,0
DA:1549,0
DA:1550,0
DA:1551,0
DA:1552,0
DA:1554,0
DA:1555,0
DA:1556,0
DA:1559,0
DA:1562,0
DA:1563,0
DA:1572,0
DA:1573,0
DA:1574,0
DA:1575,0
DA:1576,0
DA:1579,0
DA:1582,0
DA:1583,0
DA:1584,0
DA:1585,0
DA:1586,0
DA:1587,0
DA:1589,0
DA:1590,0
DA:1591,0
DA:1594,0
DA:1595,0
DA:1604,0
DA:1605,0
DA:1606,0
DA:1607,0
DA:1609,0
DA:1610,0
DA:1618,0
DA:1619,0
DA:1621,0
DA:1622,0
DA:1624,0
DA:1625,0
DA:1627,0
DA:1629,0
DA:1630,0
LF:737
LH:0
BRDA:15,0,0,0
BRDA:15,0,1,0
BRDA:16,1,0,0
BRDA:16,1,1,0
BRDA:19,2,0,0
BRDA:19,2,1,0
BRDA:23,3,0,0
BRDA:23,3,1,0
BRDA:24,4,0,0
BRDA:24,4,1,0
BRDA:25,5,0,0
BRDA:25,5,1,0
BRDA:29,6,0,0
BRDA:29,6,1,0
BRDA:41,7,0,0
BRDA:53,8,0,0
BRDA:53,8,1,0
BRDA:69,9,0,0
BRDA:69,9,1,0
BRDA:75,10,0,0
BRDA:75,10,1,0
BRDA:75,11,0,0
BRDA:75,11,1,0
BRDA:89,12,0,0
BRDA:89,12,1,0
BRDA:92,13,0,0
BRDA:92,13,1,0
BRDA:102,14,0,0
BRDA:102,14,1,0
BRDA:132,15,0,0
BRDA:132,15,1,0
BRDA:134,16,0,0
BRDA:134,16,1,0
BRDA:134,17,0,0
BRDA:134,17,1,0
BRDA:139,18,0,0
BRDA:139,18,1,0
BRDA:141,19,0,0
BRDA:141,19,1,0
BRDA:147,20,0,0
BRDA:147,20,1,0
BRDA:147,21,0,0
BRDA:147,21,1,0
BRDA:162,22,0,0
BRDA:162,22,1,0
BRDA:177,23,0,0
BRDA:177,23,1,0
BRDA:215,24,0,0
BRDA:215,24,1,0
BRDA:221,25,0,0
BRDA:221,25,1,0
BRDA:230,26,0,0
BRDA:230,26,1,0
BRDA:265,27,0,0
BRDA:265,27,1,0
BRDA:288,28,0,0
BRDA:288,28,1,0
BRDA:288,29,0,0
BRDA:288,29,1,0
BRDA:293,30,0,0
BRDA:293,30,1,0
BRDA:293,31,0,0
BRDA:293,31,1,0
BRDA:298,32,0,0
BRDA:298,32,1,0
BRDA:298,33,0,0
BRDA:298,33,1,0
BRDA:303,34,0,0
BRDA:303,34,1,0
BRDA:303,35,0,0
BRDA:303,35,1,0
BRDA:308,36,0,0
BRDA:308,36,1,0
BRDA:308,37,0,0
BRDA:308,37,1,0
BRDA:313,38,0,0
BRDA:313,38,1,0
BRDA:313,39,0,0
BRDA:313,39,1,0
BRDA:318,40,0,0
BRDA:318,40,1,0
BRDA:318,41,0,0
BRDA:318,41,1,0
BRDA:323,42,0,0
BRDA:323,42,1,0
BRDA:323,43,0,0
BRDA:323,43,1,0
BRDA:341,44,0,0
BRDA:341,44,1,0
BRDA:347,45,0,0
BRDA:347,45,1,0
BRDA:364,46,0,0
BRDA:364,46,1,0
BRDA:368,47,0,0
BRDA:368,47,1,0
BRDA:399,48,0,0
BRDA:399,48,1,0
BRDA:399,49,0,0
BRDA:399,49,1,0
BRDA:421,50,0,0
BRDA:421,50,1,0
BRDA:421,51,0,0
BRDA:421,51,1,0
BRDA:421,52,0,0
BRDA:421,52,1,0
BRDA:431,53,0,0
BRDA:431,53,1,0
BRDA:491,54,0,0
BRDA:491,54,1,0
BRDA:495,55,0,0
BRDA:495,55,1,0
BRDA:498,56,0,0
BRDA:498,56,1,0
BRDA:502,57,0,0
BRDA:502,57,1,0
BRDA:527,58,0,0
BRDA:527,58,1,0
BRDA:528,59,0,0
BRDA:528,59,1,0
BRDA:528,60,0,0
BRDA:528,60,1,0
BRDA:528,60,2,0
BRDA:532,61,0,0
BRDA:532,61,1,0
BRDA:537,62,0,0
BRDA:537,62,1,0
BRDA:542,63,0,0
BRDA:542,63,1,0
BRDA:542,64,0,0
BRDA:542,64,1,0
BRDA:561,65,0,0
BRDA:561,65,1,0
BRDA:561,66,0,0
BRDA:561,66,1,0
BRDA:600,67,0,0
BRDA:600,67,1,0
BRDA:602,68,0,0
BRDA:602,68,1,0
BRDA:616,69,0,0
BRDA:616,69,1,0
BRDA:616,70,0,0
BRDA:616,70,1,0
BRDA:639,71,0,0
BRDA:639,71,1,0
BRDA:660,72,0,0
BRDA:660,72,1,0
BRDA:660,73,0,0
BRDA:660,73,1,0
BRDA:666,74,0,0
BRDA:666,74,1,0
BRDA:694,75,0,0
BRDA:694,75,1,0
BRDA:695,76,0,0
BRDA:695,76,1,0
BRDA:700,77,0,0
BRDA:700,77,1,0
BRDA:705,78,0,0
BRDA:705,78,1,0
BRDA:705,79,0,0
BRDA:705,79,1,0
BRDA:705,80,0,0
BRDA:705,80,1,0
BRDA:705,80,2,0
BRDA:766,81,0,0
BRDA:766,81,1,0
BRDA:766,82,0,0
BRDA:766,82,1,0
BRDA:775,83,0,0
BRDA:775,83,1,0
BRDA:781,84,0,0
BRDA:781,84,1,0
BRDA:781,85,0,0
BRDA:781,85,1,0
BRDA:811,86,0,0
BRDA:811,86,1,0
BRDA:846,87,0,0
BRDA:846,87,1,0
BRDA:873,88,0,0
BRDA:873,88,1,0
BRDA:873,89,0,0
BRDA:873,89,1,0
BRDA:931,90,0,0
BRDA:931,90,1,0
BRDA:935,91,0,0
BRDA:935,91,1,0
BRDA:941,92,0,0
BRDA:941,92,1,0
BRDA:946,93,0,0
BRDA:946,93,1,0
BRDA:946,94,0,0
BRDA:946,94,1,0
BRDA:968,95,0,0
BRDA:968,95,1,0
BRDA:968,96,0,0
BRDA:968,96,1,0
BRDA:969,97,0,0
BRDA:969,97,1,0
BRDA:971,98,0,0
BRDA:971,98,1,0
BRDA:981,99,0,0
BRDA:981,99,1,0
BRDA:1012,100,0,0
BRDA:1012,100,1,0
BRDA:1012,101,0,0
BRDA:1012,101,1,0
BRDA:1013,102,0,0
BRDA:1013,102,1,0
BRDA:1015,103,0,0
BRDA:1015,103,1,0
BRDA:1065,104,0,0
BRDA:1065,104,1,0
BRDA:1079,105,0,0
BRDA:1079,105,1,0
BRDA:1079,106,0,0
BRDA:1079,106,1,0
BRDA:1104,107,0,0
BRDA:1104,107,1,0
BRDA:1127,108,0,0
BRDA:1127,108,1,0
BRDA:1273,109,0,0
BRDA:1273,109,1,0
BRDA:1393,110,0,0
BRDA:1393,110,1,0
BRDA:1405,111,0,0
BRDA:1405,111,1,0
BRDA:1406,112,0,0
BRDA:1406,112,1,0
BRDA:1412,113,0,0
BRDA:1412,113,1,0
BRDA:1428,114,0,0
BRDA:1428,114,1,0
BRDA:1436,115,0,0
BRDA:1436,115,1,0
BRDA:1441,116,0,0
BRDA:1441,116,1,0
BRDA:1441,116,2,0
BRDA:1449,117,0,0
BRDA:1449,117,1,0
BRDA:1460,118,0,0
BRDA:1460,118,1,0
BRDA:1462,119,0,0
BRDA:1462,119,1,0
BRDA:1462,120,0,0
BRDA:1462,120,1,0
BRDA:1463,121,0,0
BRDA:1463,121,1,0
BRDA:1463,122,0,0
BRDA:1463,122,1,0
BRDA:1468,123,0,0
BRDA:1468,123,1,0
BRDA:1468,123,2,0
BRDA:1468,123,3,0
BRDA:1468,123,4,0
BRDA:1498,124,0,0
BRDA:1498,124,1,0
BRDA:1498,125,0,0
BRDA:1498,125,1,0
BRDA:1511,126,0,0
BRDA:1511,126,1,0
BRDA:1519,127,0,0
BRDA:1519,127,1,0
BRDA:1536,128,0,0
BRDA:1536,128,1,0
BRDA:1544,129,0,0
BRDA:1544,129,1,0
BRDA:1562,130,0,0
BRDA:1562,130,1,0
BRDA:1594,131,0,0
BRDA:1594,131,1,0
BRDA:1619,132,0,0
BRDA:1619,132,1,0
BRDA:1625,133,0,0
BRDA:1625,133,1,0
BRF:273
BRH:0
end_of_record
TN:
SF:src/js/ui/table-editor.js
FN:91,(anonymous_0)
FN:296,(anonymous_1)
FN:311,(anonymous_2)
FN:371,(anonymous_3)
FN:400,(anonymous_4)
FN:423,(anonymous_5)
FN:495,(anonymous_6)
FN:616,(anonymous_7)
FN:627,(anonymous_8)
FN:636,(anonymous_9)
FN:647,(anonymous_10)
FN:655,(anonymous_11)
FN:666,(anonymous_12)
FN:676,(anonymous_13)
FN:684,(anonymous_14)
FN:692,(anonymous_15)
FN:702,(anonymous_16)
FN:714,(anonymous_17)
FN:723,(anonymous_18)
FN:732,(anonymous_19)
FN:742,(anonymous_20)
FN:753,(anonymous_21)
FN:764,(anonymous_22)
FN:773,(anonymous_23)
FN:783,(anonymous_24)
FN:794,(anonymous_25)
FN:804,(anonymous_26)
FN:814,(anonymous_27)
FN:825,(anonymous_28)
FN:836,(anonymous_29)
FN:845,(anonymous_30)
FN:853,(anonymous_31)
FN:862,(anonymous_32)
FN:871,(anonymous_33)
FN:879,(anonymous_34)
FN:887,(anonymous_35)
FN:895,(anonymous_36)
FN:903,(anonymous_37)
FN:911,(anonymous_38)
FN:919,(anonymous_39)
FN:927,(anonymous_40)
FN:935,(anonymous_41)
FN:947,(anonymous_42)
FN:959,(anonymous_43)
FN:969,(anonymous_44)
FN:979,(anonymous_45)
FN:989,(anonymous_46)
FN:997,(anonymous_47)
FN:1006,(anonymous_48)
FN:1015,(anonymous_49)
FN:1024,(anonymous_50)
FN:1033,(anonymous_51)
FN:1050,(anonymous_52)
FN:1185,(anonymous_53)
FN:1197,(anonymous_54)
FN:1245,(anonymous_55)
FN:1284,(anonymous_56)
FN:1358,(anonymous_57)
FN:1379,(anonymous_58)
FN:1418,(anonymous_59)
FN:1426,(anonymous_60)
FN:1577,(anonymous_61)
FN:1742,(anonymous_62)
FN:1783,(anonymous_63)
FN:1815,(anonymous_64)
FN:1900,(anonymous_65)
FN:1948,(anonymous_66)
FN:2002,(anonymous_67)
FN:2064,(anonymous_68)
FN:2111,(anonymous_69)
FN:2143,(anonymous_70)
FN:2182,(anonymous_71)
FN:2240,(anonymous_72)
FN:2324,(anonymous_73)
FN:2357,(anonymous_74)
FN:2417,(anonymous_75)
FN:2464,(anonymous_76)
FN:2657,(anonymous_77)
FN:2707,(anonymous_78)
FN:2719,(anonymous_79)
FN:2794,(anonymous_80)
FN:2822,(anonymous_81)
FN:2846,(anonymous_82)
FN:2921,(anonymous_83)
FN:2965,(anonymous_84)
FN:3035,(anonymous_85)
FN:3097,(anonymous_86)
FN:3132,(anonymous_87)
FN:3157,(anonymous_88)
FN:3178,(anonymous_89)
FN:3225,(anonymous_90)
FN:3240,(anonymous_91)
FN:3372,(anonymous_92)
FN:3433,(anonymous_93)
FN:3468,(anonymous_94)
FN:3518,(anonymous_95)
FN:3563,(anonymous_96)
FN:3576,(anonymous_97)
FN:3596,(anonymous_98)
FN:3610,(anonymous_99)
FN:3656,(anonymous_100)
FN:3702,(anonymous_101)
FN:3744,(anonymous_102)
FN:3761,(anonymous_103)
FN:3805,(anonymous_104)
FN:3849,(anonymous_105)
FN:3869,(anonymous_106)
FN:3949,(anonymous_107)
FN:4047,(anonymous_108)
FN:4069,(anonymous_109)
FN:4085,(anonymous_110)
FN:4095,(anonymous_111)
FN:4105,(anonymous_112)
FN:4115,(anonymous_113)
FN:4130,(anonymous_114)
FN:4140,(anonymous_115)
FN:4150,(anonymous_116)
FN:4180,(anonymous_117)
FN:4202,(anonymous_118)
FN:4222,(anonymous_119)
FN:4256,(anonymous_120)
FN:4346,(anonymous_121)
FN:4357,(anonymous_122)
FN:4373,(anonymous_123)
FN:4411,(anonymous_124)
FN:4468,(anonymous_125)
FN:4486,(anonymous_126)
FN:4508,(anonymous_127)
FN:4583,(anonymous_128)
FN:4600,(anonymous_129)
FN:4665,(anonymous_130)
FN:4724,(anonymous_131)
FN:4816,(anonymous_132)
FN:4837,(anonymous_133)
FN:4878,(anonymous_134)
FN:5019,(anonymous_135)
FN:5161,(anonymous_136)
FN:5251,(anonymous_137)
FN:5413,(anonymous_138)
FN:5551,(anonymous_139)
FN:5560,(anonymous_140)
FN:5569,(anonymous_141)
FN:5585,(anonymous_142)
FN:5590,(anonymous_143)
FN:5642,(anonymous_144)
FN:5671,(anonymous_145)
FN:5672,(anonymous_146)
FN:5673,(anonymous_147)
FN:5700,(anonymous_148)
FN:5701,(anonymous_149)
FN:5702,(anonymous_150)
FN:5728,(anonymous_151)
FN:5752,(anonymous_152)
FN:5778,(anonymous_153)
FN:5795,(anonymous_154)
FN:5851,(anonymous_155)
FN:5890,(anonymous_156)
FN:5936,(anonymous_157)
FN:5971,(anonymous_158)
FN:6040,(anonymous_159)
FN:6093,(anonymous_160)
FN:6113,(anonymous_161)
FN:6167,(anonymous_162)
FN:6288,(anonymous_163)
FN:6321,(anonymous_164)
FN:6350,(anonymous_165)
FN:6407,(anonymous_166)
FN:6431,(anonymous_167)
FN:6473,(anonymous_168)
FN:6491,(anonymous_169)
FN:6571,(anonymous_170)
FN:6600,(anonymous_171)
FN:6641,(anonymous_172)
FN:6673,(anonymous_173)
FN:6705,(anonymous_174)
FN:6719,(anonymous_175)
FN:6805,(anonymous_176)
FN:6842,(anonymous_177)
FN:6879,(anonymous_178)
FN:6909,(anonymous_179)
FN:6966,(anonymous_180)
FN:7008,(anonymous_181)
FN:7048,(anonymous_182)
FN:7074,(anonymous_183)
FN:7273,(anonymous_184)
FN:7295,(anonymous_185)
FN:7307,(anonymous_186)
FN:7362,(anonymous_187)
FN:7566,(anonymous_188)
FNF:189
FNH:0
FNDA:0,(anonymous_0)
FNDA:0,(anonymous_1)
FNDA:0,(anonymous_2)
FNDA:0,(anonymous_3)
FNDA:0,(anonymous_4)
FNDA:0,(anonymous_5)
FNDA:0,(anonymous_6)
FNDA:0,(anonymous_7)
FNDA:0,(anonymous_8)
FNDA:0,(anonymous_9)
FNDA:0,(anonymous_10)
FNDA:0,(anonymous_11)
FNDA:0,(anonymous_12)
FNDA:0,(anonymous_13)
FNDA:0,(anonymous_14)
FNDA:0,(anonymous_15)
FNDA:0,(anonymous_16)
FNDA:0,(anonymous_17)
FNDA:0,(anonymous_18)
FNDA:0,(anonymous_19)
FNDA:0,(anonymous_20)
FNDA:0,(anonymous_21)
FNDA:0,(anonymous_22)
FNDA:0,(anonymous_23)
FNDA:0,(anonymous_24)
FNDA:0,(anonymous_25)
FNDA:0,(anonymous_26)
FNDA:0,(anonymous_27)
FNDA:0,(anonymous_28)
FNDA:0,(anonymous_29)
FNDA:0,(anonymous_30)
FNDA:0,(anonymous_31)
FNDA:0,(anonymous_32)
FNDA:0,(anonymous_33)
FNDA:0,(anonymous_34)
FNDA:0,(anonymous_35)
FNDA:0,(anonymous_36)
FNDA:0,(anonymous_37)
FNDA:0,(anonymous_38)
FNDA:0,(anonymous_39)
FNDA:0,(anonymous_40)
FNDA:0,(anonymous_41)
FNDA:0,(anonymous_42)
FNDA:0,(anonymous_43)
FNDA:0,(anonymous_44)
FNDA:0,(anonymous_45)
FNDA:0,(anonymous_46)
FNDA:0,(anonymous_47)
FNDA:0,(anonymous_48)
FNDA:0,(anonymous_49)
FNDA:0,(anonymous_50)
FNDA:0,(anonymous_51)
FNDA:0,(anonymous_52)
FNDA:0,(anonymous_53)
FNDA:0,(anonymous_54)
FNDA:0,(anonymous_55)
FNDA:0,(anonymous_56)
FNDA:0,(anonymous_57)
FNDA:0,(anonymous_58)
FNDA:0,(anonymous_59)
FNDA:0,(anonymous_60)
FNDA:0,(anonymous_61)
FNDA:0,(anonymous_62)
FNDA:0,(anonymous_63)
FNDA:0,(anonymous_64)
FNDA:0,(anonymous_65)
FNDA:0,(anonymous_66)
FNDA:0,(anonymous_67)
FNDA:0,(anonymous_68)
FNDA:0,(anonymous_69)
FNDA:0,(anonymous_70)
FNDA:0,(anonymous_71)
FNDA:0,(anonymous_72)
FNDA:0,(anonymous_73)
FNDA:0,(anonymous_74)
FNDA:0,(anonymous_75)
FNDA:0,(anonymous_76)
FNDA:0,(anonymous_77)
FNDA:0,(anonymous_78)
FNDA:0,(anonymous_79)
FNDA:0,(anonymous_80)
FNDA:0,(anonymous_81)
FNDA:0,(anonymous_82)
FNDA:0,(anonymous_83)
FNDA:0,(anonymous_84)
FNDA:0,(anonymous_85)
FNDA:0,(anonymous_86)
FNDA:0,(anonymous_87)
FNDA:0,(anonymous_88)
FNDA:0,(anonymous_89)
FNDA:0,(anonymous_90)
FNDA:0,(anonymous_91)
FNDA:0,(anonymous_92)
FNDA:0,(anonymous_93)
FNDA:0,(anonymous_94)
FNDA:0,(anonymous_95)
FNDA:0,(anonymous_96)
FNDA:0,(anonymous_97)
FNDA:0,(anonymous_98)
FNDA:0,(anonymous_99)
FNDA:0,(anonymous_100)
FNDA:0,(anonymous_101)
FNDA:0,(anonymous_102)
FNDA:0,(anonymous_103)
FNDA:0,(anonymous_104)
FNDA:0,(anonymous_105)
FNDA:0,(anonymous_106)
FNDA:0,(anonymous_107)
FNDA:0,(anonymous_108)
FNDA:0,(anonymous_109)
FNDA:0,(anonymous_110)
FNDA:0,(anonymous_111)
FNDA:0,(anonymous_112)
FNDA:0,(anonymous_113)
FNDA:0,(anonymous_114)
FNDA:0,(anonymous_115)
FNDA:0,(anonymous_116)
FNDA:0,(anonymous_117)
FNDA:0,(anonymous_118)
FNDA:0,(anonymous_119)
FNDA:0,(anonymous_120)
FNDA:0,(anonymous_121)
FNDA:0,(anonymous_122)
FNDA:0,(anonymous_123)
FNDA:0,(anonymous_124)
FNDA:0,(anonymous_125)
FNDA:0,(anonymous_126)
FNDA:0,(anonymous_127)
FNDA:0,(anonymous_128)
FNDA:0,(anonymous_129)
FNDA:0,(anonymous_130)
FNDA:0,(anonymous_131)
FNDA:0,(anonymous_132)
FNDA:0,(anonymous_133)
FNDA:0,(anonymous_134)
FNDA:0,(anonymous_135)
FNDA:0,(anonymous_136)
FNDA:0,(anonymous_137)
FNDA:0,(anonymous_138)
FNDA:0,(anonymous_139)
FNDA:0,(anonymous_140)
FNDA:0,(anonymous_141)
FNDA:0,(anonymous_142)
FNDA:0,(anonymous_143)
FNDA:0,(anonymous_144)
FNDA:0,(anonymous_145)
FNDA:0,(anonymous_146)
FNDA:0,(anonymous_147)
FNDA:0,(anonymous_148)
FNDA:0,(anonymous_149)
FNDA:0,(anonymous_150)
FNDA:0,(anonymous_151)
FNDA:0,(anonymous_152)
FNDA:0,(anonymous_153)
FNDA:0,(anonymous_154)
FNDA:0,(anonymous_155)
FNDA:0,(anonymous_156)
FNDA:0,(anonymous_157)
FNDA:0,(anonymous_158)
FNDA:0,(anonymous_159)
FNDA:0,(anonymous_160)
FNDA:0,(anonymous_161)
FNDA:0,(anonymous_162)
FNDA:0,(anonymous_163)
FNDA:0,(anonymous_164)
FNDA:0,(anonymous_165)
FNDA:0,(anonymous_166)
FNDA:0,(anonymous_167)
FNDA:0,(anonymous_168)
FNDA:0,(anonymous_169)
FNDA:0,(anonymous_170)
FNDA:0,(anonymous_171)
FNDA:0,(anonymous_172)
FNDA:0,(anonymous_173)
FNDA:0,(anonymous_174)
FNDA:0,(anonymous_175)
FNDA:0,(anonymous_176)
FNDA:0,(anonymous_177)
FNDA:0,(anonymous_178)
FNDA:0,(anonymous_179)
FNDA:0,(anonymous_180)
FNDA:0,(anonymous_181)
FNDA:0,(anonymous_182)
FNDA:0,(anonymous_183)
FNDA:0,(anonymous_184)
FNDA:0,(anonymous_185)
FNDA:0,(anonymous_186)
FNDA:0,(anonymous_187)
FNDA:0,(anonymous_188)
DA:81,0
DA:82,0
DA:91,0
DA:92,0
DA:97,0
DA:102,0
DA:107,0
DA:112,0
DA:117,0
DA:122,0
DA:127,0
DA:132,0
DA:137,0
DA:142,0
DA:147,0
DA:152,0
DA:157,0
DA:162,0
DA:169,0
DA:174,0
DA:179,0
DA:184,0
DA:189,0
DA:194,0
DA:199,0
DA:204,0
DA:209,0
DA:214,0
DA:219,0
DA:224,0
DA:229,0
DA:234,0
DA:239,0
DA:244,0
DA:249,0
DA:254,0
DA:259,0
DA:264,0
DA:269,0
DA:276,0
DA:281,0
DA:286,0
DA:296,0
DA:297,0
DA:298,0
DA:300,0
DA:311,0
DA:314,0
DA:317,0
DA:318,0
DA:319,0
DA:320,0
DA:321,0
DA:322,0
DA:323,0
DA:325,0
DA:326,0
DA:328,0
DA:332,0
DA:334,0
DA:335,0
DA:337,0
DA:339,0
DA:367,0
DA:368,0
DA:369,0
DA:370,0
DA:371,0
DA:372,0
DA:373,0
DA:374,0
DA:375,0
DA:384,0
DA:385,0
DA:386,0
DA:387,0
DA:390,0
DA:393,0
DA:394,0
DA:395,0
DA:396,0
DA:400,0
DA:401,0
DA:402,0
DA:404,0
DA:405,0
DA:406,0
DA:407,0
DA:408,0
DA:410,0
DA:411,0
DA:412,0
DA:415,0
DA:416,0
DA:418,0
DA:419,0
DA:421,0
DA:423,0
DA:424,0
DA:425,0
DA:426,0
DA:427,0
DA:428,0
DA:429,0
DA:431,0
DA:432,0
DA:438,0
DA:439,0
DA:440,0
DA:442,0
DA:448,0
DA:454,0
DA:456,0
DA:457,0
DA:458,0
DA:460,0
DA:461,0
DA:462,0
DA:463,0
DA:466,0
DA:467,0
DA:468,0
DA:469,0
DA:472,0
DA:475,0
DA:476,0
DA:479,0
DA:480,0
DA:482,0
DA:484,0
DA:485,0
DA:486,0
DA:488,0
DA:491,0
DA:492,0
DA:495,0
DA:496,0
DA:497,0
DA:498,0
DA:499,0
DA:500,0
DA:501,0
DA:502,0
DA:503,0
DA:504,0
DA:505,0
DA:506,0
DA:507,0
DA:508,0
DA:509,0
DA:510,0
DA:512,0
DA:514,0
DA:515,0
DA:517,0
DA:519,0
DA:521,0
DA:524,0
DA:527,0
DA:529,0
DA:535,0
DA:536,0
DA:565,0
DA:570,0
DA:575,0
DA:580,0
DA:585,0
DA:586,0
DA:594,0
DA:602,0
DA:616,0
DA:617,0
DA:627,0
DA:628,0
DA:636,0
DA:637,0
DA:647,0
DA:648,0
DA:655,0
DA:656,0
DA:666,0
DA:667,0
DA:676,0
DA:677,0
DA:684,0
DA:685,0
DA:692,0
DA:693,0
DA:702,0
DA:703,0
DA:714,0
DA:715,0
DA:723,0
DA:724,0
DA:732,0
DA:733,0
DA:742,0
DA:743,0
DA:753,0
DA:754,0
DA:764,0
DA:765,0
DA:773,0
DA:774,0
DA:783,0
DA:784,0
DA:794,0
DA:795,0
DA:804,0
DA:805,0
DA:814,0
DA:815,0
DA:825,0
DA:826,0
DA:836,0
DA:837,0
DA:845,0
DA:846,0
DA:853,0
DA:854,0
DA:862,0
DA:863,0
DA:871,0
DA:872,0
DA:879,0
DA:880,0
DA:887,0
DA:888,0
DA:895,0
DA:896,0
DA:903,0
DA:904,0
DA:911,0
DA:912,0
DA:919,0
DA:920,0
DA:927,0
DA:928,0
DA:935,0
DA:936,0
DA:947,0
DA:948,0
DA:959,0
DA:960,0
DA:969,0
DA:970,0
DA:979,0
DA:980,0
DA:989,0
DA:990,0
DA:997,0
DA:998,0
DA:1006,0
DA:1007,0
DA:1015,0
DA:1016,0
DA:1024,0
DA:1025,0
DA:1033,0
DA:1034,0
DA:1050,0
DA:1051,0
DA:1052,0
DA:1054,0
DA:1055,0
DA:1056,0
DA:1058,0
DA:1059,0
DA:1060,0
DA:1061,0
DA:1062,0
DA:1063,0
DA:1064,0
DA:1065,0
DA:1066,0
DA:1068,0
DA:1070,0
DA:1072,0
DA:1074,0
DA:1075,0
DA:1076,0
DA:1078,0
DA:1079,0
DA:1080,0
DA:1084,0
DA:1085,0
DA:1086,0
DA:1087,0
DA:1088,0
DA:1090,0
DA:1091,0
DA:1093,0
DA:1094,0
DA:1095,0
DA:1096,0
DA:1097,0
DA:1098,0
DA:1099,0
DA:1100,0
DA:1102,0
DA:1103,0
DA:1104,0
DA:1105,0
DA:1106,0
DA:1108,0
DA:1109,0
DA:1110,0
DA:1111,0
DA:1112,0
DA:1113,0
DA:1114,0
DA:1116,0
DA:1118,0
DA:1119,0
DA:1120,0
DA:1122,0
DA:1124,0
DA:1125,0
DA:1126,0
DA:1127,0
DA:1128,0
DA:1130,0
DA:1131,0
DA:1132,0
DA:1133,0
DA:1134,0
DA:1135,0
DA:1136,0
DA:1139,0
DA:1141,0
DA:1142,0
DA:1143,0
DA:1145,0
DA:1146,0
DA:1147,0
DA:1148,0
DA:1149,0
DA:1150,0
DA:1153,0
DA:1155,0
DA:1156,0
DA:1164,0
DA:1165,0
DA:1166,0
DA:1167,0
DA:1170,0
DA:1173,0
DA:1176,0
DA:1185,0
DA:1186,0
DA:1197,0
DA:1198,0
DA:1200,0
DA:1201,0
DA:1203,0
DA:1204,0
DA:1206,0
DA:1207,0
DA:1208,0
DA:1209,0
DA:1211,0
DA:1212,0
DA:1214,0
DA:1216,0
DA:1218,0
DA:1245,0
DA:1247,0
DA:1248,0
DA:1249,0
DA:1251,0
DA:1253,0
DA:1254,0
DA:1256,0
DA:1257,0
DA:1260,0
DA:1261,0
DA:1264,0
DA:1265,0
DA:1268,0
DA:1269,0
DA:1272,0
DA:1284,0
DA:1285,0
DA:1286,0
DA:1288,0
DA:1291,0
DA:1292,0
DA:1293,0
DA:1294,0
DA:1295,0
DA:1296,0
DA:1297,0
DA:1298,0
DA:1300,0
DA:1301,0
DA:1302,0
DA:1303,0
DA:1304,0
DA:1306,0
DA:1309,0
DA:1310,0
DA:1313,0
DA:1314,0
DA:1317,0
DA:1318,0
DA:1319,0
DA:1320,0
DA:1323,0
DA:1324,0
DA:1325,0
DA:1326,0
DA:1327,0
DA:1328,0
DA:1329,0
DA:1330,0
DA:1331,0
DA:1332,0
DA:1333,0
DA:1334,0
DA:1335,0
DA:1336,0
DA:1340,0
DA:1343,0
DA:1344,0
DA:1346,0
DA:1350,0
DA:1358,0
DA:1359,0
DA:1361,0
DA:1363,0
DA:1365,0
DA:1367,0
DA:1379,0
DA:1380,0
DA:1381,0
DA:1384,0
DA:1385,0
DA:1386,0
DA:1389,0
DA:1392,0
DA:1393,0
DA:1396,0
DA:1397,0
DA:1400,0
DA:1401,0
DA:1404,0
DA:1405,0
DA:1418,0
DA:1420,0
DA:1426,0
DA:1427,0
DA:1428,0
DA:1429,0
DA:1434,0
DA:1436,0
DA:1439,0
DA:1440,0
DA:1441,0
DA:1444,0
DA:1447,0
DA:1449,0
DA:1450,0
DA:1451,0
DA:1452,0
DA:1455,0
DA:1456,0
DA:1457,0
DA:1458,0
DA:1461,0
DA:1462,0
DA:1463,0
DA:1464,0
DA:1467,0
DA:1470,0
DA:1471,0
DA:1472,0
DA:1473,0
DA:1475,0
DA:1476,0
DA:1477,0
DA:1478,0
DA:1480,0
DA:1485,0
DA:1488,0
DA:1489,0
DA:1496,0
DA:1499,0
DA:1500,0
DA:1501,0
DA:1504,0
DA:1505,0
DA:1508,0
DA:1511,0
DA:1512,0
DA:1515,0
DA:1516,0
DA:1517,0
DA:1518,0
DA:1520,0
DA:1521,0
DA:1522,0
DA:1524,0
DA:1527,0
DA:1528,0
DA:1531,0
DA:1533,0
DA:1541,0
DA:1577,0
DA:1578,0
DA:1582,0
DA:1584,0
DA:1588,0
DA:1590,0
DA:1591,0
DA:1592,0
DA:1593,0
DA:1594,0
DA:1596,0
DA:1597,0
DA:1599,0
DA:1600,0
DA:1602,0
DA:1603,0
DA:1605,0
DA:1606,0
DA:1608,0
DA:1609,0
DA:1612,0
DA:1613,0
DA:1614,0
DA:1616,0
DA:1617,0
DA:1619,0
DA:1620,0
DA:1622,0
DA:1623,0
DA:1625,0
DA:1627,0
DA:1629,0
DA:1630,0
DA:1631,0
DA:1632,0
DA:1633,0
DA:1635,0
DA:1637,0
DA:1638,0
DA:1640,0
DA:1641,0
DA:1644,0
DA:1645,0
DA:1649,0
DA:1651,0
DA:1652,0
DA:1653,0
DA:1654,0
DA:1655,0
DA:1656,0
DA:1657,0
DA:1662,0
DA:1664,0
DA:1665,0
DA:1667,0
DA:1669,0
DA:1670,0
DA:1673,0
DA:1674,0
DA:1675,0
DA:1676,0
DA:1679,0
DA:1686,0
DA:1742,0
DA:1743,0
DA:1744,0
DA:1747,0
DA:1748,0
DA:1749,0
DA:1750,0
DA:1752,0
DA:1756,0
DA:1757,0
DA:1759,0
DA:1762,0
DA:1763,0
DA:1764,0
DA:1765,0
DA:1766,0
DA:1767,0
DA:1769,0
DA:1772,0
DA:1774,0
DA:1783,0
DA:1784,0
DA:1785,0
DA:1788,0
DA:1789,0
DA:1790,0
DA:1794,0
DA:1795,0
DA:1796,0
DA:1797,0
DA:1798,0
DA:1799,0
DA:1800,0
DA:1801,0
DA:1803,0
DA:1806,0
DA:1815,0
DA:1818,0
DA:1820,0
DA:1821,0
DA:1822,0
DA:1824,0
DA:1825,0
DA:1828,0
DA:1830,0
DA:1831,0
DA:1833,0
DA:1834,0
DA:1835,0
DA:1838,0
DA:1839,0
DA:1840,0
DA:1841,0
DA:1843,0
DA:1844,0
DA:1846,0
DA:1847,0
DA:1848,0
DA:1851,0
DA:1853,0
DA:1854,0
DA:1855,0
DA:1858,0
DA:1860,0
DA:1861,0
DA:1862,0
DA:1864,0
DA:1867,0
DA:1868,0
DA:1870,0
DA:1872,0
DA:1873,0
DA:1876,0
DA:1877,0
DA:1878,0
DA:1879,0
DA:1880,0
DA:1881,0
DA:1882,0
DA:1883,0
DA:1885,0
DA:1886,0
DA:1887,0
DA:1888,0
DA:1890,0
DA:1900,0
DA:1902,0
DA:1904,0
DA:1906,0
DA:1907,0
DA:1908,0
DA:1910,0
DA:1912,0
DA:1913,0
DA:1914,0
DA:1915,0
DA:1916,0
DA:1918,0
DA:1919,0
DA:1923,0
DA:1924,0
DA:1925,0
DA:1926,0
DA:1927,0
DA:1928,0
DA:1930,0
DA:1933,0
DA:1934,0
DA:1935,0
DA:1936,0
DA:1937,0
DA:1938,0
DA:1939,0
DA:1948,0
DA:1951,0
DA:1953,0
DA:1954,0
DA:1955,0
DA:1957,0
DA:1958,0
DA:1959,0
DA:1960,0
DA:1961,0
DA:1963,0
DA:1965,0
DA:1967,0
DA:1968,0
DA:1969,0
DA:1972,0
DA:1974,0
DA:1976,0
DA:1977,0
DA:1978,0
DA:1980,0
DA:1981,0
DA:1983,0
DA:1985,0
DA:1987,0
DA:1988,0
DA:1989,0
DA:1990,0
DA:1992,0
DA:2002,0
DA:2005,0
DA:2007,0
DA:2008,0
DA:2009,0
DA:2011,0
DA:2012,0
DA:2013,0
DA:2014,0
DA:2015,0
DA:2017,0
DA:2019,0
DA:2021,0
DA:2023,0
DA:2025,0
DA:2026,0
DA:2027,0
DA:2028,0
DA:2029,0
DA:2030,0
DA:2031,0
DA:2034,0
DA:2036,0
DA:2037,0
DA:2038,0
DA:2039,0
DA:2041,0
DA:2042,0
DA:2043,0
DA:2044,0
DA:2045,0
DA:2046,0
DA:2047,0
DA:2048,0
DA:2051,0
DA:2053,0
DA:2064,0
DA:2065,0
DA:2066,0
DA:2067,0
DA:2068,0
DA:2069,0
DA:2071,0
DA:2072,0
DA:2073,0
DA:2075,0
DA:2076,0
DA:2077,0
DA:2078,0
DA:2079,0
DA:2080,0
DA:2081,0
DA:2082,0
DA:2083,0
DA:2085,0
DA:2088,0
DA:2089,0
DA:2090,0
DA:2091,0
DA:2092,0
DA:2093,0
DA:2094,0
DA:2095,0
DA:2097,0
DA:2098,0
DA:2099,0
DA:2100,0
DA:2102,0
DA:2111,0
DA:2112,0
DA:2113,0
DA:2114,0
DA:2115,0
DA:2116,0
DA:2117,0
DA:2119,0
DA:2120,0
DA:2122,0
DA:2125,0
DA:2126,0
DA:2128,0
DA:2129,0
DA:2130,0
DA:2131,0
DA:2133,0
DA:2143,0
DA:2144,0
DA:2145,0
DA:2146,0
DA:2147,0
DA:2148,0
DA:2149,0
DA:2150,0
DA:2152,0
DA:2153,0
DA:2154,0
DA:2155,0
DA:2157,0
DA:2158,0
DA:2159,0
DA:2160,0
DA:2161,0
DA:2162,0
DA:2163,0
DA:2164,0
DA:2167,0
DA:2168,0
DA:2170,0
DA:2172,0
DA:2173,0
DA:2175,0
DA:2182,0
DA:2183,0
DA:2184,0
DA:2185,0
DA:2187,0
DA:2188,0
DA:2194,0
DA:2196,0
DA:2204,0
DA:2240,0
DA:2241,0
DA:2244,0
DA:2246,0
DA:2247,0
DA:2248,0
DA:2249,0
DA:2251,0
DA:2252,0
DA:2255,0
DA:2257,0
DA:2258,0
DA:2259,0
DA:2260,0
DA:2261,0
DA:2262,0
DA:2263,0
DA:2264,0
DA:2265,0
DA:2267,0
DA:2269,0
DA:2271,0
DA:2272,0
DA:2273,0
DA:2274,0
DA:2277,0
DA:2278,0
DA:2279,0
DA:2280,0
DA:2281,0
DA:2282,0
DA:2283,0
DA:2284,0
DA:2286,0
DA:2288,0
DA:2290,0
DA:2291,0
DA:2292,0
DA:2298,0
DA:2300,0
DA:2301,0
DA:2302,0
DA:2303,0
DA:2305,0
DA:2306,0
DA:2307,0
DA:2309,0
DA:2312,0
DA:2313,0
DA:2316,0
DA:2324,0
DA:2325,0
DA:2326,0
DA:2330,0
DA:2331,0
DA:2332,0
DA:2333,0
DA:2335,0
DA:2336,0
DA:2337,0
DA:2338,0
DA:2339,0
DA:2340,0
DA:2341,0
DA:2342,0
DA:2344,0
DA:2345,0
DA:2348,0
DA:2357,0
DA:2360,0
DA:2362,0
DA:2363,0
DA:2364,0
DA:2366,0
DA:2367,0
DA:2370,0
DA:2372,0
DA:2373,0
DA:2375,0
DA:2376,0
DA:2377,0
DA:2380,0
DA:2382,0
DA:2383,0
DA:2385,0
DA:2386,0
DA:2387,0
DA:2389,0
DA:2391,0
DA:2393,0
DA:2394,0
DA:2397,0
DA:2400,0
DA:2403,0
DA:2404,0
DA:2405,0
DA:2406,0
DA:2408,0
DA:2417,0
DA:2420,0
DA:2421,0
DA:2422,0
DA:2423,0
DA:2424,0
DA:2427,0
DA:2428,0
DA:2429,0
DA:2430,0
DA:2432,0
DA:2434,0
DA:2435,0
DA:2436,0
DA:2437,0
DA:2439,0
DA:2441,0
DA:2442,0
DA:2443,0
DA:2444,0
DA:2445,0
DA:2446,0
DA:2447,0
DA:2448,0
DA:2449,0
DA:2450,0
DA:2452,0
DA:2464,0
DA:2467,0
DA:2468,0
DA:2469,0
DA:2471,0
DA:2473,0
DA:2475,0
DA:2476,0
DA:2478,0
DA:2479,0
DA:2480,0
DA:2481,0
DA:2482,0
DA:2484,0
DA:2485,0
DA:2486,0
DA:2488,0
DA:2489,0
DA:2490,0
DA:2494,0
DA:2496,0
DA:2497,0
DA:2498,0
DA:2499,0
DA:2500,0
DA:2501,0
DA:2504,0
DA:2507,0
DA:2508,0
DA:2509,0
DA:2510,0
DA:2513,0
DA:2514,0
DA:2515,0
DA:2517,0
DA:2520,0
DA:2521,0
DA:2522,0
DA:2523,0
DA:2524,0
DA:2526,0
DA:2528,0
DA:2529,0
DA:2530,0
DA:2534,0
DA:2535,0
DA:2536,0
DA:2537,0
DA:2538,0
DA:2539,0
DA:2540,0
DA:2541,0
DA:2542,0
DA:2543,0
DA:2544,0
DA:2545,0
DA:2546,0
DA:2547,0
DA:2550,0
DA:2551,0
DA:2552,0
DA:2553,0
DA:2555,0
DA:2557,0
DA:2558,0
DA:2559,0
DA:2561,0
DA:2562,0
DA:2563,0
DA:2564,0
DA:2566,0
DA:2568,0
DA:2571,0
DA:2572,0
DA:2573,0
DA:2574,0
DA:2575,0
DA:2576,0
DA:2577,0
DA:2578,0
DA:2580,0
DA:2581,0
DA:2582,0
DA:2583,0
DA:2586,0
DA:2587,0
DA:2588,0
DA:2590,0
DA:2592,0
DA:2593,0
DA:2594,0
DA:2595,0
DA:2596,0
DA:2597,0
DA:2598,0
DA:2600,0
DA:2601,0
DA:2602,0
DA:2604,0
DA:2605,0
DA:2606,0
DA:2607,0
DA:2609,0
DA:2612,0
DA:2613,0
DA:2614,0
DA:2615,0
DA:2616,0
DA:2617,0
DA:2618,0
DA:2619,0
DA:2621,0
DA:2622,0
DA:2623,0
DA:2625,0
DA:2626,0
DA:2627,0
DA:2628,0
DA:2631,0
DA:2633,0
DA:2634,0
DA:2637,0
DA:2638,0
DA:2639,0
DA:2642,0
DA:2645,0
DA:2657,0
DA:2658,0
DA:2660,0
DA:2662,0
DA:2663,0
DA:2664,0
DA:2668,0
DA:2670,0
DA:2671,0
DA:2672,0
DA:2673,0
DA:2674,0
DA:2675,0
DA:2676,0
DA:2677,0
DA:2678,0
DA:2679,0
DA:2680,0
DA:2681,0
DA:2682,0
DA:2683,0
DA:2687,0
DA:2688,0
DA:2689,0
DA:2690,0
DA:2691,0
DA:2692,0
DA:2694,0
DA:2695,0
DA:2698,0
DA:2707,0
DA:2708,0
DA:2719,0
DA:2722,0
DA:2723,0
DA:2725,0
DA:2726,0
DA:2727,0
DA:2731,0
DA:2732,0
DA:2734,0
DA:2735,0
DA:2736,0
DA:2739,0
DA:2740,0
DA:2743,0
DA:2744,0
DA:2745,0
DA:2746,0
DA:2747,0
DA:2748,0
DA:2749,0
DA:2750,0
DA:2751,0
DA:2753,0
DA:2754,0
DA:2755,0
DA:2756,0
DA:2757,0
DA:2758,0
DA:2759,0
DA:2761,0
DA:2765,0
DA:2766,0
DA:2771,0
DA:2772,0
DA:2773,0
DA:2774,0
DA:2781,0
DA:2782,0
DA:2784,0
DA:2794,0
DA:2797,0
DA:2798,0
DA:2799,0
DA:2801,0
DA:2802,0
DA:2803,0
DA:2804,0
DA:2806,0
DA:2807,0
DA:2810,0
DA:2822,0
DA:2823,0
DA:2825,0
DA:2826,0
DA:2828,0
DA:2829,0
DA:2846,0
DA:2848,0
DA:2850,0
DA:2851,0
DA:2852,0
DA:2853,0
DA:2856,0
DA:2857,0
DA:2858,0
DA:2859,0
DA:2863,0
DA:2864,0
DA:2866,0
DA:2867,0
DA:2868,0
DA:2869,0
DA:2870,0
DA:2871,0
DA:2872,0
DA:2873,0
DA:2874,0
DA:2875,0
DA:2876,0
DA:2878,0
DA:2881,0
DA:2882,0
DA:2883,0
DA:2884,0
DA:2885,0
DA:2886,0
DA:2887,0
DA:2888,0
DA:2889,0
DA:2890,0
DA:2891,0
DA:2892,0
DA:2893,0
DA:2894,0
DA:2895,0
DA:2896,0
DA:2897,0
DA:2898,0
DA:2900,0
DA:2901,0
DA:2902,0
DA:2904,0
DA:2908,0
DA:2921,0
DA:2923,0
DA:2924,0
DA:2926,0
DA:2927,0
DA:2928,0
DA:2929,0
DA:2930,0
DA:2931,0
DA:2932,0
DA:2933,0
DA:2934,0
DA:2936,0
DA:2942,0
DA:2943,0
DA:2944,0
DA:2945,0
DA:2947,0
DA:2950,0
DA:2953,0
DA:2965,0
DA:2967,0
DA:2969,0
DA:2970,0
DA:2973,0
DA:2974,0
DA:2975,0
DA:2978,0
DA:2979,0
DA:2980,0
DA:2982,0
DA:2984,0
DA:2985,0
DA:2987,0
DA:2988,0
DA:2990,0
DA:2991,0
DA:2993,0
DA:2994,0
DA:2996,0
DA:2997,0
DA:2999,0
DA:3000,0
DA:3002,0
DA:3003,0
DA:3004,0
DA:3006,0
DA:3009,0
DA:3010,0
DA:3011,0
DA:3014,0
DA:3016,0
DA:3017,0
DA:3018,0
DA:3020,0
DA:3023,0
DA:3035,0
DA:3038,0
DA:3040,0
DA:3041,0
DA:3043,0
DA:3044,0
DA:3050,0
DA:3051,0
DA:3052,0
DA:3055,0
DA:3057,0
DA:3058,0
DA:3059,0
DA:3060,0
DA:3061,0
DA:3064,0
DA:3065,0
DA:3066,0
DA:3067,0
DA:3068,0
DA:3070,0
DA:3071,0
DA:3074,0
DA:3075,0
DA:3077,0
DA:3078,0
DA:3081,0
DA:3082,0
DA:3084,0
DA:3085,0
DA:3088,0
DA:3097,0
DA:3098,0
DA:3099,0
DA:3101,0
DA:3102,0
DA:3103,0
DA:3104,0
DA:3105,0
DA:3109,0
DA:3110,0
DA:3111,0
DA:3112,0
DA:3113,0
DA:3117,0
DA:3118,0
DA:3120,0
DA:3132,0
DA:3134,0
DA:3135,0
DA:3136,0
DA:3138,0
DA:3139,0
DA:3140,0
DA:3141,0
DA:3142,0
DA:3143,0
DA:3157,0
DA:3159,0
DA:3160,0
DA:3161,0
DA:3162,0
DA:3163,0
DA:3164,0
DA:3165,0
DA:3166,0
DA:3178,0
DA:3179,0
DA:3180,0
DA:3183,0
DA:3184,0
DA:3187,0
DA:3189,0
DA:3190,0
DA:3191,0
DA:3192,0
DA:3193,0
DA:3194,0
DA:3195,0
DA:3196,0
DA:3197,0
DA:3201,0
DA:3204,0
DA:3205,0
DA:3206,0
DA:3207,0
DA:3208,0
DA:3209,0
DA:3210,0
DA:3211,0
DA:3214,0
DA:3225,0
DA:3226,0
DA:3227,0
DA:3230,0
DA:3240,0
DA:3243,0
DA:3244,0
DA:3245,0
DA:3248,0
DA:3249,0
DA:3250,0
DA:3252,0
DA:3255,0
DA:3257,0
DA:3258,0
DA:3259,0
DA:3260,0
DA:3261,0
DA:3262,0
DA:3263,0
DA:3264,0
DA:3265,0
DA:3268,0
DA:3269,0
DA:3270,0
DA:3272,0
DA:3273,0
DA:3275,0
DA:3276,0
DA:3277,0
DA:3279,0
DA:3280,0
DA:3283,0
DA:3284,0
DA:3286,0
DA:3287,0
DA:3289,0
DA:3290,0
DA:3294,0
DA:3295,0
DA:3296,0
DA:3297,0
DA:3299,0
DA:3300,0
DA:3302,0
DA:3305,0
DA:3306,0
DA:3311,0
DA:3312,0
DA:3313,0
DA:3314,0
DA:3316,0
DA:3317,0
DA:3321,0
DA:3323,0
DA:3324,0
DA:3329,0
DA:3330,0
DA:3332,0
DA:3333,0
DA:3335,0
DA:3336,0
DA:3338,0
DA:3339,0
DA:3343,0
DA:3346,0
DA:3347,0
DA:3348,0
DA:3351,0
DA:3352,0
DA:3356,0
DA:3357,0
DA:3358,0
DA:3360,0
DA:3361,0
DA:3364,0
DA:3372,0
DA:3375,0
DA:3376,0
DA:3377,0
DA:3379,0
DA:3381,0
DA:3382,0
DA:3383,0
DA:3384,0
DA:3386,0
DA:3387,0
DA:3390,0
DA:3392,0
DA:3393,0
DA:3398,0
DA:3399,0
DA:3401,0
DA:3402,0
DA:3404,0
DA:3405,0
DA:3407,0
DA:3409,0
DA:3410,0
DA:3411,0
DA:3414,0
DA:3416,0
DA:3417,0
DA:3420,0
DA:3421,0
DA:3424,0
DA:3433,0
DA:3436,0
DA:3437,0
DA:3439,0
DA:3441,0
DA:3442,0
DA:3444,0
DA:3445,0
DA:3448,0
DA:3450,0
DA:3451,0
DA:3452,0
DA:3455,0
DA:3457,0
DA:3468,0
DA:3471,0
DA:3472,0
DA:3473,0
DA:3476,0
DA:3478,0
DA:3479,0
DA:3480,0
DA:3481,0
DA:3482,0
DA:3483,0
DA:3487,0
DA:3488,0
DA:3489,0
DA:3490,0
DA:3491,0
DA:3492,0
DA:3495,0
DA:3498,0
DA:3499,0
DA:3500,0
DA:3503,0
DA:3505,0
DA:3518,0
DA:3521,0
DA:3522,0
DA:3525,0
DA:3526,0
DA:3527,0
DA:3529,0
DA:3530,0
DA:3532,0
DA:3534,0
DA:3535,0
DA:3536,0
DA:3538,0
DA:3539,0
DA:3541,0
DA:3543,0
DA:3544,0
DA:3545,0
DA:3547,0
DA:3548,0
DA:3549,0
DA:3552,0
DA:3553,0
DA:3563,0
DA:3564,0
DA:3566,0
DA:3567,0
DA:3568,0
DA:3576,0
DA:3577,0
DA:3579,0
DA:3581,0
DA:3583,0
DA:3585,0
DA:3587,0
DA:3596,0
DA:3597,0
DA:3599,0
DA:3601,0
DA:3610,0
DA:3611,0
DA:3613,0
DA:3615,0
DA:3616,0
DA:3617,0
DA:3618,0
DA:3621,0
DA:3622,0
DA:3623,0
DA:3624,0
DA:3626,0
DA:3629,0
DA:3630,0
DA:3632,0
DA:3634,0
DA:3635,0
DA:3636,0
DA:3639,0
DA:3644,0
DA:3656,0
DA:3659,0
DA:3660,0
DA:3664,0
DA:3666,0
DA:3669,0
DA:3670,0
DA:3671,0
DA:3674,0
DA:3675,0
DA:3676,0
DA:3677,0
DA:3678,0
DA:3684,0
DA:3685,0
DA:3686,0
DA:3690,0
DA:3702,0
DA:3705,0
DA:3706,0
DA:3710,0
DA:3712,0
DA:3715,0
DA:3716,0
DA:3717,0
DA:3720,0
DA:3721,0
DA:3722,0
DA:3723,0
DA:3724,0
DA:3725,0
DA:3726,0
DA:3727,0
DA:3730,0
DA:3733,0
DA:3744,0
DA:3745,0
DA:3746,0
DA:3748,0
DA:3750,0
DA:3761,0
DA:3762,0
DA:3764,0
DA:3765,0
DA:3766,0
DA:3767,0
DA:3770,0
DA:3771,0
DA:3772,0
DA:3773,0
DA:3776,0
DA:3777,0
DA:3778,0
DA:3780,0
DA:3782,0
DA:3783,0
DA:3784,0
DA:3788,0
DA:3789,0
DA:3790,0
DA:3791,0
DA:3792,0
DA:3793,0
DA:3794,0
DA:3805,0
DA:3806,0
DA:3807,0
DA:3808,0
DA:3809,0
DA:3810,0
DA:3811,0
DA:3814,0
DA:3815,0
DA:3816,0
DA:3818,0
DA:3819,0
DA:3821,0
DA:3823,0
DA:3825,0
DA:3826,0
DA:3827,0
DA:3828,0
DA:3831,0
DA:3832,0
DA:3833,0
DA:3836,0
DA:3837,0
DA:3838,0
DA:3839,0
DA:3840,0
DA:3849,0
DA:3850,0
DA:3853,0
DA:3854,0
DA:3855,0
DA:3857,0
DA:3858,0
DA:3859,0
DA:3869,0
DA:3871,0
DA:3873,0
DA:3874,0
DA:3875,0
DA:3879,0
DA:3881,0
DA:3882,0
DA:3883,0
DA:3886,0
DA:3888,0
DA:3889,0
DA:3890,0
DA:3891,0
DA:3893,0
DA:3894,0
DA:3897,0
DA:3898,0
DA:3900,0
DA:3901,0
DA:3902,0
DA:3903,0
DA:3904,0
DA:3905,0
DA:3909,0
DA:3910,0
DA:3911,0
DA:3912,0
DA:3913,0
DA:3914,0
DA:3919,0
DA:3921,0
DA:3922,0
DA:3923,0
DA:3924,0
DA:3925,0
DA:3926,0
DA:3927,0
DA:3928,0
DA:3929,0
DA:3933,0
DA:3934,0
DA:3935,0
DA:3936,0
DA:3939,0
DA:3949,0
DA:3951,0
DA:3953,0
DA:3954,0
DA:3955,0
DA:3959,0
DA:3961,0
DA:3962,0
DA:3963,0
DA:3966,0
DA:3968,0
DA:3969,0
DA:3970,0
DA:3971,0
DA:3973,0
DA:3974,0
DA:3977,0
DA:3978,0
DA:3980,0
DA:3981,0
DA:3982,0
DA:3983,0
DA:3984,0
DA:3985,0
DA:3989,0
DA:3990,0
DA:3991,0
DA:3992,0
DA:3993,0
DA:3994,0
DA:3999,0
DA:4001,0
DA:4002,0
DA:4003,0
DA:4004,0
DA:4005,0
DA:4006,0
DA:4007,0
DA:4009,0
DA:4010,0
DA:4011,0
DA:4012,0
DA:4013,0
DA:4014,0
DA:4015,0
DA:4019,0
DA:4020,0
DA:4021,0
DA:4022,0
DA:4025,0
DA:4047,0
DA:4048,0
DA:4053,0
DA:4058,0
DA:4063,0
DA:4065,0
DA:4067,0
DA:4069,0
DA:4070,0
DA:4071,0
DA:4085,0
DA:4086,0
DA:4095,0
DA:4096,0
DA:4105,0
DA:4106,0
DA:4115,0
DA:4116,0
DA:4117,0
DA:4118,0
DA:4119,0
DA:4121,0
DA:4130,0
DA:4131,0
DA:4140,0
DA:4141,0
DA:4150,0
DA:4151,0
DA:4152,0
DA:4154,0
DA:4156,0
DA:4157,0
DA:4158,0
DA:4159,0
DA:4160,0
DA:4161,0
DA:4162,0
DA:4164,0
DA:4180,0
DA:4181,0
DA:4183,0
DA:4184,0
DA:4185,0
DA:4186,0
DA:4187,0
DA:4188,0
DA:4190,0
DA:4192,0
DA:4202,0
DA:4203,0
DA:4204,0
DA:4205,0
DA:4206,0
DA:4207,0
DA:4208,0
DA:4209,0
DA:4210,0
DA:4211,0
DA:4222,0
DA:4223,0
DA:4224,0
DA:4225,0
DA:4227,0
DA:4229,0
DA:4230,0
DA:4231,0
DA:4232,0
DA:4233,0
DA:4234,0
DA:4235,0
DA:4238,0
DA:4239,0
DA:4240,0
DA:4241,0
DA:4242,0
DA:4245,0
DA:4256,0
DA:4257,0
DA:4262,0
DA:4267,0
DA:4272,0
DA:4277,0
DA:4282,0
DA:4287,0
DA:4292,0
DA:4294,0
DA:4295,0
DA:4297,0
DA:4298,0
DA:4299,0
DA:4300,0
DA:4302,0
DA:4304,0
DA:4305,0
DA:4306,0
DA:4308,0
DA:4309,0
DA:4310,0
DA:4311,0
DA:4313,0
DA:4316,0
DA:4318,0
DA:4319,0
DA:4320,0
DA:4321,0
DA:4323,0
DA:4325,0
DA:4333,0
DA:4346,0
DA:4347,0
DA:4357,0
DA:4358,0
DA:4373,0
DA:4375,0
DA:4377,0
DA:4379,0
DA:4380,0
DA:4381,0
DA:4382,0
DA:4383,0
DA:4384,0
DA:4385,0
DA:4387,0
DA:4388,0
DA:4389,0
DA:4390,0
DA:4391,0
DA:4394,0
DA:4395,0
DA:4396,0
DA:4397,0
DA:4398,0
DA:4399,0
DA:4411,0
DA:4412,0
DA:4414,0
DA:4415,0
DA:4417,0
DA:4418,0
DA:4419,0
DA:4420,0
DA:4423,0
DA:4424,0
DA:4428,0
DA:4429,0
DA:4430,0
DA:4431,0
DA:4432,0
DA:4433,0
DA:4435,0
DA:4437,0
DA:4438,0
DA:4439,0
DA:4441,0
DA:4442,0
DA:4443,0
DA:4446,0
DA:4448,0
DA:4449,0
DA:4450,0
DA:4451,0
DA:4452,0
DA:4455,0
DA:4456,0
DA:4457,0
DA:4468,0
DA:4469,0
DA:4470,0
DA:4472,0
DA:4473,0
DA:4475,0
DA:4486,0
DA:4487,0
DA:4489,0
DA:4490,0
DA:4497,0
DA:4508,0
DA:4509,0
DA:4512,0
DA:4517,0
DA:4522,0
DA:4527,0
DA:4529,0
DA:4530,0
DA:4531,0
DA:4532,0
DA:4533,0
DA:4535,0
DA:4536,0
DA:4537,0
DA:4540,0
DA:4541,0
DA:4542,0
DA:4543,0
DA:4544,0
DA:4546,0
DA:4547,0
DA:4548,0
DA:4549,0
DA:4550,0
DA:4552,0
DA:4553,0
DA:4554,0
DA:4555,0
DA:4556,0
DA:4558,0
DA:4559,0
DA:4560,0
DA:4561,0
DA:4562,0
DA:4563,0
DA:4564,0
DA:4565,0
DA:4567,0
DA:4583,0
DA:4584,0
DA:4600,0
DA:4602,0
DA:4603,0
DA:4606,0
DA:4608,0
DA:4609,0
DA:4611,0
DA:4612,0
DA:4614,0
DA:4615,0
DA:4616,0
DA:4617,0
DA:4618,0
DA:4620,0
DA:4621,0
DA:4623,0
DA:4624,0
DA:4626,0
DA:4627,0
DA:4629,0
DA:4630,0
DA:4633,0
DA:4634,0
DA:4635,0
DA:4637,0
DA:4638,0
DA:4639,0
DA:4640,0
DA:4641,0
DA:4642,0
DA:4643,0
DA:4644,0
DA:4645,0
DA:4648,0
DA:4651,0
DA:4652,0
DA:4654,0
DA:4655,0
DA:4656,0
DA:4665,0
DA:4666,0
DA:4668,0
DA:4669,0
DA:4670,0
DA:4671,0
DA:4672,0
DA:4674,0
DA:4675,0
DA:4676,0
DA:4677,0
DA:4679,0
DA:4680,0
DA:4682,0
DA:4683,0
DA:4684,0
DA:4685,0
DA:4686,0
DA:4688,0
DA:4689,0
DA:4690,0
DA:4692,0
DA:4693,0
DA:4696,0
DA:4697,0
DA:4698,0
DA:4700,0
DA:4703,0
DA:4724,0
DA:4725,0
DA:4726,0
DA:4727,0
DA:4728,0
DA:4729,0
DA:4730,0
DA:4731,0
DA:4733,0
DA:4734,0
DA:4735,0
DA:4736,0
DA:4738,0
DA:4739,0
DA:4740,0
DA:4742,0
DA:4743,0
DA:4744,0
DA:4746,0
DA:4747,0
DA:4748,0
DA:4750,0
DA:4753,0
DA:4754,0
DA:4755,0
DA:4756,0
DA:4757,0
DA:4758,0
DA:4759,0
DA:4761,0
DA:4762,0
DA:4763,0
DA:4764,0
DA:4766,0
DA:4767,0
DA:4768,0
DA:4769,0
DA:4770,0
DA:4772,0
DA:4773,0
DA:4774,0
DA:4775,0
DA:4776,0
DA:4778,0
DA:4779,0
DA:4780,0
DA:4781,0
DA:4782,0
DA:4784,0
DA:4785,0
DA:4786,0
DA:4787,0
DA:4788,0
DA:4789,0
DA:4791,0
DA:4792,0
DA:4793,0
DA:4794,0
DA:4795,0
DA:4797,0
DA:4798,0
DA:4799,0
DA:4800,0
DA:4801,0
DA:4803,0
DA:4807,0
DA:4816,0
DA:4817,0
DA:4818,0
DA:4819,0
DA:4820,0
DA:4821,0
DA:4822,0
DA:4824,0
DA:4825,0
DA:4826,0
DA:4828,0
DA:4837,0
DA:4838,0
DA:4839,0
DA:4840,0
DA:4841,0
DA:4842,0
DA:4843,0
DA:4846,0
DA:4847,0
DA:4848,0
DA:4849,0
DA:4851,0
DA:4852,0
DA:4853,0
DA:4854,0
DA:4855,0
DA:4856,0
DA:4857,0
DA:4858,0
DA:4859,0
DA:4860,0
DA:4861,0
DA:4862,0
DA:4864,0
DA:4865,0
DA:4866,0
DA:4869,0
DA:4878,0
DA:4879,0
DA:4882,0
DA:4884,0
DA:4885,0
DA:4886,0
DA:4888,0
DA:4890,0
DA:4891,0
DA:4893,0
DA:4895,0
DA:4897,0
DA:4899,0
DA:4900,0
DA:4901,0
DA:4903,0
DA:4904,0
DA:4905,0
DA:4907,0
DA:4908,0
DA:4910,0
DA:4912,0
DA:4913,0
DA:4914,0
DA:4915,0
DA:4918,0
DA:4920,0
DA:4921,0
DA:4923,0
DA:4924,0
DA:4925,0
DA:4927,0
DA:4928,0
DA:4929,0
DA:4931,0
DA:4932,0
DA:4933,0
DA:4935,0
DA:4936,0
DA:4937,0
DA:4939,0
DA:4940,0
DA:4941,0
DA:4943,0
DA:4946,0
DA:4948,0
DA:4951,0
DA:4952,0
DA:4954,0
DA:4960,0
DA:4961,0
DA:4963,0
DA:4964,0
DA:4965,0
DA:4966,0
DA:4967,0
DA:4968,0
DA:4969,0
DA:4972,0
DA:4975,0
DA:4976,0
DA:4977,0
DA:4979,0
DA:4981,0
DA:4982,0
DA:4984,0
DA:4986,0
DA:4988,0
DA:4989,0
DA:4990,0
DA:4992,0
DA:4994,0
DA:4996,0
DA:4997,0
DA:4998,0
DA:4999,0
DA:5000,0
DA:5001,0
DA:5002,0
DA:5003,0
DA:5005,0
DA:5006,0
DA:5007,0
DA:5008,0
DA:5010,0
DA:5019,0
DA:5020,0
DA:5024,0
DA:5026,0
DA:5027,0
DA:5028,0
DA:5030,0
DA:5031,0
DA:5032,0
DA:5033,0
DA:5035,0
DA:5037,0
DA:5039,0
DA:5041,0
DA:5042,0
DA:5043,0
DA:5046,0
DA:5048,0
DA:5050,0
DA:5051,0
DA:5053,0
DA:5055,0
DA:5058,0
DA:5059,0
DA:5060,0
DA:5061,0
DA:5063,0
DA:5064,0
DA:5065,0
DA:5066,0
DA:5068,0
DA:5069,0
DA:5072,0
DA:5073,0
DA:5074,0
DA:5075,0
DA:5077,0
DA:5078,0
DA:5081,0
DA:5082,0
DA:5083,0
DA:5084,0
DA:5086,0
DA:5090,0
DA:5091,0
DA:5092,0
DA:5093,0
DA:5094,0
DA:5095,0
DA:5097,0
DA:5101,0
DA:5102,0
DA:5103,0
DA:5104,0
DA:5106,0
DA:5107,0
DA:5108,0
DA:5109,0
DA:5111,0
DA:5112,0
DA:5115,0
DA:5116,0
DA:5117,0
DA:5118,0
DA:5120,0
DA:5121,0
DA:5124,0
DA:5125,0
DA:5126,0
DA:5127,0
DA:5128,0
DA:5130,0
DA:5131,0
DA:5132,0
DA:5133,0
DA:5136,0
DA:5139,0
DA:5140,0
DA:5141,0
DA:5143,0
DA:5145,0
DA:5147,0
DA:5148,0
DA:5149,0
DA:5150,0
DA:5152,0
DA:5161,0
DA:5162,0
DA:5163,0
DA:5164,0
DA:5165,0
DA:5167,0
DA:5168,0
DA:5172,0
DA:5173,0
DA:5175,0
DA:5176,0
DA:5177,0
DA:5178,0
DA:5179,0
DA:5181,0
DA:5184,0
DA:5185,0
DA:5186,0
DA:5187,0
DA:5189,0
DA:5190,0
DA:5193,0
DA:5194,0
DA:5197,0
DA:5198,0
DA:5199,0
DA:5200,0
DA:5202,0
DA:5206,0
DA:5207,0
DA:5208,0
DA:5209,0
DA:5210,0
DA:5211,0
DA:5213,0
DA:5217,0
DA:5218,0
DA:5219,0
DA:5220,0
DA:5222,0
DA:5223,0
DA:5226,0
DA:5227,0
DA:5230,0
DA:5231,0
DA:5232,0
DA:5233,0
DA:5234,0
DA:5235,0
DA:5236,0
DA:5238,0
DA:5241,0
DA:5251,0
DA:5256,0
DA:5258,0
DA:5259,0
DA:5260,0
DA:5262,0
DA:5263,0
DA:5264,0
DA:5265,0
DA:5267,0
DA:5269,0
DA:5271,0
DA:5273,0
DA:5275,0
DA:5276,0
DA:5278,0
DA:5280,0
DA:5281,0
DA:5283,0
DA:5287,0
DA:5288,0
DA:5292,0
DA:5293,0
DA:5296,0
DA:5297,0
DA:5300,0
DA:5302,0
DA:5303,0
DA:5304,0
DA:5308,0
DA:5309,0
DA:5310,0
DA:5311,0
DA:5312,0
DA:5314,0
DA:5317,0
DA:5319,0
DA:5320,0
DA:5322,0
DA:5323,0
DA:5325,0
DA:5327,0
DA:5328,0
DA:5329,0
DA:5333,0
DA:5334,0
DA:5335,0
DA:5336,0
DA:5337,0
DA:5341,0
DA:5342,0
DA:5343,0
DA:5344,0
DA:5345,0
DA:5346,0
DA:5347,0
DA:5348,0
DA:5349,0
DA:5350,0
DA:5351,0
DA:5352,0
DA:5353,0
DA:5355,0
DA:5356,0
DA:5357,0
DA:5360,0
DA:5361,0
DA:5362,0
DA:5363,0
DA:5365,0
DA:5366,0
DA:5367,0
DA:5368,0
DA:5369,0
DA:5370,0
DA:5371,0
DA:5372,0
DA:5375,0
DA:5377,0
DA:5413,0
DA:5414,0
DA:5419,0
DA:5424,0
DA:5429,0
DA:5434,0
DA:5439,0
DA:5444,0
DA:5449,0
DA:5454,0
DA:5459,0
DA:5464,0
DA:5471,0
DA:5476,0
DA:5481,0
DA:5486,0
DA:5491,0
DA:5496,0
DA:5501,0
DA:5506,0
DA:5511,0
DA:5518,0
DA:5523,0
DA:5528,0
DA:5533,0
DA:5538,0
DA:5551,0
DA:5552,0
DA:5560,0
DA:5561,0
DA:5569,0
DA:5570,0
DA:5585,0
DA:5587,0
DA:5588,0
DA:5589,0
DA:5590,0
DA:5591,0
DA:5592,0
DA:5596,0
DA:5597,0
DA:5599,0
DA:5600,0
DA:5601,0
DA:5602,0
DA:5603,0
DA:5604,0
DA:5605,0
DA:5606,0
DA:5608,0
DA:5610,0
DA:5611,0
DA:5612,0
DA:5613,0
DA:5614,0
DA:5615,0
DA:5616,0
DA:5617,0
DA:5618,0
DA:5619,0
DA:5620,0
DA:5622,0
DA:5624,0
DA:5625,0
DA:5626,0
DA:5627,0
DA:5628,0
DA:5629,0
DA:5630,0
DA:5631,0
DA:5632,0
DA:5633,0
DA:5634,0
DA:5635,0
DA:5636,0
DA:5638,0
DA:5642,0
DA:5645,0
DA:5647,0
DA:5649,0
DA:5651,0
DA:5652,0
DA:5653,0
DA:5654,0
DA:5655,0
DA:5656,0
DA:5657,0
DA:5658,0
DA:5659,0
DA:5660,0
DA:5661,0
DA:5663,0
DA:5670,0
DA:5671,0
DA:5672,0
DA:5673,0
DA:5676,0
DA:5678,0
DA:5680,0
DA:5681,0
DA:5682,0
DA:5683,0
DA:5684,0
DA:5685,0
DA:5686,0
DA:5687,0
DA:5688,0
DA:5689,0
DA:5690,0
DA:5692,0
DA:5699,0
DA:5700,0
DA:5701,0
DA:5702,0
DA:5705,0
DA:5707,0
DA:5709,0
DA:5710,0
DA:5711,0
DA:5712,0
DA:5713,0
DA:5714,0
DA:5715,0
DA:5716,0
DA:5717,0
DA:5718,0
DA:5719,0
DA:5721,0
DA:5725,0
DA:5728,0
DA:5730,0
DA:5732,0
DA:5734,0
DA:5736,0
DA:5737,0
DA:5738,0
DA:5739,0
DA:5740,0
DA:5741,0
DA:5742,0
DA:5743,0
DA:5744,0
DA:5745,0
DA:5746,0
DA:5748,0
DA:5752,0
DA:5754,0
DA:5755,0
DA:5757,0
DA:5763,0
DA:5765,0
DA:5767,0
DA:5778,0
DA:5779,0
DA:5780,0
DA:5781,0
DA:5782,0
DA:5783,0
DA:5785,0
DA:5787,0
DA:5795,0
DA:5798,0
DA:5800,0
DA:5801,0
DA:5802,0
DA:5803,0
DA:5804,0
DA:5805,0
DA:5806,0
DA:5807,0
DA:5808,0
DA:5809,0
DA:5810,0
DA:5811,0
DA:5812,0
DA:5813,0
DA:5814,0
DA:5816,0
DA:5817,0
DA:5818,0
DA:5820,0
DA:5821,0
DA:5822,0
DA:5823,0
DA:5824,0
DA:5825,0
DA:5826,0
DA:5827,0
DA:5828,0
DA:5829,0
DA:5830,0
DA:5831,0
DA:5832,0
DA:5833,0
DA:5835,0
DA:5836,0
DA:5837,0
DA:5839,0
DA:5840,0
DA:5851,0
DA:5852,0
DA:5854,0
DA:5856,0
DA:5857,0
DA:5858,0
DA:5859,0
DA:5860,0
DA:5861,0
DA:5862,0
DA:5863,0
DA:5864,0
DA:5866,0
DA:5867,0
DA:5868,0
DA:5869,0
DA:5870,0
DA:5871,0
DA:5872,0
DA:5873,0
DA:5890,0
DA:5891,0
DA:5892,0
DA:5894,0
DA:5896,0
DA:5897,0
DA:5899,0
DA:5901,0
DA:5902,0
DA:5903,0
DA:5905,0
DA:5906,0
DA:5907,0
DA:5908,0
DA:5909,0
DA:5910,0
DA:5911,0
DA:5912,0
DA:5915,0
DA:5916,0
DA:5917,0
DA:5918,0
DA:5919,0
DA:5920,0
DA:5921,0
DA:5925,0
DA:5936,0
DA:5938,0
DA:5939,0
DA:5940,0
DA:5942,0
DA:5943,0
DA:5944,0
DA:5945,0
DA:5946,0
DA:5948,0
DA:5949,0
DA:5951,0
DA:5952,0
DA:5953,0
DA:5954,0
DA:5956,0
DA:5957,0
DA:5960,0
DA:5971,0
DA:5973,0
DA:5974,0
DA:5975,0
DA:5977,0
DA:5978,0
DA:5979,0
DA:5980,0
DA:5981,0
DA:5983,0
DA:5984,0
DA:5985,0
DA:5986,0
DA:5987,0
DA:5988,0
DA:5989,0
DA:5990,0
DA:5993,0
DA:5994,0
DA:5997,0
DA:5998,0
DA:5999,0
DA:6000,0
DA:6002,0
DA:6003,0
DA:6004,0
DA:6005,0
DA:6006,0
DA:6007,0
DA:6008,0
DA:6009,0
DA:6012,0
DA:6013,0
DA:6017,0
DA:6019,0
DA:6021,0
DA:6040,0
DA:6043,0
DA:6044,0
DA:6045,0
DA:6047,0
DA:6049,0
DA:6050,0
DA:6051,0
DA:6052,0
DA:6053,0
DA:6056,0
DA:6058,0
DA:6059,0
DA:6060,0
DA:6061,0
DA:6062,0
DA:6063,0
DA:6065,0
DA:6066,0
DA:6067,0
DA:6068,0
DA:6069,0
DA:6070,0
DA:6071,0
DA:6072,0
DA:6073,0
DA:6074,0
DA:6076,0
DA:6077,0
DA:6078,0
DA:6079,0
DA:6080,0
DA:6081,0
DA:6093,0
DA:6094,0
DA:6095,0
DA:6097,0
DA:6099,0
DA:6100,0
DA:6102,0
DA:6113,0
DA:6115,0
DA:6116,0
DA:6117,0
DA:6118,0
DA:6120,0
DA:6121,0
DA:6122,0
DA:6123,0
DA:6124,0
DA:6125,0
DA:6127,0
DA:6131,0
DA:6132,0
DA:6133,0
DA:6135,0
DA:6136,0
DA:6139,0
DA:6140,0
DA:6141,0
DA:6142,0
DA:6143,0
DA:6145,0
DA:6149,0
DA:6150,0
DA:6151,0
DA:6152,0
DA:6153,0
DA:6156,0
DA:6167,0
DA:6169,0
DA:6170,0
DA:6172,0
DA:6173,0
DA:6177,0
DA:6178,0
DA:6179,0
DA:6181,0
DA:6183,0
DA:6187,0
DA:6188,0
DA:6189,0
DA:6191,0
DA:6194,0
DA:6196,0
DA:6197,0
DA:6198,0
DA:6199,0
DA:6201,0
DA:6216,0
DA:6288,0
DA:6289,0
DA:6291,0
DA:6292,0
DA:6300,0
DA:6307,0
DA:6308,0
DA:6309,0
DA:6310,0
DA:6312,0
DA:6321,0
DA:6322,0
DA:6326,0
DA:6328,0
DA:6329,0
DA:6330,0
DA:6331,0
DA:6332,0
DA:6334,0
DA:6336,0
DA:6340,0
DA:6350,0
DA:6351,0
DA:6353,0
DA:6355,0
DA:6356,0
DA:6358,0
DA:6359,0
DA:6360,0
DA:6364,0
DA:6366,0
DA:6367,0
DA:6368,0
DA:6370,0
DA:6371,0
DA:6372,0
DA:6373,0
DA:6374,0
DA:6375,0
DA:6376,0
DA:6378,0
DA:6381,0
DA:6382,0
DA:6383,0
DA:6384,0
DA:6385,0
DA:6386,0
DA:6387,0
DA:6388,0
DA:6390,0
DA:6391,0
DA:6392,0
DA:6393,0
DA:6395,0
DA:6397,0
DA:6407,0
DA:6408,0
DA:6410,0
DA:6411,0
DA:6412,0
DA:6414,0
DA:6416,0
DA:6417,0
DA:6419,0
DA:6421,0
DA:6431,0
DA:6432,0
DA:6434,0
DA:6435,0
DA:6436,0
DA:6438,0
DA:6440,0
DA:6442,0
DA:6444,0
DA:6445,0
DA:6447,0
DA:6448,0
DA:6449,0
DA:6453,0
DA:6454,0
DA:6455,0
DA:6456,0
DA:6457,0
DA:6460,0
DA:6462,0
DA:6473,0
DA:6475,0
DA:6477,0
DA:6478,0
DA:6479,0
DA:6480,0
DA:6491,0
DA:6492,0
DA:6494,0
DA:6495,0
DA:6509,0
DA:6571,0
DA:6572,0
DA:6573,0
DA:6579,0
DA:6581,0
DA:6582,0
DA:6583,0
DA:6584,0
DA:6586,0
DA:6589,0
DA:6591,0
DA:6600,0
DA:6601,0
DA:6603,0
DA:6605,0
DA:6606,0
DA:6607,0
DA:6609,0
DA:6611,0
DA:6612,0
DA:6613,0
DA:6616,0
DA:6617,0
DA:6620,0
DA:6622,0
DA:6624,0
DA:6626,0
DA:6627,0
DA:6628,0
DA:6629,0
DA:6632,0
DA:6641,0
DA:6642,0
DA:6644,0
DA:6646,0
DA:6647,0
DA:6648,0
DA:6651,0
DA:6652,0
DA:6655,0
DA:6656,0
DA:6657,0
DA:6658,0
DA:6659,0
DA:6661,0
DA:6664,0
DA:6673,0
DA:6674,0
DA:6675,0
DA:6676,0
DA:6677,0
DA:6679,0
DA:6680,0
DA:6681,0
DA:6683,0
DA:6685,0
DA:6686,0
DA:6687,0
DA:6689,0
DA:6690,0
DA:6693,0
DA:6694,0
DA:6697,0
DA:6705,0
DA:6706,0
DA:6708,0
DA:6709,0
DA:6710,0
DA:6719,0
DA:6720,0
DA:6722,0
DA:6724,0
DA:6738,0
DA:6805,0
DA:6806,0
DA:6808,0
DA:6810,0
DA:6821,0
DA:6822,0
DA:6823,0
DA:6824,0
DA:6825,0
DA:6826,0
DA:6827,0
DA:6828,0
DA:6830,0
DA:6833,0
DA:6842,0
DA:6843,0
DA:6845,0
DA:6847,0
DA:6849,0
DA:6851,0
DA:6852,0
DA:6853,0
DA:6855,0
DA:6858,0
DA:6860,0
DA:6863,0
DA:6864,0
DA:6866,0
DA:6868,0
DA:6870,0
DA:6879,0
DA:6880,0
DA:6882,0
DA:6884,0
DA:6885,0
DA:6886,0
DA:6889,0
DA:6891,0
DA:6892,0
DA:6893,0
DA:6894,0
DA:6895,0
DA:6898,0
DA:6900,0
DA:6909,0
DA:6910,0
DA:6912,0
DA:6914,0
DA:6916,0
DA:6918,0
DA:6920,0
DA:6921,0
DA:6922,0
DA:6926,0
DA:6927,0
DA:6929,0
DA:6934,0
DA:6935,0
DA:6936,0
DA:6937,0
DA:6938,0
DA:6939,0
DA:6941,0
DA:6942,0
DA:6943,0
DA:6944,0
DA:6946,0
DA:6947,0
DA:6948,0
DA:6949,0
DA:6951,0
DA:6953,0
DA:6954,0
DA:6957,0
DA:6966,0
DA:6967,0
DA:6969,0
DA:6970,0
DA:6972,0
DA:6973,0
DA:6974,0
DA:6977,0
DA:6979,0
DA:6980,0
DA:6981,0
DA:6982,0
DA:6984,0
DA:6985,0
DA:6986,0
DA:6987,0
DA:6988,0
DA:6989,0
DA:6992,0
DA:6993,0
DA:6994,0
DA:6996,0
DA:6999,0
DA:7001,0
DA:7008,0
DA:7009,0
DA:7010,0
DA:7012,0
DA:7014,0
DA:7016,0
DA:7031,0
DA:7048,0
DA:7049,0
DA:7051,0
DA:7056,0
DA:7057,0
DA:7058,0
DA:7059,0
DA:7060,0
DA:7062,0
DA:7065,0
DA:7074,0
DA:7075,0
DA:7078,0
DA:7080,0
DA:7081,0
DA:7084,0
DA:7085,0
DA:7087,0
DA:7089,0
DA:7090,0
DA:7092,0
DA:7094,0
DA:7096,0
DA:7098,0
DA:7099,0
DA:7114,0
DA:7230,0
DA:7273,0
DA:7274,0
DA:7276,0
DA:7277,0
DA:7278,0
DA:7279,0
DA:7281,0
DA:7282,0
DA:7283,0
DA:7285,0
DA:7287,0
DA:7295,0
DA:7296,0
DA:7297,0
DA:7307,0
DA:7308,0
DA:7309,0
DA:7310,0
DA:7311,0
DA:7313,0
DA:7314,0
DA:7316,0
DA:7318,0
DA:7321,0
DA:7322,0
DA:7323,0
DA:7324,0
DA:7325,0
DA:7327,0
DA:7328,0
DA:7330,0
DA:7332,0
DA:7333,0
DA:7334,0
DA:7337,0
DA:7338,0
DA:7340,0
DA:7341,0
DA:7343,0
DA:7344,0
DA:7347,0
DA:7348,0
DA:7349,0
DA:7350,0
DA:7353,0
DA:7362,0
DA:7363,0
DA:7365,0
DA:7367,0
DA:7369,0
DA:7370,0
DA:7371,0
DA:7372,0
DA:7374,0
DA:7375,0
DA:7379,0
DA:7381,0
DA:7383,0
DA:7384,0
DA:7385,0
DA:7386,0
DA:7387,0
DA:7388,0
DA:7389,0
DA:7390,0
DA:7393,0
DA:7394,0
DA:7396,0
DA:7400,0
DA:7402,0
DA:7403,0
DA:7404,0
DA:7405,0
DA:7406,0
DA:7407,0
DA:7408,0
DA:7409,0
DA:7410,0
DA:7412,0
DA:7416,0
DA:7417,0
DA:7419,0
DA:7420,0
DA:7421,0
DA:7426,0
DA:7428,0
DA:7429,0
DA:7430,0
DA:7433,0
DA:7566,0
DA:7567,0
DA:7569,0
DA:7571,0
LF:3232
LH:0
BRDA:81,0,0,0
BRDA:81,0,1,0
BRDA:297,1,0,0
BRDA:297,1,1,0
BRDA:314,2,0,0
BRDA:314,2,1,0
BRDA:314,2,2,0
BRDA:314,2,3,0
BRDA:314,2,4,0
BRDA:314,2,5,0
BRDA:320,3,0,0
BRDA:320,3,1,0
BRDA:325,4,0,0
BRDA:325,4,1,0
BRDA:334,5,0,0
BRDA:334,5,1,0
BRDA:334,6,0,0
BRDA:334,6,1,0
BRDA:334,6,2,0
BRDA:334,6,3,0
BRDA:372,7,0,0
BRDA:372,7,1,0
BRDA:374,8,0,0
BRDA:374,8,1,0
BRDA:393,9,0,0
BRDA:393,9,1,0
BRDA:394,10,0,0
BRDA:394,10,1,0
BRDA:394,11,0,0
BRDA:394,11,1,0
BRDA:395,12,0,0
BRDA:395,12,1,0
BRDA:405,13,0,0
BRDA:405,13,1,0
BRDA:416,14,0,0
BRDA:416,14,1,0
BRDA:424,15,0,0
BRDA:424,15,1,0
BRDA:426,16,0,0
BRDA:426,16,1,0
BRDA:432,17,0,0
BRDA:432,17,1,0
BRDA:440,18,0,0
BRDA:440,18,1,0
BRDA:468,19,0,0
BRDA:468,19,1,0
BRDA:468,20,0,0
BRDA:468,20,1,0
BRDA:468,20,2,0
BRDA:475,21,0,0
BRDA:475,21,1,0
BRDA:479,22,0,0
BRDA:479,22,1,0
BRDA:496,23,0,0
BRDA:496,23,1,0
BRDA:498,24,0,0
BRDA:498,24,1,0
BRDA:502,25,0,0
BRDA:502,25,1,0
BRDA:502,26,0,0
BRDA:502,26,1,0
BRDA:504,27,0,0
BRDA:504,27,1,0
BRDA:505,28,0,0
BRDA:505,28,1,0
BRDA:507,29,0,0
BRDA:507,29,1,0
BRDA:509,30,0,0
BRDA:509,30,1,0
BRDA:514,31,0,0
BRDA:514,31,1,0
BRDA:1065,32,0,0
BRDA:1065,32,1,0
BRDA:1118,33,0,0
BRDA:1118,33,1,0
BRDA:1130,34,0,0
BRDA:1130,34,1,0
BRDA:1130,35,0,0
BRDA:1130,35,1,0
BRDA:1143,36,0,0
BRDA:1143,36,1,0
BRDA:1155,37,0,0
BRDA:1155,37,1,0
BRDA:1164,38,0,0
BRDA:1164,38,1,0
BRDA:1165,39,0,0
BRDA:1165,39,1,0
BRDA:1260,40,0,0
BRDA:1260,40,1,0
BRDA:1264,41,0,0
BRDA:1264,41,1,0
BRDA:1304,42,0,0
BRDA:1304,42,1,0
BRDA:1304,42,2,0
BRDA:1304,42,3,0
BRDA:1304,42,4,0
BRDA:1304,42,5,0
BRDA:1335,43,0,0
BRDA:1335,43,1,0
BRDA:1343,44,0,0
BRDA:1343,44,1,0
BRDA:1363,45,0,0
BRDA:1363,45,1,0
BRDA:1380,46,0,0
BRDA:1380,46,1,0
BRDA:1380,47,0,0
BRDA:1380,47,1,0
BRDA:1384,48,0,0
BRDA:1384,48,1,0
BRDA:1384,49,0,0
BRDA:1384,49,1,0
BRDA:1389,50,0,0
BRDA:1389,50,1,0
BRDA:1389,50,2,0
BRDA:1389,50,3,0
BRDA:1389,50,4,0
BRDA:1428,51,0,0
BRDA:1428,51,1,0
BRDA:1434,52,0,0
BRDA:1434,52,1,0
BRDA:1434,52,2,0
BRDA:1434,52,3,0
BRDA:1434,52,4,0
BRDA:1434,52,5,0
BRDA:1434,52,6,0
BRDA:1434,52,7,0
BRDA:1434,52,8,0
BRDA:1434,52,9,0
BRDA:1434,52,10,0
BRDA:1434,52,11,0
BRDA:1434,52,12,0
BRDA:1434,52,13,0
BRDA:1434,52,14,0
BRDA:1434,52,15,0
BRDA:1449,53,0,0
BRDA:1449,53,1,0
BRDA:1455,54,0,0
BRDA:1455,54,1,0
BRDA:1455,55,0,0
BRDA:1455,55,1,0
BRDA:1461,56,0,0
BRDA:1461,56,1,0
BRDA:1467,57,0,0
BRDA:1467,57,1,0
BRDA:1467,58,0,0
BRDA:1467,58,1,0
BRDA:1467,58,2,0
BRDA:1467,58,3,0
BRDA:1472,59,0,0
BRDA:1472,59,1,0
BRDA:1475,60,0,0
BRDA:1475,60,1,0
BRDA:1515,61,0,0
BRDA:1515,61,1,0
BRDA:1522,62,0,0
BRDA:1522,62,1,0
BRDA:1584,63,0,0
BRDA:1584,63,1,0
BRDA:1584,63,2,0
BRDA:1584,63,3,0
BRDA:1584,63,4,0
BRDA:1584,63,5,0
BRDA:1584,63,6,0
BRDA:1584,63,7,0
BRDA:1584,63,8,0
BRDA:1584,63,9,0
BRDA:1584,63,10,0
BRDA:1584,63,11,0
BRDA:1584,63,12,0
BRDA:1584,63,13,0
BRDA:1584,63,14,0
BRDA:1584,63,15,0
BRDA:1584,63,16,0
BRDA:1584,63,17,0
BRDA:1584,63,18,0
BRDA:1616,64,0,0
BRDA:1616,64,1,0
BRDA:1619,65,0,0
BRDA:1619,65,1,0
BRDA:1625,66,0,0
BRDA:1625,66,1,0
BRDA:1644,67,0,0
BRDA:1644,67,1,0
BRDA:1644,68,0,0
BRDA:1644,68,1,0
BRDA:1649,69,0,0
BRDA:1649,69,1,0
BRDA:1649,70,0,0
BRDA:1649,70,1,0
BRDA:1649,70,2,0
BRDA:1649,70,3,0
BRDA:1649,70,4,0
BRDA:1649,70,5,0
BRDA:1655,71,0,0
BRDA:1655,71,1,0
BRDA:1656,72,0,0
BRDA:1656,72,1,0
BRDA:1656,73,0,0
BRDA:1656,73,1,0
BRDA:1669,74,0,0
BRDA:1669,74,1,0
BRDA:1669,75,0,0
BRDA:1669,75,1,0
BRDA:1674,76,0,0
BRDA:1674,76,1,0
BRDA:1748,77,0,0
BRDA:1748,77,1,0
BRDA:1749,78,0,0
BRDA:1749,78,1,0
BRDA:1756,79,0,0
BRDA:1756,79,1,0
BRDA:1762,80,0,0
BRDA:1762,80,1,0
BRDA:1765,81,0,0
BRDA:1765,81,1,0
BRDA:1789,82,0,0
BRDA:1789,82,1,0
BRDA:1794,83,0,0
BRDA:1794,83,1,0
BRDA:1796,84,0,0
BRDA:1796,84,1,0
BRDA:1799,85,0,0
BRDA:1799,85,1,0
BRDA:1818,86,0,0
BRDA:1818,86,1,0
BRDA:1825,87,0,0
BRDA:1825,87,1,0
BRDA:1828,88,0,0
BRDA:1828,88,1,0
BRDA:1830,89,0,0
BRDA:1830,89,1,0
BRDA:1833,90,0,0
BRDA:1833,90,1,0
BRDA:1843,91,0,0
BRDA:1843,91,1,0
BRDA:1843,92,0,0
BRDA:1843,92,1,0
BRDA:1846,93,0,0
BRDA:1846,93,1,0
BRDA:1846,94,0,0
BRDA:1846,94,1,0
BRDA:1851,95,0,0
BRDA:1851,95,1,0
BRDA:1853,96,0,0
BRDA:1853,96,1,0
BRDA:1854,97,0,0
BRDA:1854,97,1,0
BRDA:1860,98,0,0
BRDA:1860,98,1,0
BRDA:1861,99,0,0
BRDA:1861,99,1,0
BRDA:1873,100,0,0
BRDA:1873,100,1,0
BRDA:1873,101,0,0
BRDA:1873,101,1,0
BRDA:1876,102,0,0
BRDA:1876,102,1,0
BRDA:1879,103,0,0
BRDA:1879,103,1,0
BRDA:1885,104,0,0
BRDA:1885,104,1,0
BRDA:1887,105,0,0
BRDA:1887,105,1,0
BRDA:1904,106,0,0
BRDA:1904,106,1,0
BRDA:1908,107,0,0
BRDA:1908,107,1,0
BRDA:1908,108,0,0
BRDA:1908,108,1,0
BRDA:1908,108,2,0
BRDA:1912,109,0,0
BRDA:1912,109,1,0
BRDA:1913,110,0,0
BRDA:1913,110,1,0
BRDA:1914,111,0,0
BRDA:1914,111,1,0
BRDA:1915,112,0,0
BRDA:1915,112,1,0
BRDA:1918,113,0,0
BRDA:1918,113,1,0
BRDA:1951,114,0,0
BRDA:1951,114,1,0
BRDA:1959,115,0,0
BRDA:1959,115,1,0
BRDA:1960,116,0,0
BRDA:1960,116,1,0
BRDA:1965,117,0,0
BRDA:1965,117,1,0
BRDA:1967,118,0,0
BRDA:1967,118,1,0
BRDA:1967,119,0,0
BRDA:1967,119,1,0
BRDA:1974,120,0,0
BRDA:1974,120,1,0
BRDA:1976,121,0,0
BRDA:1976,121,1,0
BRDA:1977,122,0,0
BRDA:1977,122,1,0
BRDA:1977,123,0,0
BRDA:1977,123,1,0
BRDA:1987,124,0,0
BRDA:1987,124,1,0
BRDA:1989,125,0,0
BRDA:1989,125,1,0
BRDA:2005,126,0,0
BRDA:2005,126,1,0
BRDA:2013,127,0,0
BRDA:2013,127,1,0
BRDA:2014,128,0,0
BRDA:2014,128,1,0
BRDA:2021,129,0,0
BRDA:2021,129,1,0
BRDA:2023,130,0,0
BRDA:2023,130,1,0
BRDA:2025,131,0,0
BRDA:2025,131,1,0
BRDA:2028,132,0,0
BRDA:2028,132,1,0
BRDA:2028,133,0,0
BRDA:2028,133,1,0
BRDA:2036,134,0,0
BRDA:2036,134,1,0
BRDA:2038,135,0,0
BRDA:2038,135,1,0
BRDA:2041,136,0,0
BRDA:2041,136,1,0
BRDA:2044,137,0,0
BRDA:2044,137,1,0
BRDA:2065,138,0,0
BRDA:2065,138,1,0
BRDA:2088,139,0,0
BRDA:2088,139,1,0
BRDA:2091,140,0,0
BRDA:2091,140,1,0
BRDA:2097,141,0,0
BRDA:2097,141,1,0
BRDA:2099,142,0,0
BRDA:2099,142,1,0
BRDA:2112,143,0,0
BRDA:2112,143,1,0
BRDA:2115,144,0,0
BRDA:2115,144,1,0
BRDA:2120,145,0,0
BRDA:2120,145,1,0
BRDA:2128,146,0,0
BRDA:2128,146,1,0
BRDA:2130,147,0,0
BRDA:2130,147,1,0
BRDA:2144,148,0,0
BRDA:2144,148,1,0
BRDA:2147,149,0,0
BRDA:2147,149,1,0
BRDA:2152,150,0,0
BRDA:2152,150,1,0
BRDA:2154,151,0,0
BRDA:2154,151,1,0
BRDA:2157,152,0,0
BRDA:2157,152,1,0
BRDA:2160,153,0,0
BRDA:2160,153,1,0
BRDA:2168,154,0,0
BRDA:2168,154,1,0
BRDA:2172,155,0,0
BRDA:2172,155,1,0
BRDA:2185,156,0,0
BRDA:2185,156,1,0
BRDA:2246,157,0,0
BRDA:2246,157,1,0
BRDA:2247,158,0,0
BRDA:2247,158,1,0
BRDA:2257,159,0,0
BRDA:2257,159,1,0
BRDA:2258,160,0,0
BRDA:2258,160,1,0
BRDA:2258,161,0,0
BRDA:2258,161,1,0
BRDA:2259,162,0,0
BRDA:2259,162,1,0
BRDA:2261,163,0,0
BRDA:2261,163,1,0
BRDA:2262,164,0,0
BRDA:2262,164,1,0
BRDA:2264,165,0,0
BRDA:2264,165,1,0
BRDA:2277,166,0,0
BRDA:2277,166,1,0
BRDA:2277,167,0,0
BRDA:2277,167,1,0
BRDA:2278,168,0,0
BRDA:2278,168,1,0
BRDA:2280,169,0,0
BRDA:2280,169,1,0
BRDA:2281,170,0,0
BRDA:2281,170,1,0
BRDA:2283,171,0,0
BRDA:2283,171,1,0
BRDA:2300,172,0,0
BRDA:2300,172,1,0
BRDA:2301,173,0,0
BRDA:2301,173,1,0
BRDA:2302,174,0,0
BRDA:2302,174,1,0
BRDA:2303,175,0,0
BRDA:2303,175,1,0
BRDA:2305,176,0,0
BRDA:2305,176,1,0
BRDA:2312,177,0,0
BRDA:2312,177,1,0
BRDA:2330,178,0,0
BRDA:2330,178,1,0
BRDA:2331,179,0,0
BRDA:2331,179,1,0
BRDA:2332,180,0,0
BRDA:2332,180,1,0
BRDA:2333,181,0,0
BRDA:2333,181,1,0
BRDA:2335,182,0,0
BRDA:2335,182,1,0
BRDA:2337,183,0,0
BRDA:2337,183,1,0
BRDA:2337,184,0,0
BRDA:2337,184,1,0
BRDA:2338,185,0,0
BRDA:2338,185,1,0
BRDA:2339,186,0,0
BRDA:2339,186,1,0
BRDA:2339,187,0,0
BRDA:2339,187,1,0
BRDA:2340,188,0,0
BRDA:2340,188,1,0
BRDA:2345,189,0,0
BRDA:2345,189,1,0
BRDA:2360,190,0,0
BRDA:2360,190,1,0
BRDA:2367,191,0,0
BRDA:2367,191,1,0
BRDA:2370,192,0,0
BRDA:2370,192,1,0
BRDA:2372,193,0,0
BRDA:2372,193,1,0
BRDA:2375,194,0,0
BRDA:2375,194,1,0
BRDA:2383,195,0,0
BRDA:2383,195,1,0
BRDA:2383,196,0,0
BRDA:2383,196,1,0
BRDA:2391,197,0,0
BRDA:2391,197,1,0
BRDA:2391,197,2,0
BRDA:2403,198,0,0
BRDA:2403,198,1,0
BRDA:2405,199,0,0
BRDA:2405,199,1,0
BRDA:2420,200,0,0
BRDA:2420,200,1,0
BRDA:2421,201,0,0
BRDA:2421,201,1,0
BRDA:2422,202,0,0
BRDA:2422,202,1,0
BRDA:2422,203,0,0
BRDA:2422,203,1,0
BRDA:2423,204,0,0
BRDA:2423,204,1,0
BRDA:2427,205,0,0
BRDA:2427,205,1,0
BRDA:2428,206,0,0
BRDA:2428,206,1,0
BRDA:2436,207,0,0
BRDA:2436,207,1,0
BRDA:2471,208,0,0
BRDA:2471,208,1,0
BRDA:2473,209,0,0
BRDA:2473,209,1,0
BRDA:2473,209,2,0
BRDA:2473,209,3,0
BRDA:2473,209,4,0
BRDA:2475,210,0,0
BRDA:2475,210,1,0
BRDA:2475,211,0,0
BRDA:2475,211,1,0
BRDA:2478,212,0,0
BRDA:2478,212,1,0
BRDA:2479,213,0,0
BRDA:2479,213,1,0
BRDA:2479,214,0,0
BRDA:2479,214,1,0
BRDA:2480,215,0,0
BRDA:2480,215,1,0
BRDA:2480,216,0,0
BRDA:2480,216,1,0
BRDA:2480,216,2,0
BRDA:2484,217,0,0
BRDA:2484,217,1,0
BRDA:2484,218,0,0
BRDA:2484,218,1,0
BRDA:2485,219,0,0
BRDA:2485,219,1,0
BRDA:2488,220,0,0
BRDA:2488,220,1,0
BRDA:2488,221,0,0
BRDA:2488,221,1,0
BRDA:2489,222,0,0
BRDA:2489,222,1,0
BRDA:2496,223,0,0
BRDA:2496,223,1,0
BRDA:2497,224,0,0
BRDA:2497,224,1,0
BRDA:2507,225,0,0
BRDA:2507,225,1,0
BRDA:2508,226,0,0
BRDA:2508,226,1,0
BRDA:2513,227,0,0
BRDA:2513,227,1,0
BRDA:2513,228,0,0
BRDA:2513,228,1,0
BRDA:2513,228,2,0
BRDA:2514,229,0,0
BRDA:2514,229,1,0
BRDA:2514,230,0,0
BRDA:2514,230,1,0
BRDA:2520,231,0,0
BRDA:2520,231,1,0
BRDA:2521,232,0,0
BRDA:2521,232,1,0
BRDA:2522,233,0,0
BRDA:2522,233,1,0
BRDA:2528,234,0,0
BRDA:2528,234,1,0
BRDA:2528,235,0,0
BRDA:2528,235,1,0
BRDA:2529,236,0,0
BRDA:2529,236,1,0
BRDA:2551,237,0,0
BRDA:2551,237,1,0
BRDA:2552,238,0,0
BRDA:2552,238,1,0
BRDA:2552,239,0,0
BRDA:2552,239,1,0
BRDA:2552,239,2,0
BRDA:2552,239,3,0
BRDA:2552,239,4,0
BRDA:2553,240,0,0
BRDA:2553,240,1,0
BRDA:2553,241,0,0
BRDA:2553,241,1,0
BRDA:2553,241,2,0
BRDA:2557,242,0,0
BRDA:2557,242,1,0
BRDA:2558,243,0,0
BRDA:2558,243,1,0
BRDA:2558,244,0,0
BRDA:2558,244,1,0
BRDA:2562,245,0,0
BRDA:2562,245,1,0
BRDA:2563,246,0,0
BRDA:2563,246,1,0
BRDA:2575,247,0,0
BRDA:2575,247,1,0
BRDA:2577,248,0,0
BRDA:2577,248,1,0
BRDA:2580,249,0,0
BRDA:2580,249,1,0
BRDA:2581,250,0,0
BRDA:2581,250,1,0
BRDA:2581,251,0,0
BRDA:2581,251,1,0
BRDA:2582,252,0,0
BRDA:2582,252,1,0
BRDA:2592,253,0,0
BRDA:2592,253,1,0
BRDA:2592,254,0,0
BRDA:2592,254,1,0
BRDA:2600,255,0,0
BRDA:2600,255,1,0
BRDA:2601,256,0,0
BRDA:2601,256,1,0
BRDA:2605,257,0,0
BRDA:2605,257,1,0
BRDA:2613,258,0,0
BRDA:2613,258,1,0
BRDA:2613,259,0,0
BRDA:2613,259,1,0
BRDA:2613,259,2,0
BRDA:2618,260,0,0
BRDA:2618,260,1,0
BRDA:2622,261,0,0
BRDA:2622,261,1,0
BRDA:2625,262,0,0
BRDA:2625,262,1,0
BRDA:2626,263,0,0
BRDA:2626,263,1,0
BRDA:2626,264,0,0
BRDA:2626,264,1,0
BRDA:2627,265,0,0
BRDA:2627,265,1,0
BRDA:2633,266,0,0
BRDA:2633,266,1,0
BRDA:2660,267,0,0
BRDA:2660,267,1,0
BRDA:2662,268,0,0
BRDA:2662,268,1,0
BRDA:2662,269,0,0
BRDA:2662,269,1,0
BRDA:2663,270,0,0
BRDA:2663,270,1,0
BRDA:2668,271,0,0
BRDA:2668,271,1,0
BRDA:2668,271,2,0
BRDA:2668,271,3,0
BRDA:2674,272,0,0
BRDA:2674,272,1,0
BRDA:2688,273,0,0
BRDA:2688,273,1,0
BRDA:2708,274,0,0
BRDA:2708,274,1,0
[...]
BRDA:50,0,1,0
BRDA:65,1,0,0
BRDA:65,1,1,0
BRDA:65,2,0,0
BRDA:65,2,1,0
BRDA:65,2,2,0
BRDA:73,3,0,0
BRDA:73,3,1,0
BRDA:73,3,2,0
BRDA:152,4,0,0
BRDA:152,4,1,0
BRDA:159,5,0,0
BRDA:159,5,1,0
BRDA:170,6,0,0
BRDA:170,6,1,0
BRDA:170,7,0,0
BRDA:170,7,1,0
BRDA:192,8,0,0
BRDA:192,8,1,0
BRDA:194,9,0,0
BRDA:194,9,1,0
BRDA:198,10,0,0
BRDA:198,10,1,0
BRDA:217,11,0,0
BRDA:217,11,1,0
BRDA:217,12,0,0
BRDA:217,12,1,0
BRDA:247,13,0,0
BRDA:247,13,1,0
BRDA:247,14,0,0
BRDA:247,14,1,0
BRDA:288,15,0,0
BRDA:288,15,1,0
BRDA:288,16,0,0
BRDA:288,16,1,0
BRDA:295,17,0,0
BRDA:295,17,1,0
BRDA:298,18,0,0
BRDA:298,18,1,0
BRDA:303,19,0,0
BRDA:303,19,1,0
BRDA:309,20,0,0
BRDA:309,20,1,0
BRDA:316,21,0,0
BRDA:316,21,1,0
BRDA:320,22,0,0
BRDA:320,22,1,0
BRDA:341,23,0,0
BRDA:341,23,1,0
BRDA:348,24,0,0
BRDA:348,24,1,0
BRDA:354,25,0,0
BRDA:354,25,1,0
BRDA:360,26,0,0
BRDA:360,26,1,0
BRDA:367,27,0,0
BRDA:367,27,1,0
BRDA:367,28,0,0
BRDA:367,28,1,0
BRDA:373,29,0,0
BRDA:373,29,1,0
BRDA:380,30,0,0
BRDA:380,30,1,0
BRDA:384,31,0,0
BRDA:384,31,1,0
BRDA:389,32,0,0
BRDA:389,32,1,0
BRDA:389,33,0,0
BRDA:389,33,1,0
BRDA:391,34,0,0
BRDA:391,34,1,0
BRDA:399,35,0,0
BRDA:399,35,1,0
BRDA:424,36,0,0
BRDA:424,36,1,0
BRDA:454,37,0,0
BRDA:454,37,1,0
BRDA:458,38,0,0
BRDA:458,38,1,0
BRDA:458,39,0,0
BRDA:458,39,1,0
BRDA:475,40,0,0
BRDA:475,40,1,0
BRDA:503,41,0,0
BRDA:503,41,1,0
BRDA:528,42,0,0
BRDA:528,42,1,0
BRF:88
BRH:0
end_of_record
TN:
SF:src/js/visualization/graph-manager.js
FN:32,GraphOnClick
FN:89,UpdateGraphRangeProposal
FN:103,GraphSetCells
FN:131,DoGraph
FN:192,GraphChanged
FN:204,MinMaxChanged
FN:231,GraphSave
FN:249,GraphLoad
FN:293,GraphVerticalBar
FN:375,(anonymous_9)
FN:376,(anonymous_10)
FN:446,GraphHorizontalBar
FN:529,(anonymous_12)
FN:530,(anonymous_13)
FN:600,MakePieChart
FN:662,(anonymous_15)
FN:737,MakeLineChart
FN:877,(anonymous_17)
FN:878,(anonymous_18)
FN:1012,MakeScatterChart
FN:1166,(anonymous_20)
FN:1167,(anonymous_21)
FNF:22
FNH:0
FNDA:0,GraphOnClick
FNDA:0,UpdateGraphRangeProposal
FNDA:0,GraphSetCells
FNDA:0,DoGraph
FNDA:0,GraphChanged
FNDA:0,MinMaxChanged
FNDA:0,GraphSave
FNDA:0,GraphLoad
FNDA:0,GraphVerticalBar
FNDA:0,(anonymous_9)
FNDA:0,(anonymous_10)
FNDA:0,GraphHorizontalBar
FNDA:0,(anonymous_12)
FNDA:0,(anonymous_13)
FNDA:0,MakePieChart
FNDA:0,(anonymous_15)
FNDA:0,MakeLineChart
FNDA:0,(anonymous_17)
FNDA:0,(anonymous_18)
FNDA:0,MakeScatterChart
FNDA:0,(anonymous_20)
FNDA:0,(anonymous_21)
DA:16,0
DA:33,0
DA:34,0
DA:36,0
DA:39,0
DA:40,0
DA:42,0
DA:45,0
DA:46,0
DA:48,0
DA:49,0
DA:50,0
DA:52,0
DA:53,0
DA:57,0
DA:58,0
DA:61,0
DA:64,0
DA:65,0
DA:67,0
DA:68,0
DA:69,0
DA:71,0
DA:72,0
DA:76,0
DA:77,0
DA:78,0
DA:81,0
DA:90,0
DA:92,0
DA:93,0
DA:95,0
DA:104,0
DA:105,0
DA:107,0
DA:109,0
DA:110,0
DA:111,0
DA:113,0
DA:116,0
DA:119,0
DA:120,0
DA:122,0
DA:132,0
DA:133,0
DA:134,0
DA:135,0
DA:136,0
DA:138,0
DA:139,0
DA:140,0
DA:142,0
DA:144,0
DA:147,0
DA:150,0
DA:151,0
DA:153,0
DA:154,0
DA:155,0
DA:158,0
DA:159,0
DA:162,0
DA:163,0
DA:166,0
DA:167,0
DA:168,0
DA:170,0
DA:171,0
DA:174,0
DA:175,0
DA:176,0
DA:178,0
DA:179,0
DA:182,0
DA:183,0
DA:193,0
DA:194,0
DA:195,0
DA:205,0
DA:207,0
DA:209,0
DA:210,0
DA:212,0
DA:213,0
DA:215,0
DA:216,0
DA:218,0
DA:219,0
DA:222,0
DA:232,0
DA:233,0
DA:235,0
DA:236,0
DA:238,0
DA:250,0
DA:251,0
DA:253,0
DA:254,0
DA:256,0
DA:257,0
DA:259,0
DA:260,0
DA:262,0
DA:263,0
DA:264,0
DA:265,0
DA:266,0
DA:267,0
DA:268,0
DA:269,0
DA:270,0
DA:271,0
DA:275,0
DA:294,0
DA:295,0
DA:297,0
DA:298,0
DA:306,0
DA:307,0
DA:311,0
DA:312,0
DA:314,0
DA:315,0
DA:317,0
DA:318,0
DA:321,0
DA:322,0
DA:326,0
DA:330,0
DA:332,0
DA:333,0
DA:335,0
DA:336,0
DA:338,0
DA:340,0
DA:342,0
DA:344,0
DA:346,0
DA:352,0
DA:353,0
DA:355,0
DA:356,0
DA:358,0
DA:359,0
DA:361,0
DA:362,0
DA:365,0
DA:367,0
DA:368,0
DA:369,0
DA:375,0
DA:376,0
DA:379,0
DA:380,0
DA:381,0
DA:383,0
DA:384,0
DA:387,0
DA:388,0
DA:389,0
DA:390,0
DA:392,0
DA:395,0
DA:396,0
DA:397,0
DA:398,0
DA:400,0
DA:401,0
DA:402,0
DA:406,0
DA:407,0
DA:409,0
DA:410,0
DA:412,0
DA:415,0
DA:417,0
DA:418,0
DA:419,0
DA:420,0
DA:421,0
DA:423,0
DA:425,0
DA:429,0
DA:430,0
DA:431,0
DA:433,0
DA:447,0
DA:448,0
DA:450,0
DA:451,0
DA:460,0
DA:461,0
DA:465,0
DA:466,0
DA:468,0
DA:469,0
DA:471,0
DA:472,0
DA:475,0
DA:476,0
DA:480,0
DA:484,0
DA:486,0
DA:487,0
DA:489,0
DA:490,0
DA:492,0
DA:494,0
DA:496,0
DA:498,0
DA:500,0
DA:506,0
DA:507,0
DA:509,0
DA:510,0
DA:512,0
DA:513,0
DA:515,0
DA:516,0
DA:519,0
DA:521,0
DA:522,0
DA:523,0
DA:529,0
DA:530,0
DA:533,0
DA:534,0
DA:535,0
DA:537,0
DA:538,0
DA:539,0
DA:542,0
DA:543,0
DA:544,0
DA:545,0
DA:547,0
DA:550,0
DA:551,0
DA:552,0
DA:553,0
DA:555,0
DA:556,0
DA:557,0
DA:561,0
DA:562,0
DA:564,0
DA:565,0
DA:567,0
DA:570,0
DA:572,0
DA:573,0
DA:574,0
DA:575,0
DA:576,0
DA:578,0
DA:580,0
DA:584,0
DA:585,0
DA:586,0
DA:588,0
DA:601,0
DA:602,0
DA:603,0
DA:606,0
DA:607,0
DA:610,0
DA:611,0
DA:615,0
DA:619,0
DA:621,0
DA:622,0
DA:623,0
DA:624,0
DA:626,0
DA:628,0
DA:630,0
DA:632,0
DA:637,0
DA:638,0
DA:640,0
DA:641,0
DA:643,0
DA:644,0
DA:647,0
DA:649,0
DA:650,0
DA:651,0
DA:652,0
DA:653,0
DA:656,0
DA:662,0
DA:663,0
DA:667,0
DA:669,0
DA:670,0
DA:673,0
DA:674,0
DA:677,0
DA:678,0
DA:681,0
DA:682,0
DA:683,0
DA:686,0
DA:687,0
DA:690,0
DA:691,0
DA:692,0
DA:695,0
DA:701,0
DA:704,0
DA:709,0
DA:710,0
DA:711,0
DA:714,0
DA:718,0
DA:719,0
DA:722,0
DA:723,0
DA:724,0
DA:738,0
DA:739,0
DA:740,0
DA:743,0
DA:744,0
DA:747,0
DA:748,0
DA:751,0
DA:753,0
DA:754,0
DA:755,0
DA:757,0
DA:760,0
DA:761,0
DA:763,0
DA:766,0
DA:767,0
DA:769,0
DA:772,0
DA:773,0
DA:775,0
DA:779,0
DA:782,0
DA:783,0
DA:787,0
DA:791,0
DA:793,0
DA:794,0
DA:797,0
DA:798,0
DA:800,0
DA:801,0
DA:804,0
DA:806,0
DA:808,0
DA:811,0
DA:814,0
DA:815,0
DA:817,0
DA:818,0
DA:821,0
DA:822,0
DA:828,0
DA:829,0
DA:830,0
DA:833,0
DA:834,0
DA:835,0
DA:839,0
DA:840,0
DA:843,0
DA:844,0
DA:845,0
DA:846,0
DA:847,0
DA:848,0
DA:849,0
DA:850,0
DA:851,0
DA:856,0
DA:857,0
DA:860,0
DA:861,0
DA:863,0
DA:864,0
DA:866,0
DA:871,0
DA:877,0
DA:878,0
DA:881,0
DA:882,0
DA:884,0
DA:885,0
DA:886,0
DA:887,0
DA:890,0
DA:892,0
DA:894,0
DA:895,0
DA:899,0
DA:902,0
DA:903,0
DA:904,0
DA:905,0
DA:906,0
DA:910,0
DA:911,0
DA:914,0
DA:916,0
DA:918,0
DA:919,0
DA:921,0
DA:922,0
DA:923,0
DA:926,0
DA:927,0
DA:931,0
DA:933,0
DA:934,0
DA:937,0
DA:938,0
DA:939,0
DA:943,0
DA:946,0
DA:948,0
DA:949,0
DA:951,0
DA:953,0
DA:954,0
DA:956,0
DA:959,0
DA:963,0
DA:966,0
DA:967,0
DA:968,0
DA:969,0
DA:970,0
DA:971,0
DA:973,0
DA:974,0
DA:978,0
DA:979,0
DA:980,0
DA:981,0
DA:982,0
DA:983,0
DA:985,0
DA:986,0
DA:990,0
DA:993,0
DA:994,0
DA:995,0
DA:996,0
DA:998,0
DA:999,0
DA:1013,0
DA:1014,0
DA:1015,0
DA:1018,0
DA:1021,0
DA:1022,0
DA:1025,0
DA:1027,0
DA:1028,0
DA:1029,0
DA:1031,0
DA:1034,0
DA:1035,0
DA:1037,0
DA:1040,0
DA:1041,0
DA:1043,0
DA:1046,0
DA:1047,0
DA:1049,0
DA:1053,0
DA:1054,0
DA:1057,0
DA:1058,0
DA:1062,0
DA:1066,0
DA:1070,0
DA:1072,0
DA:1073,0
DA:1076,0
DA:1077,0
DA:1079,0
DA:1080,0
DA:1083,0
DA:1085,0
DA:1087,0
DA:1090,0
DA:1093,0
DA:1094,0
DA:1096,0
DA:1097,0
DA:1100,0
DA:1101,0
DA:1105,0
DA:1107,0
DA:1109,0
DA:1111,0
DA:1117,0
DA:1118,0
DA:1119,0
DA:1122,0
DA:1123,0
DA:1124,0
DA:1128,0
DA:1129,0
DA:1130,0
DA:1133,0
DA:1134,0
DA:1135,0
DA:1136,0
DA:1137,0
DA:1138,0
DA:1139,0
DA:1140,0
DA:1141,0
DA:1144,0
DA:1145,0
DA:1148,0
DA:1149,0
DA:1151,0
DA:1152,0
DA:1154,0
DA:1160,0
DA:1166,0
DA:1167,0
DA:1170,0
DA:1171,0
DA:1172,0
DA:1173,0
DA:1174,0
DA:1177,0
DA:1179,0
DA:1180,0
DA:1181,0
DA:1183,0
DA:1184,0
DA:1185,0
DA:1188,0
DA:1189,0
DA:1190,0
DA:1194,0
DA:1197,0
DA:1198,0
DA:1199,0
DA:1200,0
DA:1201,0
DA:1202,0
DA:1204,0
DA:1205,0
DA:1209,0
DA:1210,0
DA:1211,0
DA:1212,0
DA:1213,0
DA:1214,0
DA:1216,0
DA:1217,0
DA:1221,0
DA:1224,0
DA:1225,0
DA:1226,0
DA:1227,0
DA:1229,0
DA:1230,0
LF:568
LH:0
BRDA:52,0,0,0
BRDA:52,0,1,0
BRDA:57,1,0,0
BRDA:57,1,1,0
BRDA:71,2,0,0
BRDA:71,2,1,0
BRDA:76,3,0,0
BRDA:76,3,1,0
BRDA:92,4,0,0
BRDA:92,4,1,0
BRDA:109,5,0,0
BRDA:109,5,1,0
BRDA:110,6,0,0
BRDA:110,6,1,0
BRDA:138,7,0,0
BRDA:138,7,1,0
BRDA:139,8,0,0
BRDA:139,8,1,0
BRDA:139,9,0,0
BRDA:139,9,1,0
BRDA:150,10,0,0
BRDA:150,10,1,0
BRDA:150,11,0,0
BRDA:150,11,1,0
BRDA:151,12,0,0
BRDA:151,12,1,0
BRDA:153,13,0,0
BRDA:153,13,1,0
BRDA:166,14,0,0
BRDA:166,14,1,0
BRDA:174,15,0,0
BRDA:174,15,1,0
BRDA:182,16,0,0
BRDA:182,16,1,0
BRDA:207,17,0,0
BRDA:207,17,1,0
BRDA:207,17,2,0
BRDA:207,17,3,0
BRDA:233,18,0,0
BRDA:233,18,1,0
BRDA:254,19,0,0
BRDA:254,19,1,0
BRDA:254,19,2,0
BRDA:297,20,0,0
BRDA:297,20,1,0
BRDA:297,21,0,0
BRDA:297,21,1,0
BRDA:312,22,0,0
BRDA:312,22,1,0
BRDA:322,23,0,0
BRDA:322,23,1,0
BRDA:326,24,0,0
BRDA:326,24,1,0
BRDA:327,25,0,0
BRDA:327,25,1,0
BRDA:328,26,0,0
BRDA:328,26,1,0
BRDA:332,27,0,0
BRDA:332,27,1,0
BRDA:335,28,0,0
BRDA:335,28,1,0
BRDA:335,29,0,0
BRDA:335,29,1,0
BRDA:336,30,0,0
BRDA:336,30,1,0
BRDA:336,31,0,0
BRDA:336,31,1,0
BRDA:342,32,0,0
BRDA:342,32,1,0
BRDA:342,33,0,0
BRDA:342,33,1,0
BRDA:342,33,2,0
BRDA:342,33,3,0
BRDA:352,34,0,0
BRDA:352,34,1,0
BRDA:353,35,0,0
BRDA:353,35,1,0
BRDA:383,36,0,0
BRDA:383,36,1,0
BRDA:383,37,0,0
BRDA:383,37,1,0
BRDA:409,38,0,0
BRDA:409,38,1,0
BRDA:418,39,0,0
BRDA:418,39,1,0
BRDA:418,40,0,0
BRDA:418,40,1,0
BRDA:420,41,0,0
BRDA:420,41,1,0
BRDA:420,42,0,0
BRDA:420,42,1,0
BRDA:450,43,0,0
BRDA:450,43,1,0
BRDA:450,44,0,0
BRDA:450,44,1,0
BRDA:466,45,0,0
BRDA:466,45,1,0
BRDA:476,46,0,0
BRDA:476,46,1,0
BRDA:480,47,0,0
BRDA:480,47,1,0
BRDA:481,48,0,0
BRDA:481,48,1,0
BRDA:482,49,0,0
BRDA:482,49,1,0
BRDA:486,50,0,0
BRDA:486,50,1,0
BRDA:489,51,0,0
BRDA:489,51,1,0
BRDA:489,52,0,0
BRDA:489,52,1,0
BRDA:490,53,0,0
BRDA:490,53,1,0
BRDA:490,54,0,0
BRDA:490,54,1,0
BRDA:496,55,0,0
BRDA:496,55,1,0
BRDA:496,56,0,0
BRDA:496,56,1,0
BRDA:496,56,2,0
BRDA:496,56,3,0
BRDA:506,57,0,0
BRDA:506,57,1,0
BRDA:507,58,0,0
BRDA:507,58,1,0
BRDA:537,59,0,0
BRDA:537,59,1,0
BRDA:537,60,0,0
BRDA:537,60,1,0
BRDA:564,61,0,0
BRDA:564,61,1,0
BRDA:573,62,0,0
BRDA:573,62,1,0
BRDA:573,63,0,0
BRDA:573,63,1,0
BRDA:575,64,0,0
BRDA:575,64,1,0
BRDA:575,65,0,0
BRDA:575,65,1,0
BRDA:607,66,0,0
BRDA:607,66,1,0
BRDA:611,67,0,0
BRDA:611,67,1,0
BRDA:615,68,0,0
BRDA:615,68,1,0
BRDA:616,69,0,0
BRDA:616,69,1,0
BRDA:617,70,0,0
BRDA:617,70,1,0
BRDA:621,71,0,0
BRDA:621,71,1,0
BRDA:628,72,0,0
BRDA:628,72,1,0
BRDA:628,73,0,0
BRDA:628,73,1,0
BRDA:628,73,2,0
BRDA:628,73,3,0
BRDA:691,74,0,0
BRDA:691,74,1,0
BRDA:691,75,0,0
BRDA:691,75,1,0
BRDA:748,76,0,0
BRDA:748,76,1,0
BRDA:753,77,0,0
BRDA:753,77,1,0
BRDA:783,78,0,0
BRDA:783,78,1,0
BRDA:787,79,0,0
BRDA:787,79,1,0
BRDA:788,80,0,0
BRDA:788,80,1,0
BRDA:789,81,0,0
BRDA:789,81,1,0
BRDA:793,82,0,0
BRDA:793,82,1,0
BRDA:797,83,0,0
BRDA:797,83,1,0
BRDA:797,84,0,0
BRDA:797,84,1,0
BRDA:797,84,2,0
BRDA:800,85,0,0
BRDA:800,85,1,0
BRDA:800,86,0,0
BRDA:800,86,1,0
BRDA:800,86,2,0
BRDA:808,87,0,0
BRDA:808,87,1,0
BRDA:808,88,0,0
BRDA:808,88,1,0
BRDA:808,88,2,0
BRDA:808,88,3,0
BRDA:814,89,0,0
BRDA:814,89,1,0
BRDA:814,90,0,0
BRDA:814,90,1,0
BRDA:814,90,2,0
BRDA:817,91,0,0
BRDA:817,91,1,0
BRDA:817,92,0,0
BRDA:817,92,1,0
BRDA:817,92,2,0
BRDA:828,93,0,0
BRDA:828,93,1,0
BRDA:833,94,0,0
BRDA:833,94,1,0
BRDA:843,95,0,0
BRDA:843,95,1,0
BRDA:892,96,0,0
BRDA:892,96,1,0
BRDA:916,97,0,0
BRDA:916,97,1,0
BRDA:919,98,0,0
BRDA:919,98,1,0
BRDA:931,99,0,0
BRDA:931,99,1,0
BRDA:951,100,0,0
BRDA:951,100,1,0
BRDA:954,101,0,0
BRDA:954,101,1,0
BRDA:966,102,0,0
BRDA:966,102,1,0
BRDA:966,103,0,0
BRDA:966,103,1,0
BRDA:978,104,0,0
BRDA:978,104,1,0
BRDA:978,105,0,0
BRDA:978,105,1,0
BRDA:1022,106,0,0
BRDA:1022,106,1,0
BRDA:1027,107,0,0
BRDA:1027,107,1,0
BRDA:1058,108,0,0
BRDA:1058,108,1,0
BRDA:1062,109,0,0
BRDA:1062,109,1,0
BRDA:1063,110,0,0
BRDA:1063,110,1,0
BRDA:1064,111,0,0
BRDA:1064,111,1,0
BRDA:1066,112,0,0
BRDA:1066,112,1,0
BRDA:1067,113,0,0
BRDA:1067,113,1,0
BRDA:1068,114,0,0
BRDA:1068,114,1,0
BRDA:1072,115,0,0
BRDA:1072,115,1,0
BRDA:1076,116,0,0
BRDA:1076,116,1,0
BRDA:1076,117,0,0
BRDA:1076,117,1,0
BRDA:1076,117,2,0
BRDA:1079,118,0,0
BRDA:1079,118,1,0
BRDA:1079,119,0,0
BRDA:1079,119,1,0
BRDA:1079,119,2,0
BRDA:1087,120,0,0
BRDA:1087,120,1,0
BRDA:1087,121,0,0
BRDA:1087,121,1,0
BRDA:1087,121,2,0
BRDA:1087,121,3,0
BRDA:1093,122,0,0
BRDA:1093,122,1,0
BRDA:1093,123,0,0
BRDA:1093,123,1,0
BRDA:1093,123,2,0
BRDA:1096,124,0,0
BRDA:1096,124,1,0
BRDA:1096,125,0,0
BRDA:1096,125,1,0
BRDA:1096,125,2,0
BRDA:1107,126,0,0
BRDA:1107,126,1,0
BRDA:1107,127,0,0
BRDA:1107,127,1,0
BRDA:1107,127,2,0
BRDA:1107,127,3,0
BRDA:1117,128,0,0
BRDA:1117,128,1,0
BRDA:1122,129,0,0
BRDA:1122,129,1,0
BRDA:1133,130,0,0
BRDA:1133,130,1,0
BRDA:1197,131,0,0
BRDA:1197,131,1,0
BRDA:1197,132,0,0
BRDA:1197,132,1,0
BRDA:1209,133,0,0
BRDA:1209,133,1,0
BRDA:1209,134,0,0
BRDA:1209,134,1,0
BRF:293
BRH:0
end_of_record
TN:
SF:src/js/visualization/image-handler.js
FN:8,(anonymous_0)
FN:25,(anonymous_1)
FN:57,(anonymous_2)
FN:73,(anonymous_3)
FN:82,(anonymous_4)
FN:98,(anonymous_5)
FN:133,(anonymous_6)
FN:153,(anonymous_7)
FN:154,(anonymous_8)
FN:175,(anonymous_9)
FN:187,(anonymous_10)
FN:221,(anonymous_11)
FN:281,(anonymous_12)
FN:302,(anonymous_13)
FN:318,(anonymous_14)
FNF:15
FNH:13
FNDA:0,(anonymous_0)
FNDA:28,(anonymous_1)
FNDA:10,(anonymous_2)
FNDA:1,(anonymous_3)
FNDA:2,(anonymous_4)
FNDA:3,(anonymous_5)
FNDA:5,(anonymous_6)
FNDA:3,(anonymous_7)
FNDA:2,(anonymous_8)
FNDA:0,(anonymous_9)
FNDA:4,(anonymous_10)
FNDA:5,(anonymous_11)
FNDA:3,(anonymous_12)
FNDA:15,(anonymous_13)
FNDA:2,(anonymous_14)
DA:8,1
DA:9,0
DA:10,0
DA:13,1
DA:14,0
DA:25,1
DA:26,28
DA:27,28
DA:29,28
DA:30,28
DA:31,62
DA:32,62
DA:33,34
DA:34,34
DA:37,28
DA:40,28
DA:41,28
DA:42,28
DA:43,28
DA:44,28
DA:45,28
DA:46,28
DA:57,1
DA:58,10
DA:59,10
DA:60,10
DA:61,10
DA:62,10
DA:63,10
DA:64,10
DA:65,10
DA:73,1
DA:74,1
DA:75,1
DA:82,1
DA:83,2
DA:84,2
DA:86,2
DA:87,1
DA:89,2
DA:90,1
DA:98,1
DA:99,3
DA:100,3
DA:101,3
DA:102,3
DA:103,3
DA:104,3
DA:107,3
DA:108,3
DA:111,3
DA:112,2
DA:116,3
DA:117,2
DA:118,2
DA:119,1
DA:124,3
DA:125,3
DA:133,1
DA:134,5
DA:136,5
DA:137,1
DA:138,1
DA:141,4
DA:142,4
DA:145,4
DA:146,1
DA:147,1
DA:150,3
DA:153,3
DA:154,3
DA:155,2
DA:156,2
DA:158,2
DA:159,1
DA:160,1
DA:164,1
DA:165,1
DA:166,1
DA:169,1
DA:170,1
DA:175,3
DA:176,0
DA:179,3
DA:187,1
DA:188,4
DA:189,4
DA:190,4
DA:192,4
DA:193,1
DA:194,1
DA:197,3
DA:199,3
DA:200,1
DA:201,1
DA:205,2
DA:206,2
DA:208,1
DA:209,1
DA:212,1
DA:213,1
DA:214,1
DA:221,1
DA:222,5
DA:223,5
DA:224,5
DA:225,5
DA:227,5
DA:228,1
DA:229,1
DA:232,4
DA:233,1
DA:234,1
DA:237,3
DA:238,3
DA:239,3
DA:241,3
DA:242,1
DA:243,1
DA:246,2
DA:247,2
DA:248,2
DA:250,2
DA:251,2
DA:252,2
DA:254,2
DA:255,2
DA:257,2
DA:258,2
DA:266,2
DA:269,0
DA:281,1
DA:283,3
DA:284,3
DA:287,3
DA:288,3
DA:289,3
DA:291,3
DA:292,3
DA:293,3
DA:297,3
DA:302,3
DA:303,15
DA:304,15
DA:305,15
DA:306,3
DA:308,12
DA:318,1
DA:319,2
DA:320,2
DA:321,1
LF:151
LH:146
BRDA:8,0,0,1
BRDA:8,0,1,0
BRDA:13,1,0,0
BRDA:13,1,1,1
BRDA:32,2,0,34
BRDA:32,2,1,28
BRDA:32,3,0,62
BRDA:32,3,1,34
BRDA:86,4,0,1
BRDA:86,4,1,1
BRDA:89,5,0,1
BRDA:89,5,1,1
BRDA:107,6,0,2
BRDA:107,6,1,1
BRDA:108,7,0,2
BRDA:108,7,1,1
BRDA:111,8,0,2
BRDA:111,8,1,1
BRDA:116,9,0,2
BRDA:116,9,1,1
BRDA:118,10,0,1
BRDA:118,10,1,1
BRDA:124,11,0,2
BRDA:124,11,1,1
BRDA:125,12,0,2
BRDA:125,12,1,1
BRDA:136,13,0,1
BRDA:136,13,1,4
BRDA:136,14,0,5
BRDA:136,14,1,5
BRDA:145,15,0,1
BRDA:145,15,1,3
BRDA:158,16,0,1
BRDA:158,16,1,1
BRDA:158,17,0,2
BRDA:158,17,1,1
BRDA:170,18,0,1
BRDA:170,18,1,0
BRDA:192,19,0,1
BRDA:192,19,1,3
BRDA:192,20,0,4
BRDA:192,20,1,3
BRDA:192,20,2,3
BRDA:199,21,0,1
BRDA:199,21,1,2
BRDA:227,22,0,1
BRDA:227,22,1,4
BRDA:227,23,0,5
BRDA:227,23,1,4
BRDA:227,23,2,4
BRDA:227,23,3,4
BRDA:232,24,0,1
BRDA:232,24,1,3
BRDA:237,25,0,2
BRDA:237,25,1,1
BRDA:241,26,0,1
BRDA:241,26,1,2
BRDA:283,27,0,3
BRDA:283,27,1,0
BRDA:284,28,0,3
BRDA:284,28,1,0
BRDA:287,29,0,3
BRDA:287,29,1,0
BRDA:291,30,0,3
BRDA:291,30,1,0
BRDA:304,31,0,15
BRDA:304,31,1,0
BRDA:305,32,0,3
BRDA:305,32,1,12
BRDA:320,33,0,1
BRDA:320,33,1,1
BRF:71
BRH:63
end_of_record
TN:
SF:src/js/workbook/workbook.js
FN:26,(anonymous_0)
FN:38,(anonymous_1)
FN:49,(anonymous_2)
FN:61,(anonymous_3)
FN:71,(anonymous_4)
FN:81,(anonymous_5)
FN:90,(anonymous_6)
FN:101,(anonymous_7)
FN:112,(anonymous_8)
FN:121,(anonymous_9)
FN:131,(anonymous_10)
FN:139,(anonymous_11)
FN:148,(anonymous_12)
FN:158,(anonymous_13)
FN:168,(anonymous_14)
FN:179,(anonymous_15)
FN:194,(anonymous_16)
FN:212,(anonymous_17)
FN:253,(anonymous_18)
FN:300,(anonymous_19)
FN:395,(anonymous_20)
FN:469,(anonymous_21)
FN:495,(anonymous_22)
FN:517,(anonymous_23)
FN:543,(anonymous_24)
FN:554,(anonymous_25)
FN:597,(anonymous_26)
FN:636,(anonymous_27)
FN:657,(anonymous_28)
FN:673,(anonymous_29)
FNF:30
FNH:0
FNDA:0,(anonymous_0)
FNDA:0,(anonymous_1)
FNDA:0,(anonymous_2)
FNDA:0,(anonymous_3)
FNDA:0,(anonymous_4)
FNDA:0,(anonymous_5)
FNDA:0,(anonymous_6)
FNDA:0,(anonymous_7)
FNDA:0,(anonymous_8)
FNDA:0,(anonymous_9)
FNDA:0,(anonymous_10)
FNDA:0,(anonymous_11)
FNDA:0,(anonymous_12)
FNDA:0,(anonymous_13)
FNDA:0,(anonymous_14)
FNDA:0,(anonymous_15)
FNDA:0,(anonymous_16)
FNDA:0,(anonymous_17)
FNDA:0,(anonymous_18)
FNDA:0,(anonymous_19)
FNDA:0,(anonymous_20)
FNDA:0,(anonymous_21)
FNDA:0,(anonymous_22)
FNDA:0,(anonymous_23)
FNDA:0,(anonymous_24)
FNDA:0,(anonymous_25)
FNDA:0,(anonymous_26)
FNDA:0,(anonymous_27)
FNDA:0,(anonymous_28)
FNDA:0,(anonymous_29)
DA:10,0
DA:11,0
DA:12,0
DA:21,0
DA:27,0
DA:28,0
DA:29,0
DA:30,0
DA:39,0
DA:50,0
DA:62,0
DA:72,0
DA:82,0
DA:91,0
DA:102,0
DA:113,0
DA:122,0
DA:132,0
DA:140,0
DA:149,0
DA:159,0
DA:169,0
DA:179,0
DA:183,0
DA:184,0
DA:194,0
DA:198,0
DA:199,0
DA:212,0
DA:214,0
DA:216,0
DA:217,0
DA:221,0
DA:223,0
DA:224,0
DA:226,0
DA:227,0
DA:228,0
DA:231,0
DA:232,0
DA:233,0
DA:234,0
DA:236,0
DA:237,0
DA:238,0
DA:240,0
DA:241,0
DA:242,0
DA:253,0
DA:257,0
DA:259,0
DA:261,0
DA:266,0
DA:267,0
DA:269,0
DA:270,0
DA:273,0
DA:274,0
DA:275,0
DA:277,0
DA:278,0
DA:281,0
DA:282,0
DA:287,0
DA:288,0
DA:300,0
DA:302,0
DA:306,0
DA:307,0
DA:308,0
DA:312,0
DA:313,0
DA:317,0
DA:320,0
DA:322,0
DA:323,0
DA:325,0
DA:326,0
DA:327,0
DA:329,0
DA:330,0
DA:331,0
DA:332,0
DA:334,0
DA:335,0
DA:336,0
DA:337,0
DA:341,0
DA:342,0
DA:343,0
DA:345,0
DA:346,0
DA:352,0
DA:355,0
DA:361,0
DA:363,0
DA:367,0
DA:369,0
DA:372,0
DA:373,0
DA:379,0
DA:380,0
DA:381,0
DA:383,0
DA:384,0
DA:395,0
DA:397,0
DA:401,0
DA:402,0
DA:404,0
DA:407,0
DA:408,0
DA:411,0
DA:413,0
DA:414,0
DA:416,0
DA:418,0
DA:419,0
DA:421,0
DA:423,0
DA:424,0
DA:426,0
DA:428,0
DA:429,0
DA:435,0
DA:436,0
DA:438,0
DA:439,0
DA:441,0
DA:442,0
DA:447,0
DA:448,0
DA:450,0
DA:451,0
DA:453,0
DA:454,0
DA:457,0
DA:469,0
DA:470,0
DA:473,0
DA:474,0
DA:477,0
DA:478,0
DA:479,0
DA:481,0
DA:483,0
DA:484,0
DA:495,0
DA:496,0
DA:497,0
DA:498,0
DA:501,0
DA:502,0
DA:503,0
DA:505,0
DA:506,0
DA:517,0
DA:518,0
DA:519,0
DA:520,0
DA:523,0
DA:524,0
DA:526,0
DA:527,0
DA:530,0
DA:531,0
DA:532,0
DA:534,0
DA:535,0
DA:543,0
DA:544,0
DA:554,0
DA:555,0
DA:557,0
DA:558,0
DA:559,0
DA:560,0
DA:561,0
DA:563,0
DA:564,0
DA:566,0
DA:568,0
DA:569,0
DA:572,0
DA:573,0
DA:574,0
DA:576,0
DA:579,0
DA:583,0
DA:585,0
DA:586,0
DA:597,0
DA:602,0
DA:603,0
DA:605,0
DA:606,0
DA:612,0
DA:614,0
DA:615,0
DA:617,0
DA:619,0
DA:620,0
DA:621,0
DA:622,0
DA:628,0
DA:636,0
DA:639,0
DA:641,0
DA:642,0
DA:643,0
DA:657,0
DA:660,0
DA:673,0
DA:674,0
DA:675,0
DA:676,0
DA:679,0
LF:217
LH:0
BRDA:10,0,0,0
BRDA:10,0,1,0
BRDA:183,1,0,0
BRDA:183,1,1,0
BRDA:198,2,0,0
BRDA:198,2,1,0
BRDA:269,3,0,0
BRDA:269,3,1,0
BRDA:277,4,0,0
BRDA:277,4,1,0
BRDA:306,5,0,0
BRDA:306,5,1,0
BRDA:334,6,0,0
BRDA:334,6,1,0
BRDA:345,7,0,0
BRDA:345,7,1,0
BRDA:363,8,0,0
BRDA:363,8,1,0
BRDA:367,9,0,0
BRDA:367,9,1,0
BRDA:404,10,0,0
BRDA:404,10,1,0
BRDA:413,11,0,0
BRDA:413,11,1,0
BRDA:418,12,0,0
BRDA:418,12,1,0
BRDA:423,13,0,0
BRDA:423,13,1,0
BRDA:438,14,0,0
BRDA:438,14,1,0
BRDA:438,15,0,0
BRDA:438,15,1,0
BRDA:441,16,0,0
BRDA:441,16,1,0
BRDA:447,17,0,0
BRDA:447,17,1,0
BRDA:447,18,0,0
BRDA:447,18,1,0
BRDA:450,19,0,0
BRDA:450,19,1,0
BRDA:473,20,0,0
BRDA:473,20,1,0
BRDA:497,21,0,0
BRDA:497,21,1,0
BRDA:519,22,0,0
BRDA:519,22,1,0
BRDA:526,23,0,0
BRDA:526,23,1,0
BRDA:560,24,0,0
BRDA:560,24,1,0
BRDA:572,25,0,0
BRDA:572,25,1,0
BRDA:572,26,0,0
BRDA:572,26,1,0
BRDA:572,26,2,0
BRDA:573,27,0,0
BRDA:573,27,1,0
BRDA:573,28,0,0
BRDA:573,28,1,0
BRDA:619,29,0,0
BRDA:619,29,1,0
BRDA:619,30,0,0
BRDA:619,30,1,0
BRDA:621,31,0,0
BRDA:621,31,1,0
BRDA:675,32,0,0
BRDA:675,32,1,0
BRF:67
BRH:0
end_of_record
